#
# There is insufficient memory for the Java Runtime Environment to continue.
# Native memory allocation (malloc) failed to allocate 1048576 bytes for AllocateHeap
# Possible reasons:
#   The system is out of physical RAM or swap space
#   The process is running with CompressedOops enabled, and the Java Heap may be blocking the growth of the native heap
# Possible solutions:
#   Reduce memory load on the system
#   Increase physical memory or swap space
#   Check if swap backing store is full
#   Decrease Java heap size (-Xmx/-Xms)
#   Decrease number of Java threads
#   Decrease Java thread stack sizes (-Xss)
#   Set larger code cache with -XX:ReservedCodeCacheSize=
#   JVM is running with Unscaled Compressed Oops mode in which the Java heap is
#     placed in the first 4GB address space. The Java Heap base address is the
#     maximum limit for the native heap growth. Please use -XX:HeapBaseMinAddress
#     to set the Java Heap base and to place the Java Heap above 4GB virtual address.
# This output file may be truncated or incomplete.
#
#  Out of Memory Error (./src/hotspot/share/memory/allocation.cpp:46), pid=3404, tid=10580
#
# JRE version: OpenJDK Runtime Environment (11.0.10) (build 11.0.10+0-b96-7249189)
# Java VM: OpenJDK 64-Bit Server VM (11.0.10+0-b96-7249189, mixed mode, tiered, compressed oops, g1 gc, windows-amd64)
# No core dump will be written. Minidumps are not enabled by default on client versions of Windows
#

---------------  S U M M A R Y ------------

Command Line: --add-opens=java.base/java.util=ALL-UNNAMED --add-opens=java.base/java.lang=ALL-UNNAMED --add-opens=java.base/java.lang.invoke=ALL-UNNAMED --add-opens=java.base/java.util=ALL-UNNAMED --add-opens=java.prefs/java.util.prefs=ALL-UNNAMED --add-opens=java.prefs/java.util.prefs=ALL-UNNAMED --add-opens=java.base/java.nio.charset=ALL-UNNAMED --add-opens=java.base/java.net=ALL-UNNAMED --add-opens=java.base/java.util.concurrent.atomic=ALL-UNNAMED -Xmx2048m -Dfile.encoding=UTF-8 -Duser.country=CO -Duser.language=es -Duser.variant org.gradle.launcher.daemon.bootstrap.GradleDaemon 7.0.2

Host: AMD 3020e with Radeon Graphics                 , 2 cores, 3G,  Windows 10 , 64 bit Build 19041 (10.0.19041.1202)
Time: Tue Oct 26 23:34:27 2021 Hora est. Pacífico, Sudamérica elapsed time: 263.986823 seconds (0d 0h 4m 23s)

---------------  T H R E A D  ---------------

Current thread (0x000001c1b9a28000):  VMThread "VM Thread" [stack: 0x0000005079700000,0x0000005079800000] [id=10580]

Stack: [0x0000005079700000,0x0000005079800000]
[error occurred during error reporting (printing stack bounds), id 0xc0000005, EXCEPTION_ACCESS_VIOLATION (0xc0000005) at pc=0x000001c1a2ea0f2d]

Native frames: (J=compiled Java code, j=interpreted, Vv=VM code, C=native code)
V  [jvm.dll+0x5ecfaa]
V  [jvm.dll+0x722bd5]
V  [jvm.dll+0x72412d]
V  [jvm.dll+0x724745]
V  [jvm.dll+0x7246fb]
V  [jvm.dll+0x5ec348]
V  [jvm.dll+0x5ecad8]
C  [ntdll.dll+0xa20cf]
C  [ntdll.dll+0x51454]
C  [ntdll.dll+0xa0bfe]
C  0x000001c1a2ea0f2d

VM_Operation (0x000000507bdf4bf0): CollectForMetadataAllocation, mode: safepoint, requested by thread 0x000001c1bbde9800


---------------  P R O C E S S  ---------------

Threads class SMR info:
_java_thread_list=0x000001c1c6506610, length=47, elements={
0x000001c19dbaa000, 0x000001c1b9a2c000, 0x000001c1b9a2f800, 0x000001c1b9a87800,
0x000001c1b9a89800, 0x000001c1b9a8b000, 0x000001c1b9a8e000, 0x000001c1b9c13000,
0x000001c1b9c18000, 0x000001c1b9d09000, 0x000001c1bbedf800, 0x000001c1bb1d1000,
0x000001c1bbc3c800, 0x000001c1bb2b2000, 0x000001c1bbcd8000, 0x000001c1b9f7c000,
0x000001c1b9f82000, 0x000001c1b9f7d000, 0x000001c1b9f7f800, 0x000001c1b9f80000,
0x000001c1b9f7e800, 0x000001c1b9f81000, 0x000001c1bbde4000, 0x000001c1bbde3000,
0x000001c1bbdea800, 0x000001c1bbde1800, 0x000001c1bbddd800, 0x000001c1bbde2000,
0x000001c1bbddf000, 0x000001c1bbde5800, 0x000001c1bbde0000, 0x000001c1bbdeb000,
0x000001c1bbdec000, 0x000001c1bbde6800, 0x000001c1bbde8000, 0x000001c1bbde9000,
0x000001c1bbde9800, 0x000001c1b9f7b800, 0x000001c1b9f7d800, 0x000001c1c19f3000,
0x000001c1c19f1800, 0x000001c1c19ed800, 0x000001c1c19f4000, 0x000001c1c19f1000,
0x000001c1c19ee800, 0x000001c1c19f5000, 0x000001c1c19ef000
}

Java Threads: ( => current thread )
  0x000001c19dbaa000 JavaThread "main" [_thread_blocked, id=18060, stack(0x0000005079100000,0x0000005079200000)]
  0x000001c1b9a2c000 JavaThread "Reference Handler" daemon [_thread_blocked, id=16400, stack(0x0000005079800000,0x0000005079900000)]
  0x000001c1b9a2f800 JavaThread "Finalizer" daemon [_thread_blocked, id=13328, stack(0x0000005079900000,0x0000005079a00000)]
  0x000001c1b9a87800 JavaThread "Signal Dispatcher" daemon [_thread_blocked, id=4320, stack(0x0000005079a00000,0x0000005079b00000)]
  0x000001c1b9a89800 JavaThread "Attach Listener" daemon [_thread_blocked, id=15344, stack(0x0000005079b00000,0x0000005079c00000)]
  0x000001c1b9a8b000 JavaThread "Service Thread" daemon [_thread_blocked, id=18304, stack(0x0000005079c00000,0x0000005079d00000)]
  0x000001c1b9a8e000 JavaThread "C2 CompilerThread0" daemon [_thread_blocked, id=8128, stack(0x0000005079d00000,0x0000005079e00000)]
  0x000001c1b9c13000 JavaThread "C1 CompilerThread0" daemon [_thread_blocked, id=13708, stack(0x0000005079e00000,0x0000005079f00000)]
  0x000001c1b9c18000 JavaThread "Sweeper thread" daemon [_thread_blocked, id=12840, stack(0x0000005079f00000,0x000000507a000000)]
  0x000001c1b9d09000 JavaThread "Common-Cleaner" daemon [_thread_blocked, id=6292, stack(0x000000507a000000,0x000000507a100000)]
  0x000001c1bbedf800 JavaThread "Daemon health stats" [_thread_blocked, id=14960, stack(0x000000507a300000,0x000000507a400000)]
  0x000001c1bb1d1000 JavaThread "Incoming local TCP Connector on port 51993" [_thread_in_native, id=17256, stack(0x000000507a400000,0x000000507a500000)]
  0x000001c1bbc3c800 JavaThread "Daemon periodic checks" [_thread_blocked, id=17080, stack(0x000000507a500000,0x000000507a600000)]
  0x000001c1bb2b2000 JavaThread "Daemon" [_thread_blocked, id=7824, stack(0x000000507a600000,0x000000507a700000)]
  0x000001c1bbcd8000 JavaThread "Daemon worker" [_thread_blocked, id=4272, stack(0x000000507a900000,0x000000507aa00000)]
  0x000001c1b9f7c000 JavaThread "Cache worker for file hash cache (C:\Users\camil\.gradle\caches\7.0.2\fileHashes)" [_thread_blocked, id=17084, stack(0x000000507ad00000,0x000000507ae00000)]
  0x000001c1b9f82000 JavaThread "File lock request listener" [_thread_in_native, id=18392, stack(0x000000507ae00000,0x000000507af00000)]
  0x000001c1b9f7d000 JavaThread "Cache worker for journal cache (C:\Users\camil\.gradle\caches\journal-1)" [_thread_blocked, id=9212, stack(0x000000507af00000,0x000000507b000000)]
  0x000001c1b9f7f800 JavaThread "File watcher server" daemon [_thread_blocked, id=7832, stack(0x000000507b100000,0x000000507b200000)]
  0x000001c1b9f80000 JavaThread "File watcher consumer" daemon [_thread_blocked, id=15552, stack(0x000000507b200000,0x000000507b300000)]
  0x000001c1b9f7e800 JavaThread "jar transforms" [_thread_blocked, id=10820, stack(0x000000507b300000,0x000000507b400000)]
  0x000001c1b9f81000 JavaThread "jar transforms Thread 2" [_thread_blocked, id=15764, stack(0x000000507b400000,0x000000507b500000)]
  0x000001c1bbde4000 JavaThread "Cache worker for execution history cache (C:\Users\camil\.gradle\caches\7.0.2\executionHistory)" [_thread_blocked, id=17776, stack(0x000000507b800000,0x000000507b900000)]
  0x000001c1bbde3000 JavaThread "Cache worker for file content cache (C:\Users\camil\.gradle\caches\7.0.2\fileContent)" [_thread_blocked, id=15928, stack(0x000000507b900000,0x000000507ba00000)]
  0x000001c1bbdea800 JavaThread "Memory manager" [_thread_blocked, id=6556, stack(0x0000005078f00000,0x0000005079000000)]
  0x000001c1bbde1800 JavaThread "Handler for socket connection from /127.0.0.1:51993 to /127.0.0.1:62258" [_thread_in_native, id=14060, stack(0x0000005079000000,0x0000005079100000)]
  0x000001c1bbddd800 JavaThread "Cancel handler" [_thread_blocked, id=11344, stack(0x000000507a700000,0x000000507a800000)]
  0x000001c1bbde2000 JavaThread "Asynchronous log dispatcher for DefaultDaemonConnection: socket connection from /127.0.0.1:51993 to /127.0.0.1:62258" [_thread_blocked, id=4896, stack(0x000000507a800000,0x000000507a900000)]
  0x000001c1bbddf000 JavaThread "Daemon client event forwarder" [_thread_blocked, id=7064, stack(0x000000507ab00000,0x000000507ac00000)]
  0x000001c1bbde5800 JavaThread "Cache worker for file hash cache (C:\Users\camil\Documents\prograRed\Reto_1\.gradle\7.0.2\fileHashes)" [_thread_blocked, id=9700, stack(0x000000507ac00000,0x000000507ad00000)]
  0x000001c1bbde0000 JavaThread "Cache worker for checksums cache (C:\Users\camil\Documents\prograRed\Reto_1\.gradle\checksums)" [_thread_blocked, id=14460, stack(0x000000507b000000,0x000000507b100000)]
  0x000001c1bbdeb000 JavaThread "Cache worker for cache directory md-supplier (C:\Users\camil\.gradle\caches\7.0.2\md-supplier)" [_thread_blocked, id=3148, stack(0x000000507b500000,0x000000507b600000)]
  0x000001c1bbdec000 JavaThread "Cache worker for cache directory md-rule (C:\Users\camil\.gradle\caches\7.0.2\md-rule)" [_thread_blocked, id=5124, stack(0x000000507b600000,0x000000507b700000)]
  0x000001c1bbde6800 JavaThread "Cache worker for dependencies-accessors (C:\Users\camil\Documents\prograRed\Reto_1\.gradle\7.0.2\dependencies-accessors)" [_thread_blocked, id=6392, stack(0x000000507b700000,0x000000507b800000)]
  0x000001c1bbde8000 JavaThread "Cache worker for Build Output Cleanup Cache (C:\Users\camil\Documents\prograRed\Reto_1\.gradle\buildOutputCleanup)" [_thread_blocked, id=15188, stack(0x000000507ba00000,0x000000507bb00000)]
  0x000001c1bbde9000 JavaThread "Build operations" [_thread_blocked, id=16624, stack(0x000000507bc00000,0x000000507bd00000)]
  0x000001c1bbde9800 JavaThread "Build operations Thread 2" [_thread_blocked, id=16852, stack(0x000000507bd00000,0x000000507be00000)]
  0x000001c1b9f7b800 JavaThread "build event listener" [_thread_blocked, id=10624, stack(0x000000507bf00000,0x000000507c000000)]
  0x000001c1b9f7d800 JavaThread "Execution worker for ':'" [_thread_blocked, id=16156, stack(0x000000507c000000,0x000000507c100000)]
  0x000001c1c19f3000 JavaThread "Cache worker for execution history cache (C:\Users\camil\Documents\prograRed\Reto_1\.gradle\7.0.2\executionHistory)" [_thread_blocked, id=17340, stack(0x000000507c100000,0x000000507c200000)]
  0x000001c1c19f1800 JavaThread "WorkerExecutor Queue" [_thread_blocked, id=13172, stack(0x000000507c200000,0x000000507c300000)]
  0x000001c1c19ed800 JavaThread "WorkerExecutor Queue Thread 2" [_thread_blocked, id=3740, stack(0x000000507c300000,0x000000507c400000)]
  0x000001c1c19f4000 JavaThread "pool-4-thread-1" [_thread_blocked, id=14736, stack(0x000000507aa00000,0x000000507ab00000)]
  0x000001c1c19f1000 JavaThread "stderr" [_thread_in_native, id=13696, stack(0x000000507bb00000,0x000000507bc00000)]
  0x000001c1c19ee800 JavaThread "stdout" [_thread_in_native, id=15668, stack(0x000000507c400000,0x000000507c500000)]
  0x000001c1c19f5000 JavaThread "Cache worker for Java compile cache (C:\Users\camil\.gradle\caches\7.0.2\javaCompile)" [_thread_blocked, id=11208, stack(0x000000507c500000,0x000000507c600000)]
  0x000001c1c19ef000 JavaThread "Cache worker for Java compile cache (C:\Users\camil\Documents\prograRed\Reto_1\.gradle\7.0.2\javaCompile)" [_thread_blocked, id=12936, stack(0x000000507c600000,0x000000507c700000)]

Other Threads:
=>0x000001c1b9a28000 VMThread "VM Thread" [stack: 0x0000005079700000,0x0000005079800000] [id=10580]
  0x000001c1b9d10800 WatcherThread [stack: 0x000000507a100000,0x000000507a200000] [id=13632]
  0x000001c19dbc4800 GCTaskThread "GC Thread#0" [stack: 0x0000005079200000,0x0000005079300000] [id=13052]
  0x000001c1b9e1d800 GCTaskThread "GC Thread#1" [stack: 0x000000507a200000,0x000000507a300000] [id=17772]
  0x000001c19dbf4000 ConcurrentGCThread "G1 Main Marker" [stack: 0x0000005079300000,0x0000005079400000] [id=17360]
  0x000001c19dbf5800 ConcurrentGCThread "G1 Conc#0" [stack: 0x0000005079400000,0x0000005079500000] [id=5736]
  0x000001c19dc34800 ConcurrentGCThread "G1 Refine#0" [stack: 0x0000005079500000,0x0000005079600000] [id=13568]
  0x000001c19dc35800 ConcurrentGCThread "G1 Young RemSet Sampling" [stack: 0x0000005079600000,0x0000005079700000] [id=656]

Threads with active compile tasks:
C2 CompilerThread0 264045 23200       4       com.android.tools.r8.internal.Jj::hasNext (217 bytes)

VM state:at safepoint (normal execution)

VM Mutex/Monitor currently owned by a thread:  ([mutex/lock_event])
[0x000001c19dba5cf0] Threads_lock - owner thread: 0x000001c1b9a28000
[0x000001c19dba64d0] Heap_lock - owner thread: 0x000001c1bbde9800

Heap address: 0x0000000080000000, size: 2048 MB, Compressed Oops mode: 32-bit
Narrow klass base: 0x0000000000000000, Narrow klass shift: 3
Compressed class space size: 1073741824 Address: 0x0000000100000000

Heap:
 garbage-first heap   total 254976K, used 166912K [0x0000000080000000, 0x0000000100000000)
  region size 1024K, 4 young (4096K), 4 survivors (4096K)
 Metaspace       used 140604K, capacity 144345K, committed 144428K, reserved 1187840K
  class space    used 17419K, capacity 18774K, committed 18816K, reserved 1048576K
Heap Regions: E=young(eden), S=young(survivor), O=old, HS=humongous(starts), HC=humongous(continues), CS=collection set, F=free, A=archive, TAMS=top-at-mark-start (previous, next)
|   0|0x0000000080000000, 0x0000000080100000, 0x0000000080100000|100%| O|  |TAMS 0x0000000080100000, 0x0000000080100000| Untracked 
|   1|0x0000000080100000, 0x0000000080200000, 0x0000000080200000|100%| O|  |TAMS 0x0000000080200000, 0x0000000080200000| Untracked 
|   2|0x0000000080200000, 0x0000000080300000, 0x0000000080300000|100%| O|  |TAMS 0x0000000080300000, 0x0000000080300000| Untracked 
|   3|0x0000000080300000, 0x0000000080400000, 0x0000000080400000|100%| O|  |TAMS 0x0000000080400000, 0x0000000080400000| Untracked 
|   4|0x0000000080400000, 0x0000000080500000, 0x0000000080500000|100%|HS|  |TAMS 0x0000000080500000, 0x0000000080500000| Complete 
|   5|0x0000000080500000, 0x0000000080600000, 0x0000000080600000|100%|HC|  |TAMS 0x0000000080600000, 0x0000000080600000| Complete 
|   6|0x0000000080600000, 0x0000000080700000, 0x0000000080700000|100%|HC|  |TAMS 0x0000000080700000, 0x0000000080700000| Complete 
|   7|0x0000000080700000, 0x0000000080800000, 0x0000000080800000|100%| O|  |TAMS 0x0000000080800000, 0x0000000080800000| Untracked 
|   8|0x0000000080800000, 0x0000000080900000, 0x0000000080900000|100%| O|  |TAMS 0x0000000080900000, 0x0000000080900000| Untracked 
|   9|0x0000000080900000, 0x0000000080a00000, 0x0000000080a00000|100%| O|  |TAMS 0x0000000080a00000, 0x0000000080a00000| Untracked 
|  10|0x0000000080a00000, 0x0000000080b00000, 0x0000000080b00000|100%| O|  |TAMS 0x0000000080b00000, 0x0000000080b00000| Untracked 
|  11|0x0000000080b00000, 0x0000000080c00000, 0x0000000080c00000|100%| O|  |TAMS 0x0000000080c00000, 0x0000000080c00000| Untracked 
|  12|0x0000000080c00000, 0x0000000080d00000, 0x0000000080d00000|100%| O|  |TAMS 0x0000000080d00000, 0x0000000080d00000| Untracked 
|  13|0x0000000080d00000, 0x0000000080e00000, 0x0000000080e00000|100%| O|  |TAMS 0x0000000080e00000, 0x0000000080e00000| Untracked 
|  14|0x0000000080e00000, 0x0000000080f00000, 0x0000000080f00000|100%| O|  |TAMS 0x0000000080f00000, 0x0000000080f00000| Untracked 
|  15|0x0000000080f00000, 0x0000000081000000, 0x0000000081000000|100%| O|  |TAMS 0x0000000081000000, 0x0000000081000000| Untracked 
|  16|0x0000000081000000, 0x0000000081100000, 0x0000000081100000|100%| O|  |TAMS 0x0000000081100000, 0x0000000081100000| Untracked 
|  17|0x0000000081100000, 0x0000000081200000, 0x0000000081200000|100%|HS|  |TAMS 0x0000000081200000, 0x0000000081200000| Complete 
|  18|0x0000000081200000, 0x0000000081300000, 0x0000000081300000|100%|HC|  |TAMS 0x0000000081300000, 0x0000000081300000| Complete 
|  19|0x0000000081300000, 0x0000000081400000, 0x0000000081400000|100%|HS|  |TAMS 0x0000000081400000, 0x0000000081400000| Complete 
|  20|0x0000000081400000, 0x0000000081500000, 0x0000000081500000|100%|HC|  |TAMS 0x0000000081500000, 0x0000000081500000| Complete 
|  21|0x0000000081500000, 0x0000000081600000, 0x0000000081600000|100%|HC|  |TAMS 0x0000000081600000, 0x0000000081600000| Complete 
|  22|0x0000000081600000, 0x0000000081700000, 0x0000000081700000|100%| O|  |TAMS 0x0000000081700000, 0x0000000081700000| Untracked 
|  23|0x0000000081700000, 0x0000000081800000, 0x0000000081800000|100%|HS|  |TAMS 0x0000000081800000, 0x0000000081800000| Complete 
|  24|0x0000000081800000, 0x0000000081900000, 0x0000000081900000|100%|HC|  |TAMS 0x0000000081900000, 0x0000000081900000| Complete 
|  25|0x0000000081900000, 0x0000000081a00000, 0x0000000081a00000|100%|HC|  |TAMS 0x0000000081a00000, 0x0000000081a00000| Complete 
|  26|0x0000000081a00000, 0x0000000081b00000, 0x0000000081b00000|100%|HC|  |TAMS 0x0000000081b00000, 0x0000000081b00000| Complete 
|  27|0x0000000081b00000, 0x0000000081c00000, 0x0000000081c00000|100%|HC|  |TAMS 0x0000000081c00000, 0x0000000081c00000| Complete 
|  28|0x0000000081c00000, 0x0000000081d00000, 0x0000000081d00000|100%| O|  |TAMS 0x0000000081d00000, 0x0000000081d00000| Untracked 
|  29|0x0000000081d00000, 0x0000000081e00000, 0x0000000081e00000|100%| O|  |TAMS 0x0000000081e00000, 0x0000000081e00000| Untracked 
|  30|0x0000000081e00000, 0x0000000081f00000, 0x0000000081f00000|100%| O|  |TAMS 0x0000000081f00000, 0x0000000081f00000| Untracked 
|  31|0x0000000081f00000, 0x0000000082000000, 0x0000000082000000|100%| O|  |TAMS 0x0000000082000000, 0x0000000082000000| Untracked 
|  32|0x0000000082000000, 0x0000000082100000, 0x0000000082100000|100%| O|  |TAMS 0x0000000082100000, 0x0000000082100000| Untracked 
|  33|0x0000000082100000, 0x0000000082200000, 0x0000000082200000|100%| O|  |TAMS 0x0000000082200000, 0x0000000082200000| Untracked 
|  34|0x0000000082200000, 0x0000000082300000, 0x0000000082300000|100%| O|  |TAMS 0x0000000082300000, 0x0000000082300000| Untracked 
|  35|0x0000000082300000, 0x0000000082400000, 0x0000000082400000|100%| O|  |TAMS 0x0000000082400000, 0x0000000082400000| Untracked 
|  36|0x0000000082400000, 0x0000000082500000, 0x0000000082500000|100%| O|  |TAMS 0x0000000082400000, 0x0000000082500000| Untracked 
|  37|0x0000000082500000, 0x0000000082600000, 0x0000000082600000|100%| O|  |TAMS 0x0000000082600000, 0x0000000082600000| Untracked 
|  38|0x0000000082600000, 0x0000000082700000, 0x0000000082700000|100%|HS|  |TAMS 0x0000000082700000, 0x0000000082700000| Complete 
|  39|0x0000000082700000, 0x0000000082800000, 0x0000000082800000|100%|HC|  |TAMS 0x0000000082800000, 0x0000000082800000| Complete 
|  40|0x0000000082800000, 0x0000000082900000, 0x0000000082900000|100%|HC|  |TAMS 0x0000000082900000, 0x0000000082900000| Complete 
|  41|0x0000000082900000, 0x0000000082a00000, 0x0000000082a00000|100%| O|  |TAMS 0x0000000082a00000, 0x0000000082a00000| Untracked 
|  42|0x0000000082a00000, 0x0000000082b00000, 0x0000000082b00000|100%| O|  |TAMS 0x0000000082b00000, 0x0000000082b00000| Untracked 
|  43|0x0000000082b00000, 0x0000000082c00000, 0x0000000082c00000|100%| O|  |TAMS 0x0000000082c00000, 0x0000000082c00000| Untracked 
|  44|0x0000000082c00000, 0x0000000082d00000, 0x0000000082d00000|100%| O|  |TAMS 0x0000000082c00000, 0x0000000082d00000| Untracked 
|  45|0x0000000082d00000, 0x0000000082e00000, 0x0000000082e00000|100%| O|  |TAMS 0x0000000082d00000, 0x0000000082e00000| Untracked 
|  46|0x0000000082e00000, 0x0000000082f00000, 0x0000000082f00000|100%| O|  |TAMS 0x0000000082f00000, 0x0000000082f00000| Untracked 
|  47|0x0000000082f00000, 0x0000000083000000, 0x0000000083000000|100%| O|  |TAMS 0x0000000082f00000, 0x0000000083000000| Untracked 
|  48|0x0000000083000000, 0x0000000083100000, 0x0000000083100000|100%| O|  |TAMS 0x0000000083000000, 0x0000000083100000| Untracked 
|  49|0x0000000083100000, 0x0000000083200000, 0x0000000083200000|100%| O|  |TAMS 0x0000000083100000, 0x0000000083200000| Untracked 
|  50|0x0000000083200000, 0x0000000083300000, 0x0000000083300000|100%|HS|  |TAMS 0x0000000083300000, 0x0000000083300000| Complete 
|  51|0x0000000083300000, 0x0000000083400000, 0x0000000083400000|100%|HC|  |TAMS 0x0000000083400000, 0x0000000083400000| Complete 
|  52|0x0000000083400000, 0x0000000083500000, 0x0000000083500000|100%|HC|  |TAMS 0x0000000083500000, 0x0000000083500000| Complete 
|  53|0x0000000083500000, 0x0000000083600000, 0x0000000083600000|100%|HC|  |TAMS 0x0000000083600000, 0x0000000083600000| Complete 
|  54|0x0000000083600000, 0x0000000083700000, 0x0000000083700000|100%|HC|  |TAMS 0x0000000083700000, 0x0000000083700000| Complete 
|  55|0x0000000083700000, 0x0000000083800000, 0x0000000083800000|100%| O|  |TAMS 0x0000000083800000, 0x0000000083800000| Untracked 
|  56|0x0000000083800000, 0x0000000083900000, 0x0000000083900000|100%| O|  |TAMS 0x0000000083900000, 0x0000000083900000| Untracked 
|  57|0x0000000083900000, 0x0000000083a00000, 0x0000000083a00000|100%| O|  |TAMS 0x0000000083a00000, 0x0000000083a00000| Untracked 
|  58|0x0000000083a00000, 0x0000000083b00000, 0x0000000083b00000|100%| O|  |TAMS 0x0000000083b00000, 0x0000000083b00000| Untracked 
|  59|0x0000000083b00000, 0x0000000083c00000, 0x0000000083c00000|100%| O|  |TAMS 0x0000000083c00000, 0x0000000083c00000| Untracked 
|  60|0x0000000083c00000, 0x0000000083d00000, 0x0000000083d00000|100%| O|  |TAMS 0x0000000083d00000, 0x0000000083d00000| Untracked 
|  61|0x0000000083d00000, 0x0000000083e00000, 0x0000000083e00000|100%| O|  |TAMS 0x0000000083e00000, 0x0000000083e00000| Untracked 
|  62|0x0000000083e00000, 0x0000000083f00000, 0x0000000083f00000|100%| O|  |TAMS 0x0000000083f00000, 0x0000000083f00000| Untracked 
|  63|0x0000000083f00000, 0x0000000084000000, 0x0000000084000000|100%|HS|  |TAMS 0x0000000084000000, 0x0000000084000000| Complete 
|  64|0x0000000084000000, 0x0000000084100000, 0x0000000084100000|100%|HS|  |TAMS 0x0000000084100000, 0x0000000084100000| Complete 
|  65|0x0000000084100000, 0x0000000084200000, 0x0000000084200000|100%| O|  |TAMS 0x0000000084200000, 0x0000000084200000| Untracked 
|  66|0x0000000084200000, 0x0000000084300000, 0x0000000084300000|100%| O|  |TAMS 0x0000000084300000, 0x0000000084300000| Untracked 
|  67|0x0000000084300000, 0x0000000084400000, 0x0000000084400000|100%| O|  |TAMS 0x0000000084400000, 0x0000000084400000| Untracked 
|  68|0x0000000084400000, 0x0000000084500000, 0x0000000084500000|100%| O|  |TAMS 0x0000000084500000, 0x0000000084500000| Untracked 
|  69|0x0000000084500000, 0x0000000084600000, 0x0000000084600000|100%| O|  |TAMS 0x0000000084600000, 0x0000000084600000| Untracked 
|  70|0x0000000084600000, 0x0000000084700000, 0x0000000084700000|100%| O|  |TAMS 0x0000000084700000, 0x0000000084700000| Untracked 
|  71|0x0000000084700000, 0x0000000084800000, 0x0000000084800000|100%| O|  |TAMS 0x0000000084800000, 0x0000000084800000| Untracked 
|  72|0x0000000084800000, 0x0000000084900000, 0x0000000084900000|100%|HS|  |TAMS 0x0000000084900000, 0x0000000084900000| Complete 
|  73|0x0000000084900000, 0x0000000084a00000, 0x0000000084a00000|100%|HC|  |TAMS 0x0000000084a00000, 0x0000000084a00000| Complete 
|  74|0x0000000084a00000, 0x0000000084b00000, 0x0000000084b00000|100%| O|  |TAMS 0x0000000084b00000, 0x0000000084b00000| Untracked 
|  75|0x0000000084b00000, 0x0000000084c00000, 0x0000000084c00000|100%| O|  |TAMS 0x0000000084c00000, 0x0000000084c00000| Untracked 
|  76|0x0000000084c00000, 0x0000000084d00000, 0x0000000084d00000|100%| O|  |TAMS 0x0000000084d00000, 0x0000000084d00000| Untracked 
|  77|0x0000000084d00000, 0x0000000084e00000, 0x0000000084e00000|100%| O|  |TAMS 0x0000000084e00000, 0x0000000084e00000| Untracked 
|  78|0x0000000084e00000, 0x0000000084f00000, 0x0000000084f00000|100%| O|  |TAMS 0x0000000084f00000, 0x0000000084f00000| Untracked 
|  79|0x0000000084f00000, 0x0000000085000000, 0x0000000085000000|100%| O|  |TAMS 0x0000000085000000, 0x0000000085000000| Untracked 
|  80|0x0000000085000000, 0x0000000085100000, 0x0000000085100000|100%| O|  |TAMS 0x0000000085100000, 0x0000000085100000| Untracked 
|  81|0x0000000085100000, 0x0000000085200000, 0x0000000085200000|100%| O|  |TAMS 0x0000000085200000, 0x0000000085200000| Untracked 
|  82|0x0000000085200000, 0x0000000085300000, 0x0000000085300000|100%| O|  |TAMS 0x0000000085300000, 0x0000000085300000| Untracked 
|  83|0x0000000085300000, 0x0000000085400000, 0x0000000085400000|100%| O|  |TAMS 0x0000000085400000, 0x0000000085400000| Untracked 
|  84|0x0000000085400000, 0x0000000085500000, 0x0000000085500000|100%| O|  |TAMS 0x0000000085500000, 0x0000000085500000| Untracked 
|  85|0x0000000085500000, 0x0000000085600000, 0x0000000085600000|100%| O|  |TAMS 0x0000000085600000, 0x0000000085600000| Untracked 
|  86|0x0000000085600000, 0x0000000085700000, 0x0000000085700000|100%| O|  |TAMS 0x0000000085700000, 0x0000000085700000| Untracked 
|  87|0x0000000085700000, 0x0000000085800000, 0x0000000085800000|100%| O|  |TAMS 0x0000000085800000, 0x0000000085800000| Untracked 
|  88|0x0000000085800000, 0x0000000085900000, 0x0000000085900000|100%| O|  |TAMS 0x0000000085900000, 0x0000000085900000| Untracked 
|  89|0x0000000085900000, 0x0000000085a00000, 0x0000000085a00000|100%| O|  |TAMS 0x0000000085a00000, 0x0000000085a00000| Untracked 
|  90|0x0000000085a00000, 0x0000000085b00000, 0x0000000085b00000|100%| O|  |TAMS 0x0000000085b00000, 0x0000000085b00000| Untracked 
|  91|0x0000000085b00000, 0x0000000085c00000, 0x0000000085c00000|100%| O|  |TAMS 0x0000000085c00000, 0x0000000085c00000| Untracked 
|  92|0x0000000085c00000, 0x0000000085d00000, 0x0000000085d00000|100%| O|  |TAMS 0x0000000085d00000, 0x0000000085d00000| Untracked 
|  93|0x0000000085d00000, 0x0000000085e00000, 0x0000000085e00000|100%| O|  |TAMS 0x0000000085e00000, 0x0000000085e00000| Untracked 
|  94|0x0000000085e00000, 0x0000000085f00000, 0x0000000085f00000|100%| O|  |TAMS 0x0000000085f00000, 0x0000000085f00000| Untracked 
|  95|0x0000000085f00000, 0x0000000086000000, 0x0000000086000000|100%| O|  |TAMS 0x0000000086000000, 0x0000000086000000| Untracked 
|  96|0x0000000086000000, 0x0000000086100000, 0x0000000086100000|100%| O|  |TAMS 0x0000000086100000, 0x0000000086100000| Untracked 
|  97|0x0000000086100000, 0x0000000086200000, 0x0000000086200000|100%| O|  |TAMS 0x0000000086200000, 0x0000000086200000| Untracked 
|  98|0x0000000086200000, 0x0000000086300000, 0x0000000086300000|100%| O|  |TAMS 0x0000000086300000, 0x0000000086300000| Untracked 
|  99|0x0000000086300000, 0x0000000086400000, 0x0000000086400000|100%| O|  |TAMS 0x0000000086400000, 0x0000000086400000| Untracked 
| 100|0x0000000086400000, 0x0000000086500000, 0x0000000086500000|100%| O|  |TAMS 0x0000000086500000, 0x0000000086500000| Untracked 
| 101|0x0000000086500000, 0x0000000086600000, 0x0000000086600000|100%| O|  |TAMS 0x0000000086600000, 0x0000000086600000| Untracked 
| 102|0x0000000086600000, 0x0000000086700000, 0x0000000086700000|100%| O|  |TAMS 0x0000000086700000, 0x0000000086700000| Untracked 
| 103|0x0000000086700000, 0x0000000086800000, 0x0000000086800000|100%| O|  |TAMS 0x0000000086700000, 0x0000000086800000| Untracked 
| 104|0x0000000086800000, 0x0000000086900000, 0x0000000086900000|100%| O|  |TAMS 0x00000000868d2200, 0x0000000086900000| Untracked 
| 105|0x0000000086900000, 0x0000000086a00000, 0x0000000086a00000|100%| O|  |TAMS 0x0000000086900000, 0x0000000086a00000| Untracked 
| 106|0x0000000086a00000, 0x0000000086b00000, 0x0000000086b00000|100%| O|  |TAMS 0x0000000086a00000, 0x0000000086b00000| Untracked 
| 107|0x0000000086b00000, 0x0000000086c00000, 0x0000000086c00000|100%| O|  |TAMS 0x0000000086b00000, 0x0000000086c00000| Untracked 
| 108|0x0000000086c00000, 0x0000000086d00000, 0x0000000086d00000|100%| O|  |TAMS 0x0000000086c00000, 0x0000000086d00000| Untracked 
| 109|0x0000000086d00000, 0x0000000086e00000, 0x0000000086e00000|100%|HS|  |TAMS 0x0000000086d00000, 0x0000000086e00000| Complete 
| 110|0x0000000086e00000, 0x0000000086f00000, 0x0000000086f00000|100%|HC|  |TAMS 0x0000000086e00000, 0x0000000086f00000| Complete 
| 111|0x0000000086f00000, 0x0000000087000000, 0x0000000087000000|100%| O|  |TAMS 0x0000000086f00000, 0x0000000087000000| Untracked 
| 112|0x0000000087000000, 0x0000000087100000, 0x0000000087100000|100%| O|  |TAMS 0x0000000087100000, 0x0000000087100000| Untracked 
| 113|0x0000000087100000, 0x0000000087200000, 0x0000000087200000|100%| O|  |TAMS 0x0000000087200000, 0x0000000087200000| Untracked 
| 114|0x0000000087200000, 0x0000000087300000, 0x0000000087300000|100%| O|  |TAMS 0x0000000087300000, 0x0000000087300000| Untracked 
| 115|0x0000000087300000, 0x0000000087400000, 0x0000000087400000|100%| O|  |TAMS 0x0000000087400000, 0x0000000087400000| Untracked 
| 116|0x0000000087400000, 0x0000000087500000, 0x0000000087500000|100%| O|  |TAMS 0x0000000087500000, 0x0000000087500000| Untracked 
| 117|0x0000000087500000, 0x0000000087600000, 0x0000000087600000|100%| O|  |TAMS 0x0000000087500000, 0x0000000087600000| Untracked 
| 118|0x0000000087600000, 0x0000000087700000, 0x0000000087700000|100%| O|  |TAMS 0x0000000087600000, 0x0000000087700000| Untracked 
| 119|0x0000000087700000, 0x0000000087800000, 0x0000000087800000|100%| O|  |TAMS 0x0000000087700000, 0x0000000087800000| Untracked 
| 120|0x0000000087800000, 0x0000000087900000, 0x0000000087900000|100%| O|  |TAMS 0x0000000087800000, 0x0000000087900000| Untracked 
| 121|0x0000000087900000, 0x0000000087a00000, 0x0000000087a00000|100%| O|  |TAMS 0x0000000087a00000, 0x0000000087a00000| Untracked 
| 122|0x0000000087a00000, 0x0000000087b00000, 0x0000000087b00000|100%| O|  |TAMS 0x0000000087b00000, 0x0000000087b00000| Untracked 
| 123|0x0000000087b00000, 0x0000000087c00000, 0x0000000087c00000|100%| O|  |TAMS 0x0000000087c00000, 0x0000000087c00000| Untracked 
| 124|0x0000000087c00000, 0x0000000087d00000, 0x0000000087d00000|100%| O|  |TAMS 0x0000000087d00000, 0x0000000087d00000| Untracked 
| 125|0x0000000087d00000, 0x0000000087e00000, 0x0000000087e00000|100%| O|  |TAMS 0x0000000087e00000, 0x0000000087e00000| Untracked 
| 126|0x0000000087e00000, 0x0000000087f00000, 0x0000000087f00000|100%| O|  |TAMS 0x0000000087f00000, 0x0000000087f00000| Untracked 
| 127|0x0000000087f00000, 0x0000000088000000, 0x0000000088000000|100%| O|  |TAMS 0x0000000088000000, 0x0000000088000000| Untracked 
| 128|0x0000000088000000, 0x0000000088100000, 0x0000000088100000|100%| O|  |TAMS 0x0000000088100000, 0x0000000088100000| Untracked 
| 129|0x0000000088100000, 0x0000000088200000, 0x0000000088200000|100%| O|  |TAMS 0x0000000088100000, 0x0000000088200000| Untracked 
| 130|0x0000000088200000, 0x0000000088300000, 0x0000000088300000|100%| O|  |TAMS 0x0000000088200000, 0x0000000088300000| Untracked 
| 131|0x0000000088300000, 0x0000000088400000, 0x0000000088400000|100%| O|  |TAMS 0x0000000088300000, 0x0000000088400000| Untracked 
| 132|0x0000000088400000, 0x0000000088500000, 0x0000000088500000|100%| O|  |TAMS 0x0000000088400000, 0x0000000088500000| Untracked 
| 133|0x0000000088500000, 0x0000000088600000, 0x0000000088600000|100%| O|  |TAMS 0x0000000088500000, 0x0000000088600000| Untracked 
| 134|0x0000000088600000, 0x0000000088700000, 0x0000000088700000|100%| O|  |TAMS 0x0000000088600000, 0x0000000088700000| Untracked 
| 135|0x0000000088700000, 0x0000000088800000, 0x0000000088800000|100%| O|  |TAMS 0x0000000088700000, 0x0000000088800000| Untracked 
| 136|0x0000000088800000, 0x0000000088900000, 0x0000000088900000|100%| O|  |TAMS 0x0000000088800000, 0x0000000088900000| Untracked 
| 137|0x0000000088900000, 0x0000000088a00000, 0x0000000088a00000|100%| O|  |TAMS 0x0000000088900000, 0x0000000088a00000| Untracked 
| 138|0x0000000088a00000, 0x0000000088b00000, 0x0000000088b00000|100%| O|  |TAMS 0x0000000088a00000, 0x0000000088b00000| Untracked 
| 139|0x0000000088b00000, 0x0000000088c00000, 0x0000000088c00000|100%| O|  |TAMS 0x0000000088b00000, 0x0000000088c00000| Untracked 
| 140|0x0000000088c00000, 0x0000000088d00000, 0x0000000088d00000|100%| O|  |TAMS 0x0000000088c00000, 0x0000000088d00000| Untracked 
| 141|0x0000000088d00000, 0x0000000088e00000, 0x0000000088e00000|100%| O|  |TAMS 0x0000000088d00000, 0x0000000088e00000| Untracked 
| 142|0x0000000088e00000, 0x0000000088f00000, 0x0000000088f00000|100%| O|  |TAMS 0x0000000088e00000, 0x0000000088f00000| Untracked 
| 143|0x0000000088f00000, 0x0000000089000000, 0x0000000089000000|100%| O|  |TAMS 0x0000000088f00000, 0x0000000089000000| Untracked 
| 144|0x0000000089000000, 0x0000000089100000, 0x0000000089100000|100%| O|  |TAMS 0x0000000089000000, 0x0000000089100000| Untracked 
| 145|0x0000000089100000, 0x0000000089200000, 0x0000000089200000|100%| O|  |TAMS 0x0000000089100000, 0x0000000089200000| Untracked 
| 146|0x0000000089200000, 0x0000000089300000, 0x0000000089300000|100%| O|  |TAMS 0x0000000089200000, 0x0000000089300000| Untracked 
| 147|0x0000000089300000, 0x0000000089400000, 0x0000000089400000|100%| O|  |TAMS 0x0000000089300000, 0x0000000089400000| Untracked 
| 148|0x0000000089400000, 0x0000000089500000, 0x0000000089500000|100%| O|  |TAMS 0x0000000089400000, 0x0000000089500000| Untracked 
| 149|0x0000000089500000, 0x0000000089600000, 0x0000000089600000|100%| O|  |TAMS 0x0000000089500000, 0x0000000089600000| Untracked 
| 150|0x0000000089600000, 0x0000000089700000, 0x0000000089700000|100%| O|  |TAMS 0x0000000089600000, 0x0000000089700000| Untracked 
| 151|0x0000000089700000, 0x0000000089800000, 0x0000000089800000|100%| O|  |TAMS 0x0000000089700000, 0x0000000089800000| Untracked 
| 152|0x0000000089800000, 0x0000000089900000, 0x0000000089900000|100%| O|  |TAMS 0x0000000089800000, 0x0000000089900000| Untracked 
| 153|0x0000000089900000, 0x0000000089a00000, 0x0000000089a00000|100%| O|  |TAMS 0x0000000089900000, 0x0000000089a00000| Untracked 
| 154|0x0000000089a00000, 0x0000000089b00000, 0x0000000089b00000|100%| O|  |TAMS 0x0000000089a00000, 0x0000000089b00000| Untracked 
| 155|0x0000000089b00000, 0x0000000089c00000, 0x0000000089c00000|100%| O|  |TAMS 0x0000000089b00000, 0x0000000089c00000| Untracked 
| 156|0x0000000089c00000, 0x0000000089d00000, 0x0000000089d00000|100%| O|  |TAMS 0x0000000089c00000, 0x0000000089d00000| Untracked 
| 157|0x0000000089d00000, 0x0000000089e00000, 0x0000000089e00000|100%| O|  |TAMS 0x0000000089d00000, 0x0000000089e00000| Untracked 
| 158|0x0000000089e00000, 0x0000000089f00000, 0x0000000089f00000|100%| O|  |TAMS 0x0000000089e00000, 0x0000000089f00000| Untracked 
| 159|0x0000000089f00000, 0x0000000089f00000, 0x000000008a000000|  0%| F|  |TAMS 0x0000000089f00000, 0x0000000089f00000| Untracked 
| 160|0x000000008a000000, 0x000000008a000000, 0x000000008a100000|  0%| F|  |TAMS 0x000000008a000000, 0x000000008a000000| Untracked 
| 161|0x000000008a100000, 0x000000008a100000, 0x000000008a200000|  0%| F|  |TAMS 0x000000008a100000, 0x000000008a100000| Untracked 
| 162|0x000000008a200000, 0x000000008a200000, 0x000000008a300000|  0%| F|  |TAMS 0x000000008a200000, 0x000000008a200000| Untracked 
| 163|0x000000008a300000, 0x000000008a300000, 0x000000008a400000|  0%| F|  |TAMS 0x000000008a300000, 0x000000008a300000| Untracked 
| 164|0x000000008a400000, 0x000000008a400000, 0x000000008a500000|  0%| F|  |TAMS 0x000000008a400000, 0x000000008a400000| Untracked 
| 165|0x000000008a500000, 0x000000008a500000, 0x000000008a600000|  0%| F|  |TAMS 0x000000008a500000, 0x000000008a500000| Untracked 
| 166|0x000000008a600000, 0x000000008a600000, 0x000000008a700000|  0%| F|  |TAMS 0x000000008a600000, 0x000000008a600000| Untracked 
| 167|0x000000008a700000, 0x000000008a700000, 0x000000008a800000|  0%| F|  |TAMS 0x000000008a700000, 0x000000008a700000| Untracked 
| 168|0x000000008a800000, 0x000000008a800000, 0x000000008a900000|  0%| F|  |TAMS 0x000000008a800000, 0x000000008a800000| Untracked 
| 169|0x000000008a900000, 0x000000008a900000, 0x000000008aa00000|  0%| F|  |TAMS 0x000000008a900000, 0x000000008a900000| Untracked 
| 170|0x000000008aa00000, 0x000000008aa00000, 0x000000008ab00000|  0%| F|  |TAMS 0x000000008aa00000, 0x000000008aa00000| Untracked 
| 171|0x000000008ab00000, 0x000000008ab00000, 0x000000008ac00000|  0%| F|  |TAMS 0x000000008ab00000, 0x000000008ab00000| Untracked 
| 172|0x000000008ac00000, 0x000000008ac00000, 0x000000008ad00000|  0%| F|  |TAMS 0x000000008ac00000, 0x000000008ac00000| Untracked 
| 173|0x000000008ad00000, 0x000000008ad00000, 0x000000008ae00000|  0%| F|  |TAMS 0x000000008ad00000, 0x000000008ad00000| Untracked 
| 174|0x000000008ae00000, 0x000000008ae00000, 0x000000008af00000|  0%| F|  |TAMS 0x000000008ae00000, 0x000000008ae00000| Untracked 
| 175|0x000000008af00000, 0x000000008af00000, 0x000000008b000000|  0%| F|  |TAMS 0x000000008af00000, 0x000000008af00000| Untracked 
| 176|0x000000008b000000, 0x000000008b000000, 0x000000008b100000|  0%| F|  |TAMS 0x000000008b000000, 0x000000008b000000| Untracked 
| 177|0x000000008b100000, 0x000000008b100000, 0x000000008b200000|  0%| F|  |TAMS 0x000000008b100000, 0x000000008b100000| Untracked 
| 178|0x000000008b200000, 0x000000008b200000, 0x000000008b300000|  0%| F|  |TAMS 0x000000008b200000, 0x000000008b200000| Untracked 
| 179|0x000000008b300000, 0x000000008b300000, 0x000000008b400000|  0%| F|  |TAMS 0x000000008b300000, 0x000000008b300000| Untracked 
| 180|0x000000008b400000, 0x000000008b400000, 0x000000008b500000|  0%| F|  |TAMS 0x000000008b400000, 0x000000008b400000| Untracked 
| 181|0x000000008b500000, 0x000000008b500000, 0x000000008b600000|  0%| F|  |TAMS 0x000000008b500000, 0x000000008b500000| Untracked 
| 182|0x000000008b600000, 0x000000008b600000, 0x000000008b700000|  0%| F|  |TAMS 0x000000008b600000, 0x000000008b600000| Untracked 
| 183|0x000000008b700000, 0x000000008b700000, 0x000000008b800000|  0%| F|  |TAMS 0x000000008b700000, 0x000000008b700000| Untracked 
| 184|0x000000008b800000, 0x000000008b800000, 0x000000008b900000|  0%| F|  |TAMS 0x000000008b800000, 0x000000008b800000| Untracked 
| 185|0x000000008b900000, 0x000000008b900000, 0x000000008ba00000|  0%| F|  |TAMS 0x000000008b900000, 0x000000008b900000| Untracked 
| 186|0x000000008ba00000, 0x000000008ba00000, 0x000000008bb00000|  0%| F|  |TAMS 0x000000008ba00000, 0x000000008ba00000| Untracked 
| 187|0x000000008bb00000, 0x000000008bb00000, 0x000000008bc00000|  0%| F|  |TAMS 0x000000008bb00000, 0x000000008bb00000| Untracked 
| 188|0x000000008bc00000, 0x000000008bc00000, 0x000000008bd00000|  0%| F|  |TAMS 0x000000008bc00000, 0x000000008bc00000| Untracked 
| 189|0x000000008bd00000, 0x000000008bd00000, 0x000000008be00000|  0%| F|  |TAMS 0x000000008bd00000, 0x000000008bd00000| Untracked 
| 190|0x000000008be00000, 0x000000008be00000, 0x000000008bf00000|  0%| F|  |TAMS 0x000000008be00000, 0x000000008be00000| Untracked 
| 191|0x000000008bf00000, 0x000000008bf00000, 0x000000008c000000|  0%| F|  |TAMS 0x000000008bf00000, 0x000000008bf00000| Untracked 
| 192|0x000000008c000000, 0x000000008c000000, 0x000000008c100000|  0%| F|  |TAMS 0x000000008c000000, 0x000000008c000000| Untracked 
| 193|0x000000008c100000, 0x000000008c100000, 0x000000008c200000|  0%| F|  |TAMS 0x000000008c100000, 0x000000008c100000| Untracked 
| 194|0x000000008c200000, 0x000000008c200000, 0x000000008c300000|  0%| F|  |TAMS 0x000000008c200000, 0x000000008c200000| Untracked 
| 195|0x000000008c300000, 0x000000008c300000, 0x000000008c400000|  0%| F|  |TAMS 0x000000008c300000, 0x000000008c300000| Untracked 
| 196|0x000000008c400000, 0x000000008c400000, 0x000000008c500000|  0%| F|  |TAMS 0x000000008c400000, 0x000000008c400000| Untracked 
| 197|0x000000008c500000, 0x000000008c500000, 0x000000008c600000|  0%| F|  |TAMS 0x000000008c500000, 0x000000008c500000| Untracked 
| 198|0x000000008c600000, 0x000000008c600000, 0x000000008c700000|  0%| F|  |TAMS 0x000000008c600000, 0x000000008c600000| Untracked 
| 199|0x000000008c700000, 0x000000008c700000, 0x000000008c800000|  0%| F|  |TAMS 0x000000008c700000, 0x000000008c700000| Untracked 
| 200|0x000000008c800000, 0x000000008c800000, 0x000000008c900000|  0%| F|  |TAMS 0x000000008c800000, 0x000000008c800000| Untracked 
| 201|0x000000008c900000, 0x000000008c900000, 0x000000008ca00000|  0%| F|  |TAMS 0x000000008c900000, 0x000000008c900000| Untracked 
| 202|0x000000008ca00000, 0x000000008ca00000, 0x000000008cb00000|  0%| F|  |TAMS 0x000000008ca00000, 0x000000008ca00000| Untracked 
| 203|0x000000008cb00000, 0x000000008cb00000, 0x000000008cc00000|  0%| F|  |TAMS 0x000000008cb00000, 0x000000008cb00000| Untracked 
| 204|0x000000008cc00000, 0x000000008cc00000, 0x000000008cd00000|  0%| F|  |TAMS 0x000000008cc00000, 0x000000008cc00000| Untracked 
| 205|0x000000008cd00000, 0x000000008cd00000, 0x000000008ce00000|  0%| F|  |TAMS 0x000000008cd00000, 0x000000008cd00000| Untracked 
| 206|0x000000008ce00000, 0x000000008ce00000, 0x000000008cf00000|  0%| F|  |TAMS 0x000000008ce00000, 0x000000008ce00000| Untracked 
| 207|0x000000008cf00000, 0x000000008cf00000, 0x000000008d000000|  0%| F|  |TAMS 0x000000008cf00000, 0x000000008cf00000| Untracked 
| 208|0x000000008d000000, 0x000000008d000000, 0x000000008d100000|  0%| F|  |TAMS 0x000000008d000000, 0x000000008d000000| Untracked 
| 209|0x000000008d100000, 0x000000008d100000, 0x000000008d200000|  0%| F|  |TAMS 0x000000008d100000, 0x000000008d100000| Untracked 
| 210|0x000000008d200000, 0x000000008d200000, 0x000000008d300000|  0%| F|  |TAMS 0x000000008d200000, 0x000000008d200000| Untracked 
| 211|0x000000008d300000, 0x000000008d300000, 0x000000008d400000|  0%| F|  |TAMS 0x000000008d300000, 0x000000008d300000| Untracked 
| 212|0x000000008d400000, 0x000000008d400000, 0x000000008d500000|  0%| F|  |TAMS 0x000000008d400000, 0x000000008d400000| Untracked 
| 213|0x000000008d500000, 0x000000008d500000, 0x000000008d600000|  0%| F|  |TAMS 0x000000008d500000, 0x000000008d500000| Untracked 
| 214|0x000000008d600000, 0x000000008d700000, 0x000000008d700000|100%| S|CS|TAMS 0x000000008d600000, 0x000000008d600000| Complete 
| 215|0x000000008d700000, 0x000000008d800000, 0x000000008d800000|100%| S|CS|TAMS 0x000000008d700000, 0x000000008d700000| Complete 
| 216|0x000000008d800000, 0x000000008d900000, 0x000000008d900000|100%| S|CS|TAMS 0x000000008d800000, 0x000000008d800000| Complete 
| 217|0x000000008d900000, 0x000000008da00000, 0x000000008da00000|100%| S|CS|TAMS 0x000000008d900000, 0x000000008d900000| Complete 
| 218|0x000000008da00000, 0x000000008da00000, 0x000000008db00000|  0%| F|  |TAMS 0x000000008da00000, 0x000000008da00000| Untracked 
| 219|0x000000008db00000, 0x000000008db00000, 0x000000008dc00000|  0%| F|  |TAMS 0x000000008db00000, 0x000000008db00000| Untracked 
| 220|0x000000008dc00000, 0x000000008dc00000, 0x000000008dd00000|  0%| F|  |TAMS 0x000000008dc00000, 0x000000008dc00000| Untracked 
| 221|0x000000008dd00000, 0x000000008dd00000, 0x000000008de00000|  0%| F|  |TAMS 0x000000008dd00000, 0x000000008dd00000| Untracked 
| 222|0x000000008de00000, 0x000000008de00000, 0x000000008df00000|  0%| F|  |TAMS 0x000000008de00000, 0x000000008de00000| Untracked 
| 223|0x000000008df00000, 0x000000008df00000, 0x000000008e000000|  0%| F|  |TAMS 0x000000008df00000, 0x000000008df00000| Untracked 
| 224|0x000000008e000000, 0x000000008e000000, 0x000000008e100000|  0%| F|  |TAMS 0x000000008e000000, 0x000000008e000000| Untracked 
| 225|0x000000008e100000, 0x000000008e100000, 0x000000008e200000|  0%| F|  |TAMS 0x000000008e100000, 0x000000008e100000| Untracked 
| 226|0x000000008e200000, 0x000000008e200000, 0x000000008e300000|  0%| F|  |TAMS 0x000000008e200000, 0x000000008e200000| Untracked 
| 227|0x000000008e300000, 0x000000008e300000, 0x000000008e400000|  0%| F|  |TAMS 0x000000008e300000, 0x000000008e300000| Untracked 
| 228|0x000000008e400000, 0x000000008e400000, 0x000000008e500000|  0%| F|  |TAMS 0x000000008e400000, 0x000000008e400000| Untracked 
| 229|0x000000008e500000, 0x000000008e500000, 0x000000008e600000|  0%| F|  |TAMS 0x000000008e500000, 0x000000008e500000| Untracked 
| 230|0x000000008e600000, 0x000000008e600000, 0x000000008e700000|  0%| F|  |TAMS 0x000000008e600000, 0x000000008e600000| Untracked 
| 231|0x000000008e700000, 0x000000008e700000, 0x000000008e800000|  0%| F|  |TAMS 0x000000008e700000, 0x000000008e700000| Untracked 
| 232|0x000000008e800000, 0x000000008e800000, 0x000000008e900000|  0%| F|  |TAMS 0x000000008e800000, 0x000000008e800000| Untracked 
| 233|0x000000008e900000, 0x000000008e900000, 0x000000008ea00000|  0%| F|  |TAMS 0x000000008e900000, 0x000000008e900000| Untracked 
| 234|0x000000008ea00000, 0x000000008ea00000, 0x000000008eb00000|  0%| F|  |TAMS 0x000000008ea00000, 0x000000008ea00000| Untracked 
| 235|0x000000008eb00000, 0x000000008eb00000, 0x000000008ec00000|  0%| F|  |TAMS 0x000000008eb00000, 0x000000008eb00000| Untracked 
| 236|0x000000008ec00000, 0x000000008ec00000, 0x000000008ed00000|  0%| F|  |TAMS 0x000000008ec00000, 0x000000008ec00000| Untracked 
| 237|0x000000008ed00000, 0x000000008ed00000, 0x000000008ee00000|  0%| F|  |TAMS 0x000000008ed00000, 0x000000008ed00000| Untracked 
| 238|0x000000008ee00000, 0x000000008ee00000, 0x000000008ef00000|  0%| F|  |TAMS 0x000000008ee00000, 0x000000008ee00000| Untracked 
| 239|0x000000008ef00000, 0x000000008ef00000, 0x000000008f000000|  0%| F|  |TAMS 0x000000008ef00000, 0x000000008ef00000| Untracked 
| 240|0x000000008f000000, 0x000000008f000000, 0x000000008f100000|  0%| F|  |TAMS 0x000000008f000000, 0x000000008f000000| Untracked 
| 241|0x000000008f100000, 0x000000008f100000, 0x000000008f200000|  0%| F|  |TAMS 0x000000008f100000, 0x000000008f100000| Untracked 
| 242|0x000000008f200000, 0x000000008f200000, 0x000000008f300000|  0%| F|  |TAMS 0x000000008f200000, 0x000000008f200000| Untracked 
| 243|0x000000008f300000, 0x000000008f300000, 0x000000008f400000|  0%| F|  |TAMS 0x000000008f300000, 0x000000008f300000| Untracked 
| 244|0x000000008f400000, 0x000000008f400000, 0x000000008f500000|  0%| F|  |TAMS 0x000000008f400000, 0x000000008f400000| Untracked 
| 245|0x000000008f500000, 0x000000008f500000, 0x000000008f600000|  0%| F|  |TAMS 0x000000008f500000, 0x000000008f500000| Untracked 
| 246|0x000000008f600000, 0x000000008f600000, 0x000000008f700000|  0%| F|  |TAMS 0x000000008f600000, 0x000000008f600000| Untracked 
| 247|0x000000008f700000, 0x000000008f700000, 0x000000008f800000|  0%| F|  |TAMS 0x000000008f700000, 0x000000008f700000| Untracked 
| 248|0x000000008f800000, 0x000000008f800000, 0x000000008f900000|  0%| F|  |TAMS 0x000000008f800000, 0x000000008f800000| Untracked 

Card table byte_map: [0x000001c1b26b0000,0x000001c1b2ab0000] _byte_map_base: 0x000001c1b22b0000

Marking Bits (Prev, Next): (CMBitMap*) 0x000001c19dbeb6b8, (CMBitMap*) 0x000001c19dbeb6f0
 Prev Bits: [0x000001c1b2eb0000, 0x000001c1b4eb0000)
 Next Bits: [0x000001c1b4eb0000, 0x000001c1b6eb0000)

Polling page: 0x000001c19da50000

Metaspace:

Usage:
  Non-class:    122.63 MB capacity,   120.30 MB ( 98%) used,     1.91 MB (  2%) free+waste,   429.44 KB ( <1%) overhead. 
      Class:     18.33 MB capacity,    17.01 MB ( 93%) used,     1.13 MB (  6%) free+waste,   192.38 KB (  1%) overhead. 
       Both:    140.96 MB capacity,   137.31 MB ( 97%) used,     3.05 MB (  2%) free+waste,   621.81 KB ( <1%) overhead. 

Virtual space:
  Non-class space:      136.00 MB reserved,     122.67 MB ( 90%) committed 
      Class space:        1.00 GB reserved,      18.38 MB (  2%) committed 
             Both:        1.13 GB reserved,     141.04 MB ( 12%) committed 

Chunk freelists:
   Non-Class:  41.00 KB
       Class:  10.00 KB
        Both:  51.00 KB

MaxMetaspaceSize: 17179869184.00 GB
CompressedClassSpaceSize: 1.00 GB

CodeHeap 'non-profiled nmethods': size=120064Kb used=16005Kb max_used=16005Kb free=104058Kb
 bounds [0x000001c1aa960000, 0x000001c1ab910000, 0x000001c1b1ea0000]
CodeHeap 'profiled nmethods': size=120000Kb used=43399Kb max_used=43399Kb free=76600Kb
 bounds [0x000001c1a3430000, 0x000001c1a5ec0000, 0x000001c1aa960000]
CodeHeap 'non-nmethods': size=5696Kb used=2379Kb max_used=2438Kb free=3316Kb
 bounds [0x000001c1a2ea0000, 0x000001c1a3110000, 0x000001c1a3430000]
 total_blobs=20872 nmethods=19855 adapters=927
 compilation: enabled
              stopped_count=0, restarted_count=0
 full_count=0

Compilation events (20 events):
Event: 263.881 Thread 0x000001c1b9c13000 nmethod 23195 0x000001c1ab901a90 code [0x000001c1ab901c40, 0x000001c1ab901cf8]
Event: 263.881 Thread 0x000001c1b9c13000 23196       1       com.android.tools.r8.ir.regalloc.b::i (5 bytes)
Event: 263.881 Thread 0x000001c1b9c13000 nmethod 23196 0x000001c1ab901d90 code [0x000001c1ab901f40, 0x000001c1ab901ff8]
Event: 263.881 Thread 0x000001c1b9c13000 23197       1       com.android.tools.r8.internal.Gg::K1 (2 bytes)
Event: 263.881 Thread 0x000001c1b9c13000 nmethod 23197 0x000001c1ab902090 code [0x000001c1ab902240, 0x000001c1ab9022f8]
Event: 263.883 Thread 0x000001c1b9c13000 23198       3       com.android.tools.r8.internal.Gg::J0 (29 bytes)
Event: 263.883 Thread 0x000001c1b9c13000 nmethod 23198 0x000001c1a5ebef90 code [0x000001c1a5ebf140, 0x000001c1a5ebf258]
Event: 263.885 Thread 0x000001c1b9c13000 23199       3       com.android.tools.r8.internal.Xv$$Lambda$1719/0x00000001011db440::applyAsInt (8 bytes)
Event: 263.885 Thread 0x000001c1b9c13000 nmethod 23199 0x000001c1a5ebf310 code [0x000001c1a5ebf4c0, 0x000001c1a5ebf6b8]
Event: 263.885 Thread 0x000001c1b9a8e000 23200       4       com.android.tools.r8.internal.Jj::hasNext (217 bytes)
Event: 263.886 Thread 0x000001c1b9c13000 23201       1       com.android.tools.r8.internal.t4::x (2 bytes)
Event: 263.886 Thread 0x000001c1b9c13000 nmethod 23201 0x000001c1ab902390 code [0x000001c1ab902540, 0x000001c1ab9025f8]
Event: 263.886 Thread 0x000001c1b9c13000 23202       1       com.android.tools.r8.internal.t4::w (2 bytes)
Event: 263.886 Thread 0x000001c1b9c13000 nmethod 23202 0x000001c1ab902690 code [0x000001c1ab902840, 0x000001c1ab9028f8]
Event: 263.887 Thread 0x000001c1b9c13000 23203       3       com.android.tools.r8.graph.d0::Z (20 bytes)
Event: 263.887 Thread 0x000001c1b9c13000 nmethod 23203 0x000001c1a5ebf790 code [0x000001c1a5ebf940, 0x000001c1a5ebfad8]
Event: 263.887 Thread 0x000001c1b9c13000 23204       3       com.android.tools.r8.graph.i::a (38 bytes)
Event: 263.888 Thread 0x000001c1b9c13000 nmethod 23204 0x000001c1ab902990 code [0x000001c1ab902b80, 0x000001c1ab9030f8]
Event: 263.888 Thread 0x000001c1b9c13000 23205       3       com.android.tools.r8.internal.X4::a (37 bytes)
Event: 263.888 Thread 0x000001c1b9c13000 nmethod 23205 0x000001c1ab903310 code [0x000001c1ab903500, 0x000001c1ab903a78]

GC Heap History (20 events):
Event: 240.559 GC heap before
{Heap before GC invocations=113 (full 0):
 garbage-first heap   total 254976K, used 204666K [0x0000000080000000, 0x0000000100000000)
  region size 1024K, 82 young (83968K), 6 survivors (6144K)
 Metaspace       used 126539K, capacity 129821K, committed 130092K, reserved 1163264K
  class space    used 15518K, capacity 16691K, committed 16768K, reserved 1048576K
}
Event: 240.575 GC heap after
{Heap after GC invocations=114 (full 0):
 garbage-first heap   total 254976K, used 126363K [0x0000000080000000, 0x0000000100000000)
  region size 1024K, 5 young (5120K), 5 survivors (5120K)
 Metaspace       used 126539K, capacity 129821K, committed 130092K, reserved 1163264K
  class space    used 15518K, capacity 16691K, committed 16768K, reserved 1048576K
}
Event: 243.869 GC heap before
{Heap before GC invocations=114 (full 0):
 garbage-first heap   total 254976K, used 210331K [0x0000000080000000, 0x0000000100000000)
  region size 1024K, 85 young (87040K), 5 survivors (5120K)
 Metaspace       used 126543K, capacity 129853K, committed 130092K, reserved 1163264K
  class space    used 15519K, capacity 16723K, committed 16768K, reserved 1048576K
}
Event: 243.888 GC heap after
{Heap after GC invocations=115 (full 0):
 garbage-first heap   total 254976K, used 128894K [0x0000000080000000, 0x0000000100000000)
  region size 1024K, 6 young (6144K), 6 survivors (6144K)
 Metaspace       used 126543K, capacity 129853K, committed 130092K, reserved 1163264K
  class space    used 15519K, capacity 16723K, committed 16768K, reserved 1048576K
}
Event: 244.778 GC heap before
{Heap before GC invocations=115 (full 0):
 garbage-first heap   total 254976K, used 210814K [0x0000000080000000, 0x0000000100000000)
  region size 1024K, 86 young (88064K), 6 survivors (6144K)
 Metaspace       used 126543K, capacity 129853K, committed 130092K, reserved 1163264K
  class space    used 15519K, capacity 16723K, committed 16768K, reserved 1048576K
}
Event: 244.792 GC heap after
{Heap after GC invocations=116 (full 0):
 garbage-first heap   total 254976K, used 129410K [0x0000000080000000, 0x0000000100000000)
  region size 1024K, 6 young (6144K), 6 survivors (6144K)
 Metaspace       used 126543K, capacity 129853K, committed 130092K, reserved 1163264K
  class space    used 15519K, capacity 16723K, committed 16768K, reserved 1048576K
}
Event: 248.991 GC heap before
{Heap before GC invocations=116 (full 0):
 garbage-first heap   total 254976K, used 215426K [0x0000000080000000, 0x0000000100000000)
  region size 1024K, 88 young (90112K), 6 survivors (6144K)
 Metaspace       used 133085K, capacity 136608K, committed 136876K, reserved 1169408K
  class space    used 16356K, capacity 17590K, committed 17664K, reserved 1048576K
}
Event: 249.054 GC heap after
{Heap after GC invocations=117 (full 0):
 garbage-first heap   total 254976K, used 134791K [0x0000000080000000, 0x0000000100000000)
  region size 1024K, 11 young (11264K), 11 survivors (11264K)
 Metaspace       used 133085K, capacity 136608K, committed 136876K, reserved 1169408K
  class space    used 16356K, capacity 17590K, committed 17664K, reserved 1048576K
}
Event: 253.217 GC heap before
{Heap before GC invocations=117 (full 0):
 garbage-first heap   total 254976K, used 212615K [0x0000000080000000, 0x0000000100000000)
  region size 1024K, 88 young (90112K), 11 survivors (11264K)
 Metaspace       used 134652K, capacity 138293K, committed 138540K, reserved 1169408K
  class space    used 16504K, capacity 17760K, committed 17792K, reserved 1048576K
}
Event: 253.268 GC heap after
{Heap after GC invocations=118 (full 0):
 garbage-first heap   total 254976K, used 132290K [0x0000000080000000, 0x0000000100000000)
  region size 1024K, 3 young (3072K), 3 survivors (3072K)
 Metaspace       used 134652K, capacity 138293K, committed 138540K, reserved 1169408K
  class space    used 16504K, capacity 17760K, committed 17792K, reserved 1048576K
}
Event: 257.263 GC heap before
{Heap before GC invocations=118 (full 0):
 garbage-first heap   total 254976K, used 211138K [0x0000000080000000, 0x0000000100000000)
  region size 1024K, 81 young (82944K), 3 survivors (3072K)
 Metaspace       used 134658K, capacity 138295K, committed 138540K, reserved 1169408K
  class space    used 16504K, capacity 17760K, committed 17792K, reserved 1048576K
}
Event: 257.278 GC heap after
{Heap after GC invocations=119 (full 0):
 garbage-first heap   total 254976K, used 135245K [0x0000000080000000, 0x0000000100000000)
  region size 1024K, 6 young (6144K), 6 survivors (6144K)
 Metaspace       used 134658K, capacity 138295K, committed 138540K, reserved 1169408K
  class space    used 16504K, capacity 17760K, committed 17792K, reserved 1048576K
}
Event: 259.719 GC heap before
{Heap before GC invocations=119 (full 0):
 garbage-first heap   total 254976K, used 213069K [0x0000000080000000, 0x0000000100000000)
  region size 1024K, 83 young (84992K), 6 survivors (6144K)
 Metaspace       used 136071K, capacity 139682K, committed 139820K, reserved 1171456K
  class space    used 16701K, capacity 17986K, committed 18048K, reserved 1048576K
}
Event: 259.753 GC heap after
{Heap after GC invocations=120 (full 0):
 garbage-first heap   total 254976K, used 143453K [0x0000000080000000, 0x0000000100000000)
  region size 1024K, 11 young (11264K), 11 survivors (11264K)
 Metaspace       used 136071K, capacity 139682K, committed 139820K, reserved 1171456K
  class space    used 16701K, capacity 17986K, committed 18048K, reserved 1048576K
}
Event: 261.420 GC heap before
{Heap before GC invocations=120 (full 0):
 garbage-first heap   total 254976K, used 211037K [0x0000000080000000, 0x0000000100000000)
  region size 1024K, 77 young (78848K), 11 survivors (11264K)
 Metaspace       used 137307K, capacity 140965K, committed 141228K, reserved 1173504K
  class space    used 16833K, capacity 18129K, committed 18176K, reserved 1048576K
}
Event: 261.504 GC heap after
{Heap after GC invocations=121 (full 0):
 garbage-first heap   total 254976K, used 152810K [0x0000000080000000, 0x0000000100000000)
  region size 1024K, 10 young (10240K), 10 survivors (10240K)
 Metaspace       used 137307K, capacity 140965K, committed 141228K, reserved 1173504K
  class space    used 16833K, capacity 18129K, committed 18176K, reserved 1048576K
}
Event: 262.685 GC heap before
{Heap before GC invocations=121 (full 0):
 garbage-first heap   total 254976K, used 209130K [0x0000000080000000, 0x0000000100000000)
  region size 1024K, 65 young (66560K), 10 survivors (10240K)
 Metaspace       used 138097K, capacity 141804K, committed 141868K, reserved 1173504K
  class space    used 16943K, capacity 18260K, committed 18304K, reserved 1048576K
}
Event: 262.820 GC heap after
{Heap after GC invocations=122 (full 0):
 garbage-first heap   total 254976K, used 162816K [0x0000000080000000, 0x0000000100000000)
  region size 1024K, 9 young (9216K), 9 survivors (9216K)
 Metaspace       used 138097K, capacity 141804K, committed 141868K, reserved 1173504K
  class space    used 16943K, capacity 18260K, committed 18304K, reserved 1048576K
}
Event: 263.899 GC heap before
{Heap before GC invocations=122 (full 0):
 garbage-first heap   total 254976K, used 193536K [0x0000000080000000, 0x0000000100000000)
  region size 1024K, 40 young (40960K), 9 survivors (9216K)
 Metaspace       used 140604K, capacity 144345K, committed 144428K, reserved 1185792K
  class space    used 17419K, capacity 18774K, committed 18816K, reserved 1048576K
}
Event: 263.975 GC heap after
{Heap after GC invocations=123 (full 0):
 garbage-first heap   total 254976K, used 166912K [0x0000000080000000, 0x0000000100000000)
  region size 1024K, 4 young (4096K), 4 survivors (4096K)
 Metaspace       used 140604K, capacity 144345K, committed 144428K, reserved 1185792K
  class space    used 17419K, capacity 18774K, committed 18816K, reserved 1048576K
}

Deoptimization events (20 events):
Event: 263.871 Thread 0x000001c1bbde9800 Uncommon trap: trap_request=0xffffff4d fr.pc=0x000001c1ab893760 relative=0x0000000000000040
Event: 263.871 Thread 0x000001c1bbde9800 Uncommon trap: reason=unstable_if action=reinterpret pc=0x000001c1ab893760 method=com.android.tools.r8.internal.DA.a(Ljava/lang/Object;[Lcom/android/tools/r8/internal/zf;I)Ljava/lang/Object; @ 5 c2
Event: 263.871 Thread 0x000001c1bbde9800 DEOPT PACKING pc=0x000001c1ab893760 sp=0x000000507bdf9780
Event: 263.871 Thread 0x000001c1bbde9800 DEOPT UNPACKING pc=0x000001c1a2ec78af sp=0x000000507bdf9730 mode 2
Event: 263.872 Thread 0x000001c1bbde9000 Uncommon trap: trap_request=0xffffffc6 fr.pc=0x000001c1ab89a7f0 relative=0x00000000000003d0
Event: 263.872 Thread 0x000001c1bbde9000 Uncommon trap: reason=bimorphic_or_optimized_type_check action=maybe_recompile pc=0x000001c1ab89a7f0 method=com.android.tools.r8.internal.Sb$a.hashCode()I @ 26 c2
Event: 263.872 Thread 0x000001c1bbde9000 DEOPT PACKING pc=0x000001c1ab89a7f0 sp=0x000000507bcf9320
Event: 263.872 Thread 0x000001c1bbde9000 DEOPT UNPACKING pc=0x000001c1a2ec78af sp=0x000000507bcf92c8 mode 2
Event: 263.872 Thread 0x000001c1bbde9000 Uncommon trap: trap_request=0xffffffc6 fr.pc=0x000001c1ab89a7f0 relative=0x00000000000003d0
Event: 263.872 Thread 0x000001c1bbde9000 Uncommon trap: reason=bimorphic_or_optimized_type_check action=maybe_recompile pc=0x000001c1ab89a7f0 method=com.android.tools.r8.internal.Sb$a.hashCode()I @ 26 c2
Event: 263.872 Thread 0x000001c1bbde9000 DEOPT PACKING pc=0x000001c1ab89a7f0 sp=0x000000507bcf9350
Event: 263.872 Thread 0x000001c1bbde9000 DEOPT UNPACKING pc=0x000001c1a2ec78af sp=0x000000507bcf92f8 mode 2
Event: 263.872 Thread 0x000001c1bbde9000 Uncommon trap: trap_request=0xffffffc6 fr.pc=0x000001c1ab89a7f0 relative=0x00000000000003d0
Event: 263.872 Thread 0x000001c1bbde9000 Uncommon trap: reason=bimorphic_or_optimized_type_check action=maybe_recompile pc=0x000001c1ab89a7f0 method=com.android.tools.r8.internal.Sb$a.hashCode()I @ 26 c2
Event: 263.872 Thread 0x000001c1bbde9000 DEOPT PACKING pc=0x000001c1ab89a7f0 sp=0x000000507bcf9320
Event: 263.872 Thread 0x000001c1bbde9000 DEOPT UNPACKING pc=0x000001c1a2ec78af sp=0x000000507bcf92c8 mode 2
Event: 263.872 Thread 0x000001c1bbde9000 Uncommon trap: trap_request=0xffffffc6 fr.pc=0x000001c1ab89a7f0 relative=0x00000000000003d0
Event: 263.872 Thread 0x000001c1bbde9000 Uncommon trap: reason=bimorphic_or_optimized_type_check action=maybe_recompile pc=0x000001c1ab89a7f0 method=com.android.tools.r8.internal.Sb$a.hashCode()I @ 26 c2
Event: 263.872 Thread 0x000001c1bbde9000 DEOPT PACKING pc=0x000001c1ab89a7f0 sp=0x000000507bcf9350
Event: 263.872 Thread 0x000001c1bbde9000 DEOPT UNPACKING pc=0x000001c1a2ec78af sp=0x000000507bcf92f8 mode 2

Classes redefined (0 events):
No events

Internal exceptions (20 events):
Event: 250.032 Thread 0x000001c1b9f7d800 Exception <a 'sun/nio/fs/WindowsException'{0x000000008f0894d8}> (0x000000008f0894d8) thrown at [./src/hotspot/share/prims/jni.cpp, line 615]
Event: 250.032 Thread 0x000001c1b9f7d800 Exception <a 'sun/nio/fs/WindowsException'{0x000000008f08b6e0}> (0x000000008f08b6e0) thrown at [./src/hotspot/share/prims/jni.cpp, line 615]
Event: 250.087 Thread 0x000001c1b9f7d800 Exception <a 'sun/nio/fs/WindowsException'{0x000000008f0f93c8}> (0x000000008f0f93c8) thrown at [./src/hotspot/share/prims/jni.cpp, line 615]
Event: 250.125 Thread 0x000001c1b9f7d800 Exception <a 'sun/nio/fs/WindowsException'{0x000000008ef36d68}> (0x000000008ef36d68) thrown at [./src/hotspot/share/prims/jni.cpp, line 615]
Event: 250.158 Thread 0x000001c1b9f7d800 Exception <a 'sun/nio/fs/WindowsException'{0x000000008ef6b5f8}> (0x000000008ef6b5f8) thrown at [./src/hotspot/share/prims/jni.cpp, line 615]
Event: 250.171 Thread 0x000001c1b9f7d800 Exception <a 'sun/nio/fs/WindowsException'{0x000000008ef7f540}> (0x000000008ef7f540) thrown at [./src/hotspot/share/prims/jni.cpp, line 615]
Event: 258.424 Thread 0x000001c1bbddf000 Exception <a 'java/lang/NoSuchMethodError'{0x000000008d159990}: <clinit>> (0x000000008d159990) thrown at [./src/hotspot/share/prims/jni.cpp, line 1362]
Event: 258.719 Thread 0x000001c1bbde9000 Exception <a 'sun/nio/fs/WindowsException'{0x000000008c2838f8}> (0x000000008c2838f8) thrown at [./src/hotspot/share/prims/jni.cpp, line 615]
Event: 258.938 Thread 0x000001c1bbde9000 Exception <a 'java/lang/IncompatibleClassChangeError'{0x000000008b8d0448}: Found class java.lang.Object, but interface was expected> (0x000000008b8d0448) thrown at [./src/hotspot/share/interpreter/linkResolver.cpp, line 839]
Event: 259.185 Thread 0x000001c1bbde9800 Exception <a 'sun/nio/fs/WindowsException'{0x000000008af63ba8}> (0x000000008af63ba8) thrown at [./src/hotspot/share/prims/jni.cpp, line 615]
Event: 260.368 Thread 0x000001c1bbde9000 Exception <a 'java/lang/IncompatibleClassChangeError'{0x000000008e8fd0b8}: Found class java.lang.Object, but interface was expected> (0x000000008e8fd0b8) thrown at [./src/hotspot/share/interpreter/linkResolver.cpp, line 839]
Event: 263.535 Thread 0x000001c1bbde9800 Exception <a 'java/lang/NoSuchMethodError'{0x000000008e28dd90}: 'java.lang.Object java.lang.invoke.DirectMethodHandle$Holder.invokeVirtual(java.lang.Object, java.lang.Object, int, java.lang.Object)'> (0x000000008e28dd90) thrown at [./src/hotspot/share/interpreter/linkResolver.cpp, line 773]
Event: 263.539 Thread 0x000001c1bbde9000 Exception <a 'java/lang/NoSuchMethodError'{0x000000008e11e108}: 'java.lang.Object java.lang.invoke.DirectMethodHandle$Holder.invokeVirtual(java.lang.Object, java.lang.Object, int, java.lang.Object)'> (0x000000008e11e108) thrown at [./src/hotspot/share/interpreter/linkResolver.cpp, line 773]
Event: 263.573 Thread 0x000001c1bbde9000 Exception <a 'java/lang/IncompatibleClassChangeError'{0x000000008e176fb0}: Found class java.lang.Object, but interface was expected> (0x000000008e176fb0) thrown at [./src/hotspot/share/interpreter/linkResolver.cpp, line 839]
Event: 263.573 Thread 0x000001c1bbde9800 Exception <a 'java/lang/IncompatibleClassChangeError'{0x000000008e2e3ad8}: Found class java.lang.Object, but interface was expected> (0x000000008e2e3ad8) thrown at [./src/hotspot/share/interpreter/linkResolver.cpp, line 839]
Event: 263.578 Thread 0x000001c1bbde9000 Exception <a 'java/lang/IncompatibleClassChangeError'{0x000000008e17a900}: Found class java.lang.Object, but interface was expected> (0x000000008e17a900) thrown at [./src/hotspot/share/interpreter/linkResolver.cpp, line 839]
Event: 263.578 Thread 0x000001c1bbde9800 Exception <a 'java/lang/IncompatibleClassChangeError'{0x000000008e194710}: Found class java.lang.Object, but interface was expected> (0x000000008e194710) thrown at [./src/hotspot/share/interpreter/linkResolver.cpp, line 839]
Event: 263.616 Thread 0x000001c1bbde9000 Exception <a 'java/lang/NoSuchMethodError'{0x000000008e082d78}: 'void java.lang.invoke.DirectMethodHandle$Holder.invokeVirtual(java.lang.Object, java.lang.Object, int, java.lang.Object)'> (0x000000008e082d78) thrown at [./src/hotspot/share/interpreter/linkResolver.cpp, line 773]
Event: 263.616 Thread 0x000001c1bbde9800 Exception <a 'java/lang/NoSuchMethodError'{0x000000008e09fa18}: 'void java.lang.invoke.DirectMethodHandle$Holder.invokeVirtual(java.lang.Object, java.lang.Object, int, java.lang.Object)'> (0x000000008e09fa18) thrown at [./src/hotspot/share/interpreter/linkResolver.cpp, line 773]
Event: 263.746 Thread 0x000001c1bbde9800 Exception <a 'java/lang/NoSuchMethodError'{0x000000008dd8bd50}: 'java.lang.Object java.lang.invoke.DirectMethodHandle$Holder.newInvokeSpecial(java.lang.Object, int)'> (0x000000008dd8bd50) thrown at [./src/hotspot/share/interpreter/linkResolver.cpp, line 773]

Events (20 events):
Event: 263.878 loading class com/android/tools/r8/ir/regalloc/a done
Event: 263.878 loading class com/android/tools/r8/ir/regalloc/b
Event: 263.878 loading class com/android/tools/r8/ir/regalloc/b done
Event: 263.878 loading class com/android/tools/r8/ir/regalloc/a
Event: 263.878 loading class com/android/tools/r8/ir/regalloc/a done
Event: 263.879 loading class com/android/tools/r8/internal/X
Event: 263.879 loading class com/android/tools/r8/internal/X done
Event: 263.882 loading class com/android/tools/r8/internal/h0
Event: 263.882 loading class com/android/tools/r8/internal/h0 done
Event: 263.884 loading class com/android/tools/r8/graph/G$b
Event: 263.884 loading class com/android/tools/r8/graph/G$b done
Event: 263.884 loading class com/android/tools/r8/graph/G$b
Event: 263.884 loading class com/android/tools/r8/graph/G$b done
Event: 263.885 loading class com/android/tools/r8/internal/X$j
Event: 263.885 loading class com/android/tools/r8/internal/X$j done
Event: 263.893 loading class com/android/tools/r8/code/o3
Event: 263.893 loading class com/android/tools/r8/code/o3 done
Event: 263.896 loading class com/android/tools/r8/code/I3
Event: 263.896 loading class com/android/tools/r8/code/I3 done
Event: 263.898 Executing VM operation: CollectForMetadataAllocation


Dynamic libraries:
0x00007ff6770a0000 - 0x00007ff6770aa000 	C:\Program Files\Android\Android Studio\jre\bin\java.exe
0x00007ffaafe30000 - 0x00007ffab0025000 	C:\windows\SYSTEM32\ntdll.dll
0x00007ffaade80000 - 0x00007ffaadf3e000 	C:\windows\System32\KERNEL32.DLL
0x00007ffaad6f0000 - 0x00007ffaad9b9000 	C:\windows\System32\KERNELBASE.dll
0x00007ffaada50000 - 0x00007ffaadb50000 	C:\windows\System32\ucrtbase.dll
0x00007ffa99390000 - 0x00007ffa993a9000 	C:\Program Files\Android\Android Studio\jre\bin\jli.dll
0x00007ffaaf240000 - 0x00007ffaaf3e1000 	C:\windows\System32\USER32.dll
0x00007ffaadd40000 - 0x00007ffaadd62000 	C:\windows\System32\win32u.dll
0x00007ffaafa60000 - 0x00007ffaafa8b000 	C:\windows\System32\GDI32.dll
0x00007ffaadd70000 - 0x00007ffaade7b000 	C:\windows\System32\gdi32full.dll
0x00007ffaad550000 - 0x00007ffaad5ed000 	C:\windows\System32\msvcp_win.dll
0x00007ffa95460000 - 0x00007ffa95477000 	C:\Program Files\Android\Android Studio\jre\bin\VCRUNTIME140.dll
0x00007ffa956d0000 - 0x00007ffa9596a000 	C:\windows\WinSxS\amd64_microsoft.windows.common-controls_6595b64144ccf1df_6.0.19041.1110_none_60b5254171f9507e\COMCTL32.dll
0x00007ffaaf540000 - 0x00007ffaaf5de000 	C:\windows\System32\msvcrt.dll
0x00007ffaaf9c0000 - 0x00007ffaaf9f0000 	C:\windows\System32\IMM32.DLL
0x00007ffa821d0000 - 0x00007ffa8226d000 	C:\Program Files\Android\Android Studio\jre\bin\msvcp140.dll
0x00007ffa74040000 - 0x00007ffa74b0f000 	C:\Program Files\Android\Android Studio\jre\bin\server\jvm.dll
0x00007ffaaf190000 - 0x00007ffaaf23c000 	C:\windows\System32\ADVAPI32.dll
0x00007ffaaf3f0000 - 0x00007ffaaf48b000 	C:\windows\System32\sechost.dll
0x00007ffaaf710000 - 0x00007ffaaf83a000 	C:\windows\System32\RPCRT4.dll
0x00007ffaaf000000 - 0x00007ffaaf008000 	C:\windows\System32\PSAPI.DLL
0x00007ffaaac30000 - 0x00007ffaaac39000 	C:\windows\SYSTEM32\WSOCK32.dll
0x00007ffaaf9f0000 - 0x00007ffaafa5b000 	C:\windows\System32\WS2_32.dll
0x00007ffaa5500000 - 0x00007ffaa5527000 	C:\windows\SYSTEM32\WINMM.dll
0x00007ffaa5530000 - 0x00007ffaa553a000 	C:\windows\SYSTEM32\VERSION.dll
0x00007ffaab450000 - 0x00007ffaab462000 	C:\windows\SYSTEM32\kernel.appcore.dll
0x00007ffaa6ff0000 - 0x00007ffaa7001000 	C:\Program Files\Android\Android Studio\jre\bin\verify.dll
0x00007ffa9be00000 - 0x00007ffa9bfe4000 	C:\windows\SYSTEM32\DBGHELP.DLL
0x00007ffa95e90000 - 0x00007ffa95ebc000 	C:\windows\SYSTEM32\dbgcore.DLL
0x00007ffaadcb0000 - 0x00007ffaadd33000 	C:\windows\System32\bcryptPrimitives.dll
0x00007ffa9bbe0000 - 0x00007ffa9bc09000 	C:\Program Files\Android\Android Studio\jre\bin\java.dll
0x00007ffaaabd0000 - 0x00007ffaaabdb000 	C:\Program Files\Android\Android Studio\jre\bin\jimage.dll
0x00007ffaa6ad0000 - 0x00007ffaa6ae8000 	C:\Program Files\Android\Android Studio\jre\bin\zip.dll
0x00007ffaae680000 - 0x00007ffaaedbf000 	C:\windows\System32\SHELL32.dll
0x00007ffaab650000 - 0x00007ffaabde0000 	C:\windows\SYSTEM32\windows.storage.dll
0x00007ffaafa90000 - 0x00007ffaafde5000 	C:\windows\System32\combase.dll
0x00007ffaaced0000 - 0x00007ffaacefc000 	C:\windows\SYSTEM32\Wldp.dll
0x00007ffaaf010000 - 0x00007ffaaf0bd000 	C:\windows\System32\SHCORE.dll
0x00007ffaae620000 - 0x00007ffaae675000 	C:\windows\System32\shlwapi.dll
0x00007ffaad490000 - 0x00007ffaad4af000 	C:\windows\SYSTEM32\profapi.dll
0x00007ffaa5360000 - 0x00007ffaa537a000 	C:\Program Files\Android\Android Studio\jre\bin\net.dll
0x00007ffa98830000 - 0x00007ffa98938000 	C:\windows\SYSTEM32\WINHTTP.dll
0x00007ffaacc30000 - 0x00007ffaacc9a000 	C:\windows\system32\mswsock.dll
0x00007ffaa5320000 - 0x00007ffaa5334000 	C:\Program Files\Android\Android Studio\jre\bin\nio.dll
0x00007ffa92d40000 - 0x00007ffa92d67000 	C:\Users\camil\.gradle\native\8bec1ad78214c89d9ad589b4d07fe93259594b29d510b10fafb7a158f7737e5d\windows-amd64\native-platform.dll
0x00007ffa78c00000 - 0x00007ffa78d3d000 	C:\Users\camil\.gradle\native\53dbd7edfb1c66fb8903c78663c9afc45aea4f116125fa6feffd364cf09443e8\windows-amd64\native-platform-file-events.dll
0x00007ffaaabb0000 - 0x00007ffaaabba000 	C:\Program Files\Android\Android Studio\jre\bin\management.dll
0x00007ffaa6f20000 - 0x00007ffaa6f2c000 	C:\Program Files\Android\Android Studio\jre\bin\management_ext.dll
0x00007ffaace20000 - 0x00007ffaace38000 	C:\windows\SYSTEM32\CRYPTSP.dll
0x00007ffaac5b0000 - 0x00007ffaac5e4000 	C:\windows\system32\rsaenh.dll
0x00007ffaad9c0000 - 0x00007ffaad9e7000 	C:\windows\System32\bcrypt.dll
0x00007ffaad410000 - 0x00007ffaad43e000 	C:\windows\SYSTEM32\USERENV.dll
0x00007ffaace40000 - 0x00007ffaace4c000 	C:\windows\SYSTEM32\CRYPTBASE.dll
0x00007ffaac920000 - 0x00007ffaac95b000 	C:\windows\SYSTEM32\IPHLPAPI.DLL
0x00007ffaaeea0000 - 0x00007ffaaeea8000 	C:\windows\System32\NSI.dll
0x00007ffaa23e0000 - 0x00007ffaa23f7000 	C:\windows\SYSTEM32\dhcpcsvc6.DLL
0x00007ffaa5070000 - 0x00007ffaa508d000 	C:\windows\SYSTEM32\dhcpcsvc.DLL
0x00007ffaac960000 - 0x00007ffaaca2c000 	C:\windows\SYSTEM32\DNSAPI.dll
0x00007ffa95550000 - 0x00007ffa95577000 	C:\Program Files\Android\Android Studio\jre\bin\sunec.dll
0x00007ffa98820000 - 0x00007ffa9882a000 	C:\Windows\System32\rasadhlp.dll
0x00007ffa98b50000 - 0x00007ffa98bcf000 	C:\windows\System32\fwpuclnt.dll
0x00007ffaac240000 - 0x00007ffaac273000 	C:\windows\SYSTEM32\ntmarta.dll
0x00007ffaaadd0000 - 0x00007ffaaae60000 	C:\windows\system32\apphelp.dll

dbghelp: loaded successfully - version: 4.0.5 - missing functions: none
symbol engine: initialized successfully - sym options: 0x614 - pdb path: .;C:\Program Files\Android\Android Studio\jre\bin;C:\windows\SYSTEM32;C:\windows\WinSxS\amd64_microsoft.windows.common-controls_6595b64144ccf1df_6.0.19041.1110_none_60b5254171f9507e;C:\Program Files\Android\Android Studio\jre\bin\server;C:\Users\camil\.gradle\native\8bec1ad78214c89d9ad589b4d07fe93259594b29d510b10fafb7a158f7737e5d\windows-amd64;C:\Users\camil\.gradle\native\53dbd7edfb1c66fb8903c78663c9afc45aea4f116125fa6feffd364cf09443e8\windows-amd64

VM Arguments:
jvm_args: --add-opens=java.base/java.util=ALL-UNNAMED --add-opens=java.base/java.lang=ALL-UNNAMED --add-opens=java.base/java.lang.invoke=ALL-UNNAMED --add-opens=java.base/java.util=ALL-UNNAMED --add-opens=java.prefs/java.util.prefs=ALL-UNNAMED --add-opens=java.prefs/java.util.prefs=ALL-UNNAMED --add-opens=java.base/java.nio.charset=ALL-UNNAMED --add-opens=java.base/java.net=ALL-UNNAMED --add-opens=java.base/java.util.concurrent.atomic=ALL-UNNAMED -Xmx2048m -Dfile.encoding=UTF-8 -Duser.country=CO -Duser.language=es -Duser.variant 
java_command: org.gradle.launcher.daemon.bootstrap.GradleDaemon 7.0.2
java_class_path (initial): C:\Users\camil\.gradle\wrapper\dists\gradle-7.0.2-bin\857tjihv64xamwrf0h14cai3r\gradle-7.0.2\lib\gradle-launcher-7.0.2.jar
Launcher Type: SUN_STANDARD

[Global flags]
     intx CICompilerCount                          = 2                                         {product} {ergonomic}
     uint ConcGCThreads                            = 1                                         {product} {ergonomic}
     uint G1ConcRefinementThreads                  = 2                                         {product} {ergonomic}
   size_t G1HeapRegionSize                         = 1048576                                   {product} {ergonomic}
    uintx GCDrainStackTargetSize                   = 64                                        {product} {ergonomic}
   size_t InitialHeapSize                          = 58720256                                  {product} {ergonomic}
   size_t MarkStackSize                            = 4194304                                   {product} {ergonomic}
   size_t MaxHeapSize                              = 2147483648                                {product} {command line}
   size_t MaxNewSize                               = 1287651328                                {product} {ergonomic}
   size_t MinHeapDeltaBytes                        = 1048576                                   {product} {ergonomic}
    uintx NonNMethodCodeHeapSize                   = 5825164                                {pd product} {ergonomic}
    uintx NonProfiledCodeHeapSize                  = 122916538                              {pd product} {ergonomic}
    uintx ProfiledCodeHeapSize                     = 122916538                              {pd product} {ergonomic}
    uintx ReservedCodeCacheSize                    = 251658240                              {pd product} {ergonomic}
     bool SegmentedCodeCache                       = true                                      {product} {ergonomic}
     bool UseCompressedClassPointers               = true                                 {lp64_product} {ergonomic}
     bool UseCompressedOops                        = true                                 {lp64_product} {ergonomic}
     bool UseG1GC                                  = true                                      {product} {ergonomic}
     bool UseLargePagesIndividualAllocation        = false                                  {pd product} {ergonomic}

Logging:
Log output configuration:
 #0: stdout all=warning uptime,level,tags
 #1: stderr all=off uptime,level,tags

Environment Variables:
PATH=C:\Program Files (x86)\Common Files\Oracle\Java\javapath;C:\windows\system32;C:\windows;C:\windows\System32\Wbem;C:\windows\System32\WindowsPowerShell\v1.0\;C:\windows\System32\OpenSSH\;C:\Program Files\Git\cmd;C:\Program Files\Java\jdk1.8.0_301\bin;C:\Program Files\MATLAB\R2021b\bin;C:\Users\camil\AppData\Local\Microsoft\WindowsApps;;C:\altera_lite\16.0\modelsim_ase\win32aloem
USERNAME=camil
OS=Windows_NT
PROCESSOR_IDENTIFIER=AMD64 Family 23 Model 32 Stepping 1, AuthenticAMD



---------------  S Y S T E M  ---------------

OS: Windows 10 , 64 bit Build 19041 (10.0.19041.1202)
OS uptime: 12 days 0:16 hours

CPU:total 2 (initial active 2) (2 cores per cpu, 1 threads per core) family 23 model 32 stepping 1 microcode 0x0, cmov, cx8, fxsr, mmx, sse, sse2, sse3, ssse3, sse4.1, sse4.2, popcnt, avx, avx2, aes, clmul, mmxext, 3dnowpref, lzcnt, sse4a, tsc, tscinvbit, tscinv, bmi1, bmi2, adx, sha, 

Memory: 4k page, system-wide physical 3526M (77M free)
TotalPageFile size 14278M (AvailPageFile size 0M)
current process WorkingSet (physical memory assigned to process): 316M, peak: 409M
current process commit charge ("private bytes"): 654M, peak: 662M

vm_info: OpenJDK 64-Bit Server VM (11.0.10+0-b96-7249189) for windows-amd64 JRE (11.0.10+0-b96-7249189), built on Mar 31 2021 21:44:00 by "builder" with MS VC++ 14.0 (VS2015)

END.
