#
# There is insufficient memory for the Java Runtime Environment to continue.
# Native memory allocation (malloc) failed to allocate 1211216 bytes for Chunk::new
# Possible reasons:
#   The system is out of physical RAM or swap space
#   The process is running with CompressedOops enabled, and the Java Heap may be blocking the growth of the native heap
# Possible solutions:
#   Reduce memory load on the system
#   Increase physical memory or swap space
#   Check if swap backing store is full
#   Decrease Java heap size (-Xmx/-Xms)
#   Decrease number of Java threads
#   Decrease Java thread stack sizes (-Xss)
#   Set larger code cache with -XX:ReservedCodeCacheSize=
#   JVM is running with Unscaled Compressed Oops mode in which the Java heap is
#     placed in the first 4GB address space. The Java Heap base address is the
#     maximum limit for the native heap growth. Please use -XX:HeapBaseMinAddress
#     to set the Java Heap base and to place the Java Heap above 4GB virtual address.
# This output file may be truncated or incomplete.
#
#  Out of Memory Error (./src/hotspot/share/memory/arena.cpp:197), pid=4600, tid=7808
#
# JRE version: OpenJDK Runtime Environment (11.0.10) (build 11.0.10+0-b96-7249189)
# Java VM: OpenJDK 64-Bit Server VM (11.0.10+0-b96-7249189, mixed mode, tiered, compressed oops, g1 gc, windows-amd64)
# No core dump will be written. Minidumps are not enabled by default on client versions of Windows
#

---------------  S U M M A R Y ------------

Command Line: --add-opens=java.base/java.util=ALL-UNNAMED --add-opens=java.base/java.lang=ALL-UNNAMED --add-opens=java.base/java.lang.invoke=ALL-UNNAMED --add-opens=java.base/java.util=ALL-UNNAMED --add-opens=java.prefs/java.util.prefs=ALL-UNNAMED --add-opens=java.prefs/java.util.prefs=ALL-UNNAMED --add-opens=java.base/java.nio.charset=ALL-UNNAMED --add-opens=java.base/java.net=ALL-UNNAMED --add-opens=java.base/java.util.concurrent.atomic=ALL-UNNAMED -Xmx2048m -Dfile.encoding=UTF-8 -Duser.country=CO -Duser.language=es -Duser.variant org.gradle.launcher.daemon.bootstrap.GradleDaemon 7.0.2

Host: AMD 3020e with Radeon Graphics                 , 2 cores, 3G,  Windows 10 , 64 bit Build 19041 (10.0.19041.1202)
Time: Tue Oct 26 22:52:30 2021 Hora est. Pacífico, Sudamérica elapsed time: 79.305778 seconds (0d 0h 1m 19s)

---------------  T H R E A D  ---------------

Current thread (0x0000019371b61800):  JavaThread "C2 CompilerThread0" daemon [_thread_in_native, id=7808, stack(0x0000002275f00000,0x0000002276000000)]


Current CompileTask:
C2:  79305 10254       4       java.lang.reflect.Constructor::newInstance (76 bytes)

Stack: [0x0000002275f00000,0x0000002276000000]
Native frames: (J=compiled Java code, j=interpreted, Vv=VM code, C=native code)
V  [jvm.dll+0x5ecfaa]
V  [jvm.dll+0x722bd5]
V  [jvm.dll+0x72412d]
V  [jvm.dll+0x7247e3]
V  [jvm.dll+0x242928]
V  [jvm.dll+0xbc4fc]
V  [jvm.dll+0xbca0c]
V  [jvm.dll+0x352d3b]
V  [jvm.dll+0x19800c]
V  [jvm.dll+0x1fb70e]
V  [jvm.dll+0x1fa7f4]
V  [jvm.dll+0x18354c]
V  [jvm.dll+0x208ee7]
V  [jvm.dll+0x207731]
V  [jvm.dll+0x6eb1cf]
V  [jvm.dll+0x6e3d45]
V  [jvm.dll+0x5ebe96]
C  [ucrtbase.dll+0x21bb2]
C  [KERNEL32.DLL+0x17034]
C  [ntdll.dll+0x52651]


---------------  P R O C E S S  ---------------

Threads class SMR info:
_java_thread_list=0x0000019378deece0, length=42, elements={
0x000001935742a000, 0x0000019371afe800, 0x0000019371b00800, 0x0000019371b5a000,
0x0000019371b5c000, 0x0000019371b5e000, 0x0000019371b61800, 0x0000019371b63800,
0x0000019371cfd800, 0x0000019371e10800, 0x00000193735f9000, 0x00000193744e7800,
0x0000019374070000, 0x0000019372a70000, 0x0000019374a00800, 0x000001937203b800,
0x000001937203c000, 0x00000193728ef800, 0x00000193730a4800, 0x00000193730a3800,
0x00000193730a5000, 0x00000193730a3000, 0x000001937534c800, 0x0000019375351000,
0x0000019375353800, 0x0000019375351800, 0x0000019375352800, 0x000001937534d800,
0x0000019375354000, 0x000001937534f000, 0x0000019375355800, 0x0000019375350000,
0x000001937535a000, 0x0000019375359000, 0x0000019375356800, 0x0000019375357800,
0x0000019374f87800, 0x0000019374f89000, 0x0000019374f85000, 0x0000019374f8a000,
0x0000019374f84000, 0x0000019374f8a800
}

Java Threads: ( => current thread )
  0x000001935742a000 JavaThread "main" [_thread_blocked, id=6304, stack(0x0000002275300000,0x0000002275400000)]
  0x0000019371afe800 JavaThread "Reference Handler" daemon [_thread_blocked, id=15660, stack(0x0000002275a00000,0x0000002275b00000)]
  0x0000019371b00800 JavaThread "Finalizer" daemon [_thread_blocked, id=3920, stack(0x0000002275b00000,0x0000002275c00000)]
  0x0000019371b5a000 JavaThread "Signal Dispatcher" daemon [_thread_blocked, id=14284, stack(0x0000002275c00000,0x0000002275d00000)]
  0x0000019371b5c000 JavaThread "Attach Listener" daemon [_thread_blocked, id=8832, stack(0x0000002275d00000,0x0000002275e00000)]
  0x0000019371b5e000 JavaThread "Service Thread" daemon [_thread_blocked, id=12276, stack(0x0000002275e00000,0x0000002275f00000)]
=>0x0000019371b61800 JavaThread "C2 CompilerThread0" daemon [_thread_in_native, id=7808, stack(0x0000002275f00000,0x0000002276000000)]
  0x0000019371b63800 JavaThread "C1 CompilerThread0" daemon [_thread_blocked, id=16728, stack(0x0000002276000000,0x0000002276100000)]
  0x0000019371cfd800 JavaThread "Sweeper thread" daemon [_thread_blocked, id=11684, stack(0x0000002276100000,0x0000002276200000)]
  0x0000019371e10800 JavaThread "Common-Cleaner" daemon [_thread_blocked, id=15872, stack(0x0000002276200000,0x0000002276300000)]
  0x00000193735f9000 JavaThread "Daemon health stats" [_thread_blocked, id=8596, stack(0x0000002276500000,0x0000002276600000)]
  0x00000193744e7800 JavaThread "Incoming local TCP Connector on port 62008" [_thread_in_native, id=1800, stack(0x0000002276600000,0x0000002276700000)]
  0x0000019374070000 JavaThread "Daemon" [_thread_blocked, id=12772, stack(0x0000002276700000,0x0000002276800000)]
  0x0000019372a70000 JavaThread "Handler for socket connection from /127.0.0.1:62008 to /127.0.0.1:62009" [_thread_in_native, id=17200, stack(0x0000002276800000,0x0000002276900000)]
  0x0000019374a00800 JavaThread "Daemon periodic checks" [_thread_blocked, id=17528, stack(0x0000002276900000,0x0000002276a00000)]
  0x000001937203b800 JavaThread "Cancel handler" [_thread_blocked, id=10132, stack(0x0000002276a00000,0x0000002276b00000)]
  0x000001937203c000 JavaThread "Daemon worker" [_thread_blocked, id=15284, stack(0x0000002276b00000,0x0000002276c00000)]
  0x00000193728ef800 JavaThread "Asynchronous log dispatcher for DefaultDaemonConnection: socket connection from /127.0.0.1:62008 to /127.0.0.1:62009" [_thread_blocked, id=12688, stack(0x0000002276c00000,0x0000002276d00000)]
  0x00000193730a4800 JavaThread "Daemon client event forwarder" [_thread_blocked, id=8920, stack(0x0000002276e00000,0x0000002276f00000)]
  0x00000193730a3800 JavaThread "Cache worker for file hash cache (C:\Users\camil\.gradle\caches\7.0.2\fileHashes)" [_thread_blocked, id=8652, stack(0x0000002276f00000,0x0000002277000000)]
  0x00000193730a5000 JavaThread "File lock request listener" [_thread_in_native, id=18352, stack(0x0000002277000000,0x0000002277100000)]
  0x00000193730a3000 JavaThread "Cache worker for journal cache (C:\Users\camil\.gradle\caches\journal-1)" [_thread_blocked, id=7852, stack(0x0000002277100000,0x0000002277200000)]
  0x000001937534c800 JavaThread "Cache worker for file hash cache (C:\Users\camil\Documents\prograRed\Reto_1\.gradle\7.0.2\fileHashes)" [_thread_blocked, id=13000, stack(0x0000002277200000,0x0000002277300000)]
  0x0000019375351000 JavaThread "File watcher server" daemon [_thread_in_native, id=9012, stack(0x0000002277300000,0x0000002277400000)]
  0x0000019375353800 JavaThread "File watcher consumer" daemon [_thread_blocked, id=16784, stack(0x0000002277400000,0x0000002277500000)]
  0x0000019375351800 JavaThread "Cache worker for checksums cache (C:\Users\camil\Documents\prograRed\Reto_1\.gradle\checksums)" [_thread_blocked, id=18240, stack(0x0000002277500000,0x0000002277600000)]
  0x0000019375352800 JavaThread "Cache worker for cache directory md-supplier (C:\Users\camil\.gradle\caches\7.0.2\md-supplier)" [_thread_blocked, id=644, stack(0x0000002277600000,0x0000002277700000)]
  0x000001937534d800 JavaThread "Cache worker for cache directory md-rule (C:\Users\camil\.gradle\caches\7.0.2\md-rule)" [_thread_blocked, id=15560, stack(0x0000002277700000,0x0000002277800000)]
  0x0000019375354000 JavaThread "Cache worker for execution history cache (C:\Users\camil\.gradle\caches\7.0.2\executionHistory)" [_thread_blocked, id=3528, stack(0x0000002277800000,0x0000002277900000)]
  0x000001937534f000 JavaThread "jar transforms" [_thread_blocked, id=9604, stack(0x0000002277900000,0x0000002277a00000)]
  0x0000019375355800 JavaThread "jar transforms Thread 2" [_thread_blocked, id=17076, stack(0x0000002277a00000,0x0000002277b00000)]
  0x0000019375350000 JavaThread "Cache worker for file content cache (C:\Users\camil\.gradle\caches\7.0.2\fileContent)" [_thread_blocked, id=5052, stack(0x0000002277b00000,0x0000002277c00000)]
  0x000001937535a000 JavaThread "Cache worker for dependencies-accessors (C:\Users\camil\Documents\prograRed\Reto_1\.gradle\7.0.2\dependencies-accessors)" [_thread_blocked, id=17320, stack(0x0000002277c00000,0x0000002277d00000)]
  0x0000019375359000 JavaThread "Cache worker for Build Output Cleanup Cache (C:\Users\camil\Documents\prograRed\Reto_1\.gradle\buildOutputCleanup)" [_thread_blocked, id=11944, stack(0x0000002277d00000,0x0000002277e00000)]
  0x0000019375356800 JavaThread "Build operations" [_thread_blocked, id=10952, stack(0x0000002277e00000,0x0000002277f00000)]
  0x0000019375357800 JavaThread "Build operations Thread 2" [_thread_blocked, id=4112, stack(0x0000002277f00000,0x0000002278000000)]
  0x0000019374f87800 JavaThread "Memory manager" [_thread_blocked, id=17792, stack(0x0000002278000000,0x0000002278100000)]
  0x0000019374f89000 JavaThread "build event listener" [_thread_blocked, id=11916, stack(0x0000002278200000,0x0000002278300000)]
  0x0000019374f85000 JavaThread "Execution worker for ':'" [_thread_blocked, id=8404, stack(0x0000002278300000,0x0000002278400000)]
  0x0000019374f8a000 JavaThread "Cache worker for execution history cache (C:\Users\camil\Documents\prograRed\Reto_1\.gradle\7.0.2\executionHistory)" [_thread_blocked, id=17072, stack(0x0000002278400000,0x0000002278500000)]
  0x0000019374f84000 JavaThread "WorkerExecutor Queue" [_thread_in_Java, id=17208, stack(0x0000002278500000,0x0000002278600000)]
  0x0000019374f8a800 JavaThread "WorkerExecutor Queue Thread 2" [_thread_in_Java, id=6332, stack(0x0000002278600000,0x0000002278700000)]

Other Threads:
  0x0000019371af8000 VMThread "VM Thread" [stack: 0x0000002275900000,0x0000002275a00000] [id=7348]
  0x0000019371e48800 WatcherThread [stack: 0x0000002276300000,0x0000002276400000] [id=10820]
  0x0000019357444800 GCTaskThread "GC Thread#0" [stack: 0x0000002275400000,0x0000002275500000] [id=16620]
  0x0000019371f41000 GCTaskThread "GC Thread#1" [stack: 0x0000002276400000,0x0000002276500000] [id=6468]
  0x0000019357474800 ConcurrentGCThread "G1 Main Marker" [stack: 0x0000002275500000,0x0000002275600000] [id=16420]
  0x0000019357477000 ConcurrentGCThread "G1 Conc#0" [stack: 0x0000002275600000,0x0000002275700000] [id=6388]
  0x00000193574b5800 ConcurrentGCThread "G1 Refine#0" [stack: 0x0000002275700000,0x0000002275800000] [id=8112]
  0x00000193574b6800 ConcurrentGCThread "G1 Young RemSet Sampling" [stack: 0x0000002275800000,0x0000002275900000] [id=1592]

Threads with active compile tasks:
C2 CompilerThread0  79396 10254       4       java.lang.reflect.Constructor::newInstance (76 bytes)

VM state:not at safepoint (normal execution)

VM Mutex/Monitor currently owned by a thread: None

Heap address: 0x0000000080000000, size: 2048 MB, Compressed Oops mode: 32-bit
Narrow klass base: 0x0000000000000000, Narrow klass shift: 3
Compressed class space size: 1073741824 Address: 0x0000000100000000

Heap:
 garbage-first heap   total 146432K, used 92780K [0x0000000080000000, 0x0000000100000000)
  region size 1024K, 4 young (4096K), 2 survivors (2048K)
 Metaspace       used 82497K, capacity 84629K, committed 84864K, reserved 1124352K
  class space    used 10591K, capacity 11345K, committed 11392K, reserved 1048576K
Heap Regions: E=young(eden), S=young(survivor), O=old, HS=humongous(starts), HC=humongous(continues), CS=collection set, F=free, A=archive, TAMS=top-at-mark-start (previous, next)
|   0|0x0000000080000000, 0x0000000080100000, 0x0000000080100000|100%| O|  |TAMS 0x0000000080100000, 0x0000000080000000| Untracked 
|   1|0x0000000080100000, 0x0000000080200000, 0x0000000080200000|100%| O|  |TAMS 0x0000000080200000, 0x0000000080100000| Untracked 
|   2|0x0000000080200000, 0x0000000080300000, 0x0000000080300000|100%| O|  |TAMS 0x0000000080300000, 0x0000000080200000| Untracked 
|   3|0x0000000080300000, 0x0000000080400000, 0x0000000080400000|100%| O|  |TAMS 0x0000000080400000, 0x0000000080300000| Untracked 
|   4|0x0000000080400000, 0x0000000080500000, 0x0000000080500000|100%|HS|  |TAMS 0x0000000080500000, 0x0000000080400000| Complete 
|   5|0x0000000080500000, 0x0000000080600000, 0x0000000080600000|100%|HC|  |TAMS 0x0000000080600000, 0x0000000080500000| Complete 
|   6|0x0000000080600000, 0x0000000080700000, 0x0000000080700000|100%|HC|  |TAMS 0x0000000080700000, 0x0000000080600000| Complete 
|   7|0x0000000080700000, 0x0000000080800000, 0x0000000080800000|100%| O|  |TAMS 0x0000000080800000, 0x0000000080700000| Untracked 
|   8|0x0000000080800000, 0x0000000080900000, 0x0000000080900000|100%| O|  |TAMS 0x0000000080900000, 0x0000000080800000| Untracked 
|   9|0x0000000080900000, 0x0000000080a00000, 0x0000000080a00000|100%| O|  |TAMS 0x0000000080a00000, 0x0000000080900000| Untracked 
|  10|0x0000000080a00000, 0x0000000080b00000, 0x0000000080b00000|100%| O|  |TAMS 0x0000000080b00000, 0x0000000080a00000| Untracked 
|  11|0x0000000080b00000, 0x0000000080c00000, 0x0000000080c00000|100%| O|  |TAMS 0x0000000080c00000, 0x0000000080b00000| Untracked 
|  12|0x0000000080c00000, 0x0000000080d00000, 0x0000000080d00000|100%| O|  |TAMS 0x0000000080d00000, 0x0000000080c00000| Untracked 
|  13|0x0000000080d00000, 0x0000000080e00000, 0x0000000080e00000|100%| O|  |TAMS 0x0000000080e00000, 0x0000000080d00000| Untracked 
|  14|0x0000000080e00000, 0x0000000080f00000, 0x0000000080f00000|100%| O|  |TAMS 0x0000000080f00000, 0x0000000080e00000| Untracked 
|  15|0x0000000080f00000, 0x0000000081000000, 0x0000000081000000|100%| O|  |TAMS 0x0000000081000000, 0x0000000080f00000| Untracked 
|  16|0x0000000081000000, 0x0000000081100000, 0x0000000081100000|100%| O|  |TAMS 0x0000000081100000, 0x0000000081000000| Untracked 
|  17|0x0000000081100000, 0x0000000081200000, 0x0000000081200000|100%| O|  |TAMS 0x0000000081200000, 0x0000000081100000| Untracked 
|  18|0x0000000081200000, 0x0000000081300000, 0x0000000081300000|100%| O|  |TAMS 0x0000000081300000, 0x0000000081200000| Untracked 
|  19|0x0000000081300000, 0x0000000081400000, 0x0000000081400000|100%| O|  |TAMS 0x0000000081400000, 0x0000000081300000| Untracked 
|  20|0x0000000081400000, 0x0000000081500000, 0x0000000081500000|100%| O|  |TAMS 0x0000000081500000, 0x0000000081400000| Untracked 
|  21|0x0000000081500000, 0x0000000081600000, 0x0000000081600000|100%| O|  |TAMS 0x0000000081600000, 0x0000000081500000| Untracked 
|  22|0x0000000081600000, 0x0000000081700000, 0x0000000081700000|100%| O|  |TAMS 0x0000000081700000, 0x0000000081600000| Untracked 
|  23|0x0000000081700000, 0x0000000081800000, 0x0000000081800000|100%| O|  |TAMS 0x0000000081800000, 0x0000000081700000| Untracked 
|  24|0x0000000081800000, 0x0000000081900000, 0x0000000081900000|100%| O|  |TAMS 0x0000000081900000, 0x0000000081800000| Untracked 
|  25|0x0000000081900000, 0x0000000081a00000, 0x0000000081a00000|100%| O|  |TAMS 0x0000000081a00000, 0x0000000081900000| Untracked 
|  26|0x0000000081a00000, 0x0000000081b00000, 0x0000000081b00000|100%| O|  |TAMS 0x0000000081b00000, 0x0000000081a00000| Untracked 
|  27|0x0000000081b00000, 0x0000000081c00000, 0x0000000081c00000|100%|HS|  |TAMS 0x0000000081c00000, 0x0000000081b00000| Complete 
|  28|0x0000000081c00000, 0x0000000081d00000, 0x0000000081d00000|100%|HS|  |TAMS 0x0000000081d00000, 0x0000000081c00000| Complete 
|  29|0x0000000081d00000, 0x0000000081e00000, 0x0000000081e00000|100%| O|  |TAMS 0x0000000081e00000, 0x0000000081d00000| Untracked 
|  30|0x0000000081e00000, 0x0000000081f00000, 0x0000000081f00000|100%| O|  |TAMS 0x0000000081f00000, 0x0000000081e00000| Untracked 
|  31|0x0000000081f00000, 0x0000000082000000, 0x0000000082000000|100%| O|  |TAMS 0x0000000082000000, 0x0000000081f00000| Untracked 
|  32|0x0000000082000000, 0x0000000082100000, 0x0000000082100000|100%| O|  |TAMS 0x0000000082100000, 0x0000000082000000| Untracked 
|  33|0x0000000082100000, 0x0000000082200000, 0x0000000082200000|100%| O|  |TAMS 0x0000000082200000, 0x0000000082100000| Untracked 
|  34|0x0000000082200000, 0x0000000082300000, 0x0000000082300000|100%| O|  |TAMS 0x0000000082300000, 0x0000000082200000| Untracked 
|  35|0x0000000082300000, 0x0000000082400000, 0x0000000082400000|100%|HS|  |TAMS 0x0000000082400000, 0x0000000082300000| Complete 
|  36|0x0000000082400000, 0x0000000082500000, 0x0000000082500000|100%|HC|  |TAMS 0x0000000082500000, 0x0000000082400000| Complete 
|  37|0x0000000082500000, 0x0000000082600000, 0x0000000082600000|100%| O|  |TAMS 0x0000000082600000, 0x0000000082500000| Untracked 
|  38|0x0000000082600000, 0x0000000082700000, 0x0000000082700000|100%| O|  |TAMS 0x0000000082700000, 0x0000000082600000| Untracked 
|  39|0x0000000082700000, 0x0000000082800000, 0x0000000082800000|100%| O|  |TAMS 0x0000000082800000, 0x0000000082700000| Untracked 
|  40|0x0000000082800000, 0x0000000082900000, 0x0000000082900000|100%| O|  |TAMS 0x0000000082900000, 0x0000000082800000| Untracked 
|  41|0x0000000082900000, 0x0000000082a00000, 0x0000000082a00000|100%| O|  |TAMS 0x0000000082a00000, 0x0000000082900000| Untracked 
|  42|0x0000000082a00000, 0x0000000082b00000, 0x0000000082b00000|100%| O|  |TAMS 0x0000000082b00000, 0x0000000082a00000| Untracked 
|  43|0x0000000082b00000, 0x0000000082c00000, 0x0000000082c00000|100%| O|  |TAMS 0x0000000082c00000, 0x0000000082b00000| Untracked 
|  44|0x0000000082c00000, 0x0000000082d00000, 0x0000000082d00000|100%| O|  |TAMS 0x0000000082d00000, 0x0000000082c00000| Untracked 
|  45|0x0000000082d00000, 0x0000000082e00000, 0x0000000082e00000|100%| O|  |TAMS 0x0000000082e00000, 0x0000000082d00000| Untracked 
|  46|0x0000000082e00000, 0x0000000082f00000, 0x0000000082f00000|100%| O|  |TAMS 0x0000000082f00000, 0x0000000082e00000| Untracked 
|  47|0x0000000082f00000, 0x0000000083000000, 0x0000000083000000|100%| O|  |TAMS 0x0000000083000000, 0x0000000082f00000| Untracked 
|  48|0x0000000083000000, 0x0000000083100000, 0x0000000083100000|100%| O|  |TAMS 0x0000000083100000, 0x0000000083000000| Untracked 
|  49|0x0000000083100000, 0x0000000083200000, 0x0000000083200000|100%| O|  |TAMS 0x0000000083200000, 0x0000000083100000| Untracked 
|  50|0x0000000083200000, 0x0000000083300000, 0x0000000083300000|100%| O|  |TAMS 0x0000000083300000, 0x0000000083200000| Untracked 
|  51|0x0000000083300000, 0x0000000083400000, 0x0000000083400000|100%| O|  |TAMS 0x0000000083400000, 0x0000000083300000| Untracked 
|  52|0x0000000083400000, 0x0000000083500000, 0x0000000083500000|100%| O|  |TAMS 0x0000000083500000, 0x0000000083400000| Untracked 
|  53|0x0000000083500000, 0x0000000083600000, 0x0000000083600000|100%| O|  |TAMS 0x0000000083600000, 0x0000000083500000| Untracked 
|  54|0x0000000083600000, 0x0000000083700000, 0x0000000083700000|100%| O|  |TAMS 0x0000000083700000, 0x0000000083600000| Untracked 
|  55|0x0000000083700000, 0x0000000083800000, 0x0000000083800000|100%| O|  |TAMS 0x0000000083800000, 0x0000000083700000| Untracked 
|  56|0x0000000083800000, 0x0000000083900000, 0x0000000083900000|100%| O|  |TAMS 0x0000000083900000, 0x0000000083800000| Untracked 
|  57|0x0000000083900000, 0x0000000083a00000, 0x0000000083a00000|100%| O|  |TAMS 0x0000000083a00000, 0x0000000083900000| Untracked 
|  58|0x0000000083a00000, 0x0000000083b00000, 0x0000000083b00000|100%| O|  |TAMS 0x0000000083b00000, 0x0000000083a00000| Untracked 
|  59|0x0000000083b00000, 0x0000000083c00000, 0x0000000083c00000|100%| O|  |TAMS 0x0000000083c00000, 0x0000000083b00000| Untracked 
|  60|0x0000000083c00000, 0x0000000083d00000, 0x0000000083d00000|100%| O|  |TAMS 0x0000000083d00000, 0x0000000083c00000| Untracked 
|  61|0x0000000083d00000, 0x0000000083e00000, 0x0000000083e00000|100%| O|  |TAMS 0x0000000083e00000, 0x0000000083d00000| Untracked 
|  62|0x0000000083e00000, 0x0000000083f00000, 0x0000000083f00000|100%| O|  |TAMS 0x0000000083f00000, 0x0000000083e00000| Untracked 
|  63|0x0000000083f00000, 0x0000000084000000, 0x0000000084000000|100%| O|  |TAMS 0x0000000084000000, 0x0000000083f00000| Untracked 
|  64|0x0000000084000000, 0x0000000084100000, 0x0000000084100000|100%| O|  |TAMS 0x0000000084100000, 0x0000000084000000| Untracked 
|  65|0x0000000084100000, 0x0000000084200000, 0x0000000084200000|100%| O|  |TAMS 0x0000000084200000, 0x0000000084100000| Untracked 
|  66|0x0000000084200000, 0x0000000084300000, 0x0000000084300000|100%| O|  |TAMS 0x0000000084300000, 0x0000000084200000| Untracked 
|  67|0x0000000084300000, 0x0000000084400000, 0x0000000084400000|100%|HS|  |TAMS 0x0000000084400000, 0x0000000084300000| Complete 
|  68|0x0000000084400000, 0x0000000084500000, 0x0000000084500000|100%| O|  |TAMS 0x0000000084500000, 0x0000000084400000| Untracked 
|  69|0x0000000084500000, 0x0000000084600000, 0x0000000084600000|100%| O|  |TAMS 0x0000000084600000, 0x0000000084500000| Untracked 
|  70|0x0000000084600000, 0x0000000084700000, 0x0000000084700000|100%| O|  |TAMS 0x0000000084700000, 0x0000000084600000| Untracked 
|  71|0x0000000084700000, 0x0000000084800000, 0x0000000084800000|100%| O|  |TAMS 0x0000000084800000, 0x0000000084700000| Untracked 
|  72|0x0000000084800000, 0x0000000084900000, 0x0000000084900000|100%| O|  |TAMS 0x0000000084900000, 0x0000000084800000| Untracked 
|  73|0x0000000084900000, 0x0000000084a00000, 0x0000000084a00000|100%| O|  |TAMS 0x0000000084a00000, 0x0000000084900000| Untracked 
|  74|0x0000000084a00000, 0x0000000084b00000, 0x0000000084b00000|100%| O|  |TAMS 0x0000000084b00000, 0x0000000084a00000| Untracked 
|  75|0x0000000084b00000, 0x0000000084c00000, 0x0000000084c00000|100%| O|  |TAMS 0x0000000084c00000, 0x0000000084b00000| Untracked 
|  76|0x0000000084c00000, 0x0000000084d00000, 0x0000000084d00000|100%| O|  |TAMS 0x0000000084d00000, 0x0000000084c00000| Untracked 
|  77|0x0000000084d00000, 0x0000000084e00000, 0x0000000084e00000|100%| O|  |TAMS 0x0000000084e00000, 0x0000000084d00000| Untracked 
|  78|0x0000000084e00000, 0x0000000084f00000, 0x0000000084f00000|100%| O|  |TAMS 0x0000000084f00000, 0x0000000084e00000| Untracked 
|  79|0x0000000084f00000, 0x0000000085000000, 0x0000000085000000|100%| O|  |TAMS 0x0000000085000000, 0x0000000084f00000| Untracked 
|  80|0x0000000085000000, 0x0000000085100000, 0x0000000085100000|100%| O|  |TAMS 0x0000000085100000, 0x0000000085000000| Untracked 
|  81|0x0000000085100000, 0x0000000085200000, 0x0000000085200000|100%| O|  |TAMS 0x0000000085200000, 0x0000000085100000| Untracked 
|  82|0x0000000085200000, 0x0000000085300000, 0x0000000085300000|100%| O|  |TAMS 0x0000000085300000, 0x0000000085200000| Untracked 
|  83|0x0000000085300000, 0x0000000085400000, 0x0000000085400000|100%| O|  |TAMS 0x0000000085400000, 0x0000000085300000| Untracked 
|  84|0x0000000085400000, 0x0000000085500000, 0x0000000085500000|100%| O|  |TAMS 0x0000000085500000, 0x0000000085400000| Untracked 
|  85|0x0000000085500000, 0x0000000085500000, 0x0000000085600000|  0%| F|  |TAMS 0x0000000085500000, 0x0000000085500000| Untracked 
|  86|0x0000000085600000, 0x0000000085700000, 0x0000000085700000|100%| O|  |TAMS 0x0000000085700000, 0x0000000085600000| Untracked 
|  87|0x0000000085700000, 0x0000000085800000, 0x0000000085800000|100%| O|  |TAMS 0x0000000085800000, 0x0000000085700000| Untracked 
|  88|0x0000000085800000, 0x00000000858a6200, 0x0000000085900000| 64%| O|  |TAMS 0x00000000858a6200, 0x0000000085800000| Untracked 
|  89|0x0000000085900000, 0x0000000085900000, 0x0000000085a00000|  0%| F|  |TAMS 0x0000000085900000, 0x0000000085900000| Untracked 
|  90|0x0000000085a00000, 0x0000000085a00000, 0x0000000085b00000|  0%| F|  |TAMS 0x0000000085a00000, 0x0000000085a00000| Untracked 
|  91|0x0000000085b00000, 0x0000000085b00000, 0x0000000085c00000|  0%| F|  |TAMS 0x0000000085b00000, 0x0000000085b00000| Untracked 
|  92|0x0000000085c00000, 0x0000000085c00000, 0x0000000085d00000|  0%| F|  |TAMS 0x0000000085c00000, 0x0000000085c00000| Untracked 
|  93|0x0000000085d00000, 0x0000000085d00000, 0x0000000085e00000|  0%| F|  |TAMS 0x0000000085d00000, 0x0000000085d00000| Untracked 
|  94|0x0000000085e00000, 0x0000000085e00000, 0x0000000085f00000|  0%| F|  |TAMS 0x0000000085e00000, 0x0000000085e00000| Untracked 
|  95|0x0000000085f00000, 0x0000000085f00000, 0x0000000086000000|  0%| F|  |TAMS 0x0000000085f00000, 0x0000000085f00000| Untracked 
|  96|0x0000000086000000, 0x0000000086000000, 0x0000000086100000|  0%| F|  |TAMS 0x0000000086000000, 0x0000000086000000| Untracked 
|  97|0x0000000086100000, 0x0000000086100000, 0x0000000086200000|  0%| F|  |TAMS 0x0000000086100000, 0x0000000086100000| Untracked 
|  98|0x0000000086200000, 0x0000000086200000, 0x0000000086300000|  0%| F|  |TAMS 0x0000000086200000, 0x0000000086200000| Untracked 
|  99|0x0000000086300000, 0x0000000086300000, 0x0000000086400000|  0%| F|  |TAMS 0x0000000086300000, 0x0000000086300000| Untracked 
| 100|0x0000000086400000, 0x0000000086400000, 0x0000000086500000|  0%| F|  |TAMS 0x0000000086400000, 0x0000000086400000| Untracked 
| 101|0x0000000086500000, 0x0000000086500000, 0x0000000086600000|  0%| F|  |TAMS 0x0000000086500000, 0x0000000086500000| Untracked 
| 102|0x0000000086600000, 0x0000000086600000, 0x0000000086700000|  0%| F|  |TAMS 0x0000000086600000, 0x0000000086600000| Untracked 
| 103|0x0000000086700000, 0x0000000086700000, 0x0000000086800000|  0%| F|  |TAMS 0x0000000086700000, 0x0000000086700000| Untracked 
| 104|0x0000000086800000, 0x0000000086800000, 0x0000000086900000|  0%| F|  |TAMS 0x0000000086800000, 0x0000000086800000| Untracked 
| 105|0x0000000086900000, 0x0000000086900000, 0x0000000086a00000|  0%| F|  |TAMS 0x0000000086900000, 0x0000000086900000| Untracked 
| 106|0x0000000086a00000, 0x0000000086a00000, 0x0000000086b00000|  0%| F|  |TAMS 0x0000000086a00000, 0x0000000086a00000| Untracked 
| 107|0x0000000086b00000, 0x0000000086b00000, 0x0000000086c00000|  0%| F|  |TAMS 0x0000000086b00000, 0x0000000086b00000| Untracked 
| 108|0x0000000086c00000, 0x0000000086c00000, 0x0000000086d00000|  0%| F|  |TAMS 0x0000000086c00000, 0x0000000086c00000| Untracked 
| 109|0x0000000086d00000, 0x0000000086d00000, 0x0000000086e00000|  0%| F|  |TAMS 0x0000000086d00000, 0x0000000086d00000| Untracked 
| 110|0x0000000086e00000, 0x0000000086e00000, 0x0000000086f00000|  0%| F|  |TAMS 0x0000000086e00000, 0x0000000086e00000| Untracked 
| 111|0x0000000086f00000, 0x0000000086f00000, 0x0000000087000000|  0%| F|  |TAMS 0x0000000086f00000, 0x0000000086f00000| Untracked 
| 112|0x0000000087000000, 0x0000000087000000, 0x0000000087100000|  0%| F|  |TAMS 0x0000000087000000, 0x0000000087000000| Untracked 
| 113|0x0000000087100000, 0x0000000087100000, 0x0000000087200000|  0%| F|  |TAMS 0x0000000087100000, 0x0000000087100000| Untracked 
| 114|0x0000000087200000, 0x0000000087200000, 0x0000000087300000|  0%| F|  |TAMS 0x0000000087200000, 0x0000000087200000| Untracked 
| 115|0x0000000087300000, 0x0000000087300000, 0x0000000087400000|  0%| F|  |TAMS 0x0000000087300000, 0x0000000087300000| Untracked 
| 116|0x0000000087400000, 0x0000000087400000, 0x0000000087500000|  0%| F|  |TAMS 0x0000000087400000, 0x0000000087400000| Untracked 
| 117|0x0000000087500000, 0x0000000087500000, 0x0000000087600000|  0%| F|  |TAMS 0x0000000087500000, 0x0000000087500000| Untracked 
| 118|0x0000000087600000, 0x0000000087600000, 0x0000000087700000|  0%| F|  |TAMS 0x0000000087600000, 0x0000000087600000| Untracked 
| 119|0x0000000087700000, 0x0000000087700000, 0x0000000087800000|  0%| F|  |TAMS 0x0000000087700000, 0x0000000087700000| Untracked 
| 120|0x0000000087800000, 0x0000000087800000, 0x0000000087900000|  0%| F|  |TAMS 0x0000000087800000, 0x0000000087800000| Untracked 
| 121|0x0000000087900000, 0x0000000087900000, 0x0000000087a00000|  0%| F|  |TAMS 0x0000000087900000, 0x0000000087900000| Untracked 
| 122|0x0000000087a00000, 0x0000000087a00000, 0x0000000087b00000|  0%| F|  |TAMS 0x0000000087a00000, 0x0000000087a00000| Untracked 
| 123|0x0000000087b00000, 0x0000000087b00000, 0x0000000087c00000|  0%| F|  |TAMS 0x0000000087b00000, 0x0000000087b00000| Untracked 
| 124|0x0000000087c00000, 0x0000000087c00000, 0x0000000087d00000|  0%| F|  |TAMS 0x0000000087c00000, 0x0000000087c00000| Untracked 
| 125|0x0000000087d00000, 0x0000000087df5028, 0x0000000087e00000| 95%| S|CS|TAMS 0x0000000087d00000, 0x0000000087d00000| Complete 
| 126|0x0000000087e00000, 0x0000000087f00000, 0x0000000087f00000|100%| S|CS|TAMS 0x0000000087e00000, 0x0000000087e00000| Complete 
| 127|0x0000000087f00000, 0x0000000087f00000, 0x0000000088000000|  0%| F|  |TAMS 0x0000000087f00000, 0x0000000087f00000| Untracked 
| 128|0x0000000088000000, 0x0000000088000000, 0x0000000088100000|  0%| F|  |TAMS 0x0000000088000000, 0x0000000088000000| Untracked 
| 129|0x0000000088100000, 0x0000000088100000, 0x0000000088200000|  0%| F|  |TAMS 0x0000000088100000, 0x0000000088100000| Untracked 
| 130|0x0000000088200000, 0x0000000088200000, 0x0000000088300000|  0%| F|  |TAMS 0x0000000088200000, 0x0000000088200000| Untracked 
| 131|0x0000000088300000, 0x0000000088300000, 0x0000000088400000|  0%| F|  |TAMS 0x0000000088300000, 0x0000000088300000| Untracked 
| 132|0x0000000088400000, 0x0000000088400000, 0x0000000088500000|  0%| F|  |TAMS 0x0000000088400000, 0x0000000088400000| Untracked 
| 133|0x0000000088500000, 0x0000000088500000, 0x0000000088600000|  0%| F|  |TAMS 0x0000000088500000, 0x0000000088500000| Untracked 
| 134|0x0000000088600000, 0x0000000088600000, 0x0000000088700000|  0%| F|  |TAMS 0x0000000088600000, 0x0000000088600000| Untracked 
| 135|0x0000000088700000, 0x0000000088700000, 0x0000000088800000|  0%| F|  |TAMS 0x0000000088700000, 0x0000000088700000| Untracked 
| 136|0x0000000088800000, 0x0000000088800000, 0x0000000088900000|  0%| F|  |TAMS 0x0000000088800000, 0x0000000088800000| Untracked 
| 137|0x0000000088900000, 0x0000000088900000, 0x0000000088a00000|  0%| F|  |TAMS 0x0000000088900000, 0x0000000088900000| Untracked 
| 138|0x0000000088a00000, 0x0000000088a00000, 0x0000000088b00000|  0%| F|  |TAMS 0x0000000088a00000, 0x0000000088a00000| Untracked 
| 139|0x0000000088b00000, 0x0000000088b00000, 0x0000000088c00000|  0%| F|  |TAMS 0x0000000088b00000, 0x0000000088b00000| Untracked 
| 140|0x0000000088c00000, 0x0000000088c00000, 0x0000000088d00000|  0%| F|  |TAMS 0x0000000088c00000, 0x0000000088c00000| Untracked 
| 141|0x0000000088d00000, 0x0000000088d27868, 0x0000000088e00000| 15%| E|  |TAMS 0x0000000088d00000, 0x0000000088d00000| Complete 
| 142|0x0000000088e00000, 0x0000000088f00000, 0x0000000088f00000|100%| E|CS|TAMS 0x0000000088e00000, 0x0000000088e00000| Complete 

Card table byte_map: [0x000001936a730000,0x000001936ab30000] _byte_map_base: 0x000001936a330000

Marking Bits (Prev, Next): (CMBitMap*) 0x000001935746b838, (CMBitMap*) 0x000001935746b870
 Prev Bits: [0x000001936af30000, 0x000001936cf30000)
 Next Bits: [0x000001936cf30000, 0x000001936ef30000)

Polling page: 0x0000019355a60000

Metaspace:

Usage:
  Non-class:     71.57 MB capacity,    70.22 MB ( 98%) used,     1.12 MB (  2%) free+waste,   230.25 KB ( <1%) overhead. 
      Class:     11.08 MB capacity,    10.34 MB ( 93%) used,   648.93 KB (  6%) free+waste,   104.81 KB ( <1%) overhead. 
       Both:     82.65 MB capacity,    80.56 MB ( 97%) used,     1.75 MB (  2%) free+waste,   335.06 KB ( <1%) overhead. 

Virtual space:
  Non-class space:       74.00 MB reserved,      71.75 MB ( 97%) committed 
      Class space:        1.00 GB reserved,      11.13 MB (  1%) committed 
             Both:        1.07 GB reserved,      82.88 MB (  8%) committed 

Chunk freelists:
   Non-Class:  0 bytes
       Class:  0 bytes
        Both:  0 bytes

MaxMetaspaceSize: 17179869184.00 GB
CompressedClassSpaceSize: 1.00 GB

CodeHeap 'non-profiled nmethods': size=120064Kb used=6955Kb max_used=6955Kb free=113108Kb
 bounds [0x00000193629e0000, 0x00000193630b0000, 0x0000019369f20000]
CodeHeap 'profiled nmethods': size=120000Kb used=22749Kb max_used=22749Kb free=97250Kb
 bounds [0x000001935b4b0000, 0x000001935caf0000, 0x00000193629e0000]
CodeHeap 'non-nmethods': size=5696Kb used=2279Kb max_used=2328Kb free=3416Kb
 bounds [0x000001935af20000, 0x000001935b190000, 0x000001935b4b0000]
 total_blobs=11134 nmethods=10257 adapters=787
 compilation: enabled
              stopped_count=0, restarted_count=0
 full_count=0

Compilation events (20 events):
Event: 79.208 Thread 0x0000019371b63800 10296       2       java.io.ObjectInputStream::isCustomSubclass (21 bytes)
Event: 79.209 Thread 0x0000019371b63800 nmethod 10296 0x000001935cada090 code [0x000001935cada2a0, 0x000001935cada758]
Event: 79.209 Thread 0x0000019371b63800 10297   !   2       org.gradle.internal.io.ClassLoaderObjectInputStream::resolveClass (20 bytes)
Event: 79.209 Thread 0x0000019371b63800 nmethod 10297 0x000001935cadaa90 code [0x000001935cadac60, 0x000001935cadadd8]
Event: 79.209 Thread 0x0000019371b63800 10298       2       java.io.ObjectStreamClass::classNamesEqual (59 bytes)
Event: 79.210 Thread 0x0000019371b63800 nmethod 10298 0x000001935cadaf10 code [0x000001935cadb100, 0x000001935cadb3c8]
Event: 79.220 Thread 0x0000019371b63800 10299       2       java.io.ObjectInputStream$BlockDataInputStream::readLong (76 bytes)
Event: 79.221 Thread 0x0000019371b63800 nmethod 10299 0x000001935cadb690 code [0x000001935cadb860, 0x000001935cadba28]
Event: 79.233 Thread 0x0000019371b63800 10301       2       java.io.ObjectStreamClass$FieldReflectorKey::<init> (102 bytes)
Event: 79.234 Thread 0x0000019371b63800 nmethod 10301 0x000001935cadbb90 code [0x000001935cadbda0, 0x000001935cadc388]
Event: 79.240 Thread 0x0000019371b63800 10303   !   2       java.io.ObjectInputStream::readNonProxyDesc (236 bytes)
Event: 79.241 Thread 0x0000019371b63800 nmethod 10303 0x000001935cadc610 code [0x000001935cadc900, 0x000001935cadd278]
Event: 79.241 Thread 0x0000019371b63800 10304       2       java.io.Bits::getLong (105 bytes)
Event: 79.241 Thread 0x0000019371b63800 nmethod 10304 0x000001935cadd910 code [0x000001935caddac0, 0x000001935caddd58]
Event: 79.242 Thread 0x0000019371b63800 10305       2       java.io.ObjectStreamClass::getClassDataLayout0 (296 bytes)
Event: 79.245 Thread 0x0000019371b63800 nmethod 10305 0x000001935caddf10 code [0x000001935cade2c0, 0x000001935cadf5f8]
Event: 79.251 Thread 0x0000019371b63800 10306       2       java.io.ObjectStreamClass::initNonProxy (551 bytes)
Event: 79.255 Thread 0x0000019371b63800 nmethod 10306 0x000001935cae0190 code [0x000001935cae0560, 0x000001935cae1dc8]
Event: 79.265 Thread 0x0000019371b63800 10307   !   2       java.io.ObjectStreamClass::readNonProxy (407 bytes)
Event: 79.268 Thread 0x0000019371b63800 nmethod 10307 0x000001935cae2710 code [0x000001935cae2b20, 0x000001935cae3f78]

GC Heap History (20 events):
Event: 66.293 GC heap before
{Heap before GC invocations=51 (full 0):
 garbage-first heap   total 121856K, used 100349K [0x0000000080000000, 0x0000000100000000)
  region size 1024K, 30 young (30720K), 5 survivors (5120K)
 Metaspace       used 81591K, capacity 83720K, committed 83840K, reserved 1122304K
  class space    used 10521K, capacity 11292K, committed 11392K, reserved 1048576K
}
Event: 66.374 GC heap after
{Heap after GC invocations=52 (full 0):
 garbage-first heap   total 146432K, used 81911K [0x0000000080000000, 0x0000000100000000)
  region size 1024K, 4 young (4096K), 4 survivors (4096K)
 Metaspace       used 81591K, capacity 83720K, committed 83840K, reserved 1122304K
  class space    used 10521K, capacity 11292K, committed 11392K, reserved 1048576K
}
Event: 68.127 GC heap before
{Heap before GC invocations=52 (full 0):
 garbage-first heap   total 146432K, used 88055K [0x0000000080000000, 0x0000000100000000)
  region size 1024K, 12 young (12288K), 4 survivors (4096K)
 Metaspace       used 81847K, capacity 83918K, committed 84096K, reserved 1122304K
  class space    used 10545K, capacity 11293K, committed 11392K, reserved 1048576K
}
Event: 68.153 GC heap after
{Heap after GC invocations=53 (full 0):
 garbage-first heap   total 146432K, used 83957K [0x0000000080000000, 0x0000000100000000)
  region size 1024K, 2 young (2048K), 2 survivors (2048K)
 Metaspace       used 81847K, capacity 83918K, committed 84096K, reserved 1122304K
  class space    used 10545K, capacity 11293K, committed 11392K, reserved 1048576K
}
Event: 68.480 GC heap before
{Heap before GC invocations=54 (full 0):
 garbage-first heap   total 146432K, used 84981K [0x0000000080000000, 0x0000000100000000)
  region size 1024K, 3 young (3072K), 2 survivors (2048K)
 Metaspace       used 81847K, capacity 83918K, committed 84096K, reserved 1122304K
  class space    used 10545K, capacity 11293K, committed 11392K, reserved 1048576K
}
Event: 68.495 GC heap after
{Heap after GC invocations=55 (full 0):
 garbage-first heap   total 146432K, used 84265K [0x0000000080000000, 0x0000000100000000)
  region size 1024K, 1 young (1024K), 1 survivors (1024K)
 Metaspace       used 81847K, capacity 83918K, committed 84096K, reserved 1122304K
  class space    used 10545K, capacity 11293K, committed 11392K, reserved 1048576K
}
Event: 69.150 GC heap before
{Heap before GC invocations=56 (full 0):
 garbage-first heap   total 146432K, used 89385K [0x0000000080000000, 0x0000000100000000)
  region size 1024K, 2 young (2048K), 1 survivors (1024K)
 Metaspace       used 81902K, capacity 84014K, committed 84096K, reserved 1122304K
  class space    used 10551K, capacity 11325K, committed 11392K, reserved 1048576K
}
Event: 69.161 GC heap after
{Heap after GC invocations=57 (full 0):
 garbage-first heap   total 146432K, used 85284K [0x0000000080000000, 0x0000000100000000)
  region size 1024K, 1 young (1024K), 1 survivors (1024K)
 Metaspace       used 81902K, capacity 84014K, committed 84096K, reserved 1122304K
  class space    used 10551K, capacity 11325K, committed 11392K, reserved 1048576K
}
Event: 73.739 GC heap before
{Heap before GC invocations=58 (full 0):
 garbage-first heap   total 146432K, used 106788K [0x0000000080000000, 0x0000000100000000)
  region size 1024K, 21 young (21504K), 1 survivors (1024K)
 Metaspace       used 81995K, capacity 84081K, committed 84352K, reserved 1122304K
  class space    used 10560K, capacity 11326K, committed 11392K, reserved 1048576K
}
Event: 73.770 GC heap after
{Heap after GC invocations=59 (full 0):
 garbage-first heap   total 146432K, used 85896K [0x0000000080000000, 0x0000000100000000)
  region size 1024K, 3 young (3072K), 3 survivors (3072K)
 Metaspace       used 81995K, capacity 84081K, committed 84352K, reserved 1122304K
  class space    used 10560K, capacity 11326K, committed 11392K, reserved 1048576K
}
Event: 75.124 GC heap before
{Heap before GC invocations=59 (full 0):
 garbage-first heap   total 146432K, used 107400K [0x0000000080000000, 0x0000000100000000)
  region size 1024K, 24 young (24576K), 3 survivors (3072K)
 Metaspace       used 82022K, capacity 84146K, committed 84352K, reserved 1122304K
  class space    used 10560K, capacity 11326K, committed 11392K, reserved 1048576K
}
Event: 75.145 GC heap after
{Heap after GC invocations=60 (full 0):
 garbage-first heap   total 146432K, used 86450K [0x0000000080000000, 0x0000000100000000)
  region size 1024K, 1 young (1024K), 1 survivors (1024K)
 Metaspace       used 82022K, capacity 84146K, committed 84352K, reserved 1122304K
  class space    used 10560K, capacity 11326K, committed 11392K, reserved 1048576K
}
Event: 75.780 GC heap before
{Heap before GC invocations=61 (full 0):
 garbage-first heap   total 146432K, used 108978K [0x0000000080000000, 0x0000000100000000)
  region size 1024K, 23 young (23552K), 1 survivors (1024K)
 Metaspace       used 82025K, capacity 84146K, committed 84352K, reserved 1122304K
  class space    used 10560K, capacity 11326K, committed 11392K, reserved 1048576K
}
Event: 75.784 GC heap after
{Heap after GC invocations=62 (full 0):
 garbage-first heap   total 146432K, used 86082K [0x0000000080000000, 0x0000000100000000)
  region size 1024K, 1 young (1024K), 1 survivors (1024K)
 Metaspace       used 82025K, capacity 84146K, committed 84352K, reserved 1122304K
  class space    used 10560K, capacity 11326K, committed 11392K, reserved 1048576K
}
Event: 76.961 GC heap before
{Heap before GC invocations=62 (full 0):
 garbage-first heap   total 146432K, used 105538K [0x0000000080000000, 0x0000000100000000)
  region size 1024K, 22 young (22528K), 1 survivors (1024K)
 Metaspace       used 82050K, capacity 84216K, committed 84352K, reserved 1122304K
  class space    used 10562K, capacity 11328K, committed 11392K, reserved 1048576K
}
Event: 76.974 GC heap after
{Heap after GC invocations=63 (full 0):
 garbage-first heap   total 146432K, used 90231K [0x0000000080000000, 0x0000000100000000)
  region size 1024K, 4 young (4096K), 4 survivors (4096K)
 Metaspace       used 82050K, capacity 84216K, committed 84352K, reserved 1122304K
  class space    used 10562K, capacity 11328K, committed 11392K, reserved 1048576K
}
Event: 77.316 GC heap before
{Heap before GC invocations=64 (full 0):
 garbage-first heap   total 146432K, used 91255K [0x0000000080000000, 0x0000000100000000)
  region size 1024K, 5 young (5120K), 4 survivors (4096K)
 Metaspace       used 82050K, capacity 84216K, committed 84352K, reserved 1122304K
  class space    used 10562K, capacity 11328K, committed 11392K, reserved 1048576K
}
Event: 77.335 GC heap after
{Heap after GC invocations=65 (full 0):
 garbage-first heap   total 146432K, used 91050K [0x0000000080000000, 0x0000000100000000)
  region size 1024K, 1 young (1024K), 1 survivors (1024K)
 Metaspace       used 82050K, capacity 84216K, committed 84352K, reserved 1122304K
  class space    used 10562K, capacity 11328K, committed 11392K, reserved 1048576K
}
Event: 77.819 GC heap before
{Heap before GC invocations=66 (full 0):
 garbage-first heap   total 146432K, used 102314K [0x0000000080000000, 0x0000000100000000)
  region size 1024K, 2 young (2048K), 1 survivors (1024K)
 Metaspace       used 82050K, capacity 84216K, committed 84352K, reserved 1122304K
  class space    used 10562K, capacity 11328K, committed 11392K, reserved 1048576K
}
Event: 77.823 GC heap after
{Heap after GC invocations=67 (full 0):
 garbage-first heap   total 146432K, used 97057K [0x0000000080000000, 0x0000000100000000)
  region size 1024K, 1 young (1024K), 1 survivors (1024K)
 Metaspace       used 82050K, capacity 84216K, committed 84352K, reserved 1122304K
  class space    used 10562K, capacity 11328K, committed 11392K, reserved 1048576K
}

Deoptimization events (20 events):
Event: 78.171 Thread 0x000001937203c000 DEOPT PACKING pc=0x0000019362f17bd8 sp=0x0000002276bf4720
Event: 78.171 Thread 0x000001937203c000 DEOPT UNPACKING pc=0x000001935af478af sp=0x0000002276bf46c8 mode 2
Event: 78.171 Thread 0x000001937203c000 Uncommon trap: trap_request=0xffffffd6 fr.pc=0x0000019362f17bd8 relative=0x0000000000000698
Event: 78.171 Thread 0x000001937203c000 Uncommon trap: reason=array_check action=maybe_recompile pc=0x0000019362f17bd8 method=java.util.TimSort.binarySort([Ljava/lang/Object;IIILjava/util/Comparator;)V @ 215 c2
Event: 78.171 Thread 0x000001937203c000 DEOPT PACKING pc=0x0000019362f17bd8 sp=0x0000002276bf4720
Event: 78.171 Thread 0x000001937203c000 DEOPT UNPACKING pc=0x000001935af478af sp=0x0000002276bf46c8 mode 2
Event: 78.172 Thread 0x000001937203c000 Uncommon trap: trap_request=0xffffff6e fr.pc=0x0000019362e96944 relative=0x0000000000000664
Event: 78.172 Thread 0x000001937203c000 Uncommon trap: reason=speculate_class_check action=maybe_recompile pc=0x0000019362e96944 method=sun.security.provider.DigestBase.implCompressMultiBlock([BII)I @ 11 c2
Event: 78.172 Thread 0x000001937203c000 DEOPT PACKING pc=0x0000019362e96944 sp=0x0000002276bf4790
Event: 78.172 Thread 0x000001937203c000 DEOPT UNPACKING pc=0x000001935af478af sp=0x0000002276bf46c8 mode 2
Event: 78.179 Thread 0x000001937203c000 Uncommon trap: trap_request=0xffffff6e fr.pc=0x0000019362e96944 relative=0x0000000000000664
Event: 78.180 Thread 0x000001937203c000 Uncommon trap: reason=speculate_class_check action=maybe_recompile pc=0x0000019362e96944 method=sun.security.provider.DigestBase.implCompressMultiBlock([BII)I @ 11 c2
Event: 78.180 Thread 0x000001937203c000 DEOPT PACKING pc=0x0000019362e96944 sp=0x0000002276bf3610
Event: 78.180 Thread 0x000001937203c000 DEOPT UNPACKING pc=0x000001935af478af sp=0x0000002276bf3548 mode 2
Event: 78.184 Thread 0x000001937203c000 Uncommon trap: trap_request=0xffffff6e fr.pc=0x0000019362e96944 relative=0x0000000000000664
Event: 78.184 Thread 0x000001937203c000 Uncommon trap: reason=speculate_class_check action=maybe_recompile pc=0x0000019362e96944 method=sun.security.provider.DigestBase.implCompressMultiBlock([BII)I @ 11 c2
Event: 78.184 Thread 0x000001937203c000 DEOPT PACKING pc=0x0000019362e96944 sp=0x0000002276bf3610
Event: 78.184 Thread 0x000001937203c000 DEOPT UNPACKING pc=0x000001935af478af sp=0x0000002276bf3548 mode 2
Event: 79.014 Thread 0x000001937203c000 DEOPT PACKING pc=0x000001935ca96c8c sp=0x0000002276bf6270
Event: 79.014 Thread 0x000001937203c000 DEOPT UNPACKING pc=0x000001935af476ce sp=0x0000002276bf5718 mode 0

Classes redefined (0 events):
No events

Internal exceptions (20 events):
Event: 46.621 Thread 0x0000019374f89000 Exception <a 'java/lang/NoSuchMethodError'{0x00000000871687d8}: <clinit>> (0x00000000871687d8) thrown at [./src/hotspot/share/prims/jni.cpp, line 1362]
Event: 46.639 Thread 0x0000019374f89000 Exception <a 'java/lang/NoSuchMethodError'{0x000000008717ce78}: <clinit>> (0x000000008717ce78) thrown at [./src/hotspot/share/prims/jni.cpp, line 1362]
Event: 46.699 Thread 0x0000019374f89000 Exception <a 'java/lang/NoSuchMethodError'{0x0000000087196100}: <clinit>> (0x0000000087196100) thrown at [./src/hotspot/share/prims/jni.cpp, line 1362]
Event: 47.631 Thread 0x00000193730a4800 Exception <a 'java/lang/NoSuchMethodError'{0x0000000086e347a0}: <clinit>> (0x0000000086e347a0) thrown at [./src/hotspot/share/prims/jni.cpp, line 1362]
Event: 47.821 Thread 0x000001937203c000 Exception <a 'java/lang/NoSuchMethodError'{0x0000000086ea9880}: 'java.lang.Object java.lang.invoke.Invokers$Holder.linkToTargetMethod(java.lang.Object, java.lang.Object, java.lang.Object, int, java.lang.Object, java.lang.Object)'> (0x0000000086ea9880) thrown at [./src/hotspot/share/interpreter/linkResolver.cpp, line 773]
Event: 47.876 Thread 0x000001937203c000 Exception <a 'java/lang/IncompatibleClassChangeError'{0x0000000086d3a630}: Found class java.lang.Object, but interface was expected> (0x0000000086d3a630) thrown at [./src/hotspot/share/interpreter/linkResolver.cpp, line 839]
Event: 48.156 Thread 0x000001937203c000 Exception <a 'java/lang/NoSuchMethodError'{0x0000000086ccc388}: 'void java.lang.invoke.DirectMethodHandle$Holder.invokeVirtual(java.lang.Object, java.lang.Object)'> (0x0000000086ccc388) thrown at [./src/hotspot/share/interpreter/linkResolver.cpp, line 773]
Event: 48.731 Thread 0x000001937203c000 Exception <a 'java/lang/NoSuchMethodError'{0x00000000868378f8}: 'void java.lang.invoke.DirectMethodHandle$Holder.invokeStatic(java.lang.Object, java.lang.Object, java.lang.Object, java.lang.Object, java.lang.Object, java.lang.Object, java.lang.Object)'> (0x00000000868378f8) thrown at [./src/hotspot/share/interpreter/linkResolver.cpp, line 773]
Event: 48.810 Thread 0x00000193730a4800 Exception <a 'java/lang/NoSuchMethodError'{0x000000008676b7b0}: <clinit>> (0x000000008676b7b0) thrown at [./src/hotspot/share/prims/jni.cpp, line 1362]
Event: 48.972 Thread 0x000001937203c000 Exception <a 'sun/nio/fs/WindowsException'{0x0000000086669fc0}> (0x0000000086669fc0) thrown at [./src/hotspot/share/prims/jni.cpp, line 615]
Event: 48.990 Thread 0x000001937203c000 Exception <a 'sun/nio/fs/WindowsException'{0x000000008666b668}> (0x000000008666b668) thrown at [./src/hotspot/share/prims/jni.cpp, line 615]
Event: 49.088 Thread 0x0000019374f84000 Exception <a 'sun/nio/fs/WindowsException'{0x00000000864cd368}> (0x00000000864cd368) thrown at [./src/hotspot/share/prims/jni.cpp, line 615]
Event: 50.605 Thread 0x0000019375356800 Exception <a 'java/lang/NoSuchMethodError'{0x0000000085a23170}: 'java.lang.Object java.lang.invoke.DirectMethodHandle$Holder.invokeSpecialIFC(java.lang.Object, java.lang.Object, java.lang.Object)'> (0x0000000085a23170) thrown at [./src/hotspot/share/interpreter/linkResolver.cpp, line 773]
Event: 50.605 Thread 0x0000019374f85000 Exception <a 'java/lang/NoSuchMethodError'{0x0000000085a04c78}: 'java.lang.Object java.lang.invoke.DirectMethodHandle$Holder.invokeSpecialIFC(java.lang.Object, java.lang.Object, java.lang.Object)'> (0x0000000085a04c78) thrown at [./src/hotspot/share/interpreter/linkResolver.cpp, line 773]
Event: 50.786 Thread 0x0000019374f85000 Exception <a 'java/lang/NoSuchMethodError'{0x000000008599fab0}: 'int java.lang.invoke.DirectMethodHandle$Holder.invokeStaticInit(java.lang.Object, java.lang.Object, java.lang.Object, java.lang.Object, java.lang.Object)'> (0x000000008599fab0) thrown at [./src/hotspot/share/interpreter/linkResolver.cpp, line 773]
Event: 56.753 Thread 0x0000019374f85000 Exception <a 'java/lang/NoSuchMethodError'{0x00000000870f9630}: <clinit>> (0x00000000870f9630) thrown at [./src/hotspot/share/prims/jni.cpp, line 1362]
Event: 63.716 Thread 0x000001937203c000 Implicit null exception at 0x0000019362f91e74 to 0x0000019362f920cc
Event: 63.716 Thread 0x000001937203c000 Implicit null exception at 0x0000019362f91774 to 0x0000019362f919cc
Event: 77.732 Thread 0x000001937203c000 Implicit null exception at 0x000001936302c896 to 0x0000019363032a5c
Event: 78.247 Thread 0x000001937203c000 Exception <a 'java/lang/NoSuchMethodError'{0x0000000088bc8cf8}: <clinit>> (0x0000000088bc8cf8) thrown at [./src/hotspot/share/prims/jni.cpp, line 1362]

Events (20 events):
Event: 79.099 loading class kotlin/InitializedLazyImpl
Event: 79.099 loading class kotlin/InitializedLazyImpl done
Event: 79.100 Executing VM operation: RevokeBias
Event: 79.100 Executing VM operation: RevokeBias done
Event: 79.123 Executing VM operation: BulkRevokeBias
Event: 79.127 Executing VM operation: BulkRevokeBias done
Event: 79.153 loading class com/android/build/gradle/internal/aapt/WorkerExecutorResourceCompilationService$close$2
Event: 79.153 loading class com/android/build/gradle/internal/aapt/WorkerExecutorResourceCompilationService$close$2 done
Event: 79.156 loading class com/android/build/gradle/internal/aapt/WorkerExecutorResourceCompilationService$close$3
Event: 79.156 loading class com/android/build/gradle/internal/aapt/WorkerExecutorResourceCompilationService$close$3 done
Event: 79.159 loading class kotlin/comparisons/ComparisonsKt
Event: 79.159 loading class kotlin/comparisons/ComparisonsKt done
Event: 79.159 loading class kotlin/comparisons/ComparisonsKt
Event: 79.159 loading class kotlin/comparisons/ComparisonsKt done
Event: 79.165 loading class kotlin/comparisons/ComparisonsKt___ComparisonsKt
Event: 79.165 loading class kotlin/comparisons/ComparisonsKt___ComparisonsKt done
Event: 79.282 loading class kotlin/comparisons/ComparisonsKt___ComparisonsJvmKt
Event: 79.282 loading class kotlin/comparisons/ComparisonsKt___ComparisonsJvmKt done
Event: 79.289 loading class kotlin/comparisons/ComparisonsKt__ComparisonsKt
Event: 79.289 loading class kotlin/comparisons/ComparisonsKt__ComparisonsKt done


Dynamic libraries:
0x00007ff746430000 - 0x00007ff74643a000 	C:\Program Files\Android\Android Studio\jre\bin\java.exe
0x00007ffaafe30000 - 0x00007ffab0025000 	C:\windows\SYSTEM32\ntdll.dll
0x00007ffaade80000 - 0x00007ffaadf3e000 	C:\windows\System32\KERNEL32.DLL
0x00007ffaad6f0000 - 0x00007ffaad9b9000 	C:\windows\System32\KERNELBASE.dll
0x00007ffaada50000 - 0x00007ffaadb50000 	C:\windows\System32\ucrtbase.dll
0x00007ffa971a0000 - 0x00007ffa971b7000 	C:\Program Files\Android\Android Studio\jre\bin\VCRUNTIME140.dll
0x00007ffa97130000 - 0x00007ffa97149000 	C:\Program Files\Android\Android Studio\jre\bin\jli.dll
0x00007ffaaf240000 - 0x00007ffaaf3e1000 	C:\windows\System32\USER32.dll
0x00007ffaadd40000 - 0x00007ffaadd62000 	C:\windows\System32\win32u.dll
0x00007ffaafa60000 - 0x00007ffaafa8b000 	C:\windows\System32\GDI32.dll
0x00007ffaadd70000 - 0x00007ffaade7b000 	C:\windows\System32\gdi32full.dll
0x00007ffaad550000 - 0x00007ffaad5ed000 	C:\windows\System32\msvcp_win.dll
0x00007ffa956d0000 - 0x00007ffa9596a000 	C:\windows\WinSxS\amd64_microsoft.windows.common-controls_6595b64144ccf1df_6.0.19041.1110_none_60b5254171f9507e\COMCTL32.dll
0x00007ffaaf540000 - 0x00007ffaaf5de000 	C:\windows\System32\msvcrt.dll
0x00007ffaaf9c0000 - 0x00007ffaaf9f0000 	C:\windows\System32\IMM32.DLL
0x00007ffa821d0000 - 0x00007ffa8226d000 	C:\Program Files\Android\Android Studio\jre\bin\msvcp140.dll
0x00007ffa73f10000 - 0x00007ffa749df000 	C:\Program Files\Android\Android Studio\jre\bin\server\jvm.dll
0x00007ffaaf190000 - 0x00007ffaaf23c000 	C:\windows\System32\ADVAPI32.dll
0x00007ffaaf3f0000 - 0x00007ffaaf48b000 	C:\windows\System32\sechost.dll
0x00007ffaaf710000 - 0x00007ffaaf83a000 	C:\windows\System32\RPCRT4.dll
0x00007ffaaf000000 - 0x00007ffaaf008000 	C:\windows\System32\PSAPI.DLL
0x00007ffaa5500000 - 0x00007ffaa5527000 	C:\windows\SYSTEM32\WINMM.dll
0x00007ffaa5530000 - 0x00007ffaa553a000 	C:\windows\SYSTEM32\VERSION.dll
0x00007ffaaabd0000 - 0x00007ffaaabd9000 	C:\windows\SYSTEM32\WSOCK32.dll
0x00007ffaaf9f0000 - 0x00007ffaafa5b000 	C:\windows\System32\WS2_32.dll
0x00007ffaab450000 - 0x00007ffaab462000 	C:\windows\SYSTEM32\kernel.appcore.dll
0x00007ffaa6b90000 - 0x00007ffaa6ba1000 	C:\Program Files\Android\Android Studio\jre\bin\verify.dll
0x00007ffa9be00000 - 0x00007ffa9bfe4000 	C:\windows\SYSTEM32\DBGHELP.DLL
0x00007ffa95e90000 - 0x00007ffa95ebc000 	C:\windows\SYSTEM32\dbgcore.DLL
0x00007ffaadcb0000 - 0x00007ffaadd33000 	C:\windows\System32\bcryptPrimitives.dll
0x00007ffa9bbe0000 - 0x00007ffa9bc09000 	C:\Program Files\Android\Android Studio\jre\bin\java.dll
0x00007ffaaabb0000 - 0x00007ffaaabbb000 	C:\Program Files\Android\Android Studio\jre\bin\jimage.dll
0x00007ffaa6ad0000 - 0x00007ffaa6ae8000 	C:\Program Files\Android\Android Studio\jre\bin\zip.dll
0x00007ffaae680000 - 0x00007ffaaedbf000 	C:\windows\System32\SHELL32.dll
0x00007ffaab650000 - 0x00007ffaabde0000 	C:\windows\SYSTEM32\windows.storage.dll
0x00007ffaafa90000 - 0x00007ffaafde5000 	C:\windows\System32\combase.dll
0x00007ffaaced0000 - 0x00007ffaacefc000 	C:\windows\SYSTEM32\Wldp.dll
0x00007ffaaf010000 - 0x00007ffaaf0bd000 	C:\windows\System32\SHCORE.dll
0x00007ffaae620000 - 0x00007ffaae675000 	C:\windows\System32\shlwapi.dll
0x00007ffaad490000 - 0x00007ffaad4af000 	C:\windows\SYSTEM32\profapi.dll
0x00007ffaa5320000 - 0x00007ffaa533a000 	C:\Program Files\Android\Android Studio\jre\bin\net.dll
0x00007ffa98830000 - 0x00007ffa98938000 	C:\windows\SYSTEM32\WINHTTP.dll
0x00007ffaacc30000 - 0x00007ffaacc9a000 	C:\windows\system32\mswsock.dll
0x00007ffa9bbc0000 - 0x00007ffa9bbd4000 	C:\Program Files\Android\Android Studio\jre\bin\nio.dll
0x00007ffa97150000 - 0x00007ffa97177000 	C:\Users\camil\.gradle\native\8bec1ad78214c89d9ad589b4d07fe93259594b29d510b10fafb7a158f7737e5d\windows-amd64\native-platform.dll
0x00007ffa7d840000 - 0x00007ffa7d97d000 	C:\Users\camil\.gradle\native\53dbd7edfb1c66fb8903c78663c9afc45aea4f116125fa6feffd364cf09443e8\windows-amd64\native-platform-file-events.dll
0x00007ffaa6f20000 - 0x00007ffaa6f2a000 	C:\Program Files\Android\Android Studio\jre\bin\management.dll
0x00007ffaa6db0000 - 0x00007ffaa6dbc000 	C:\Program Files\Android\Android Studio\jre\bin\management_ext.dll
0x00007ffaace20000 - 0x00007ffaace38000 	C:\windows\SYSTEM32\CRYPTSP.dll
0x00007ffaac5b0000 - 0x00007ffaac5e4000 	C:\windows\system32\rsaenh.dll
0x00007ffaad9c0000 - 0x00007ffaad9e7000 	C:\windows\System32\bcrypt.dll
0x00007ffaad410000 - 0x00007ffaad43e000 	C:\windows\SYSTEM32\USERENV.dll
0x00007ffaace40000 - 0x00007ffaace4c000 	C:\windows\SYSTEM32\CRYPTBASE.dll
0x00007ffaac920000 - 0x00007ffaac95b000 	C:\windows\SYSTEM32\IPHLPAPI.DLL
0x00007ffaaeea0000 - 0x00007ffaaeea8000 	C:\windows\System32\NSI.dll
0x00007ffaa23e0000 - 0x00007ffaa23f7000 	C:\windows\SYSTEM32\dhcpcsvc6.DLL
0x00007ffaa5070000 - 0x00007ffaa508d000 	C:\windows\SYSTEM32\dhcpcsvc.DLL
0x00007ffaac960000 - 0x00007ffaaca2c000 	C:\windows\SYSTEM32\DNSAPI.dll

dbghelp: loaded successfully - version: 4.0.5 - missing functions: none
symbol engine: initialized successfully - sym options: 0x614 - pdb path: .;C:\Program Files\Android\Android Studio\jre\bin;C:\windows\SYSTEM32;C:\windows\WinSxS\amd64_microsoft.windows.common-controls_6595b64144ccf1df_6.0.19041.1110_none_60b5254171f9507e;C:\Program Files\Android\Android Studio\jre\bin\server;C:\Users\camil\.gradle\native\8bec1ad78214c89d9ad589b4d07fe93259594b29d510b10fafb7a158f7737e5d\windows-amd64;C:\Users\camil\.gradle\native\53dbd7edfb1c66fb8903c78663c9afc45aea4f116125fa6feffd364cf09443e8\windows-amd64

VM Arguments:
jvm_args: --add-opens=java.base/java.util=ALL-UNNAMED --add-opens=java.base/java.lang=ALL-UNNAMED --add-opens=java.base/java.lang.invoke=ALL-UNNAMED --add-opens=java.base/java.util=ALL-UNNAMED --add-opens=java.prefs/java.util.prefs=ALL-UNNAMED --add-opens=java.prefs/java.util.prefs=ALL-UNNAMED --add-opens=java.base/java.nio.charset=ALL-UNNAMED --add-opens=java.base/java.net=ALL-UNNAMED --add-opens=java.base/java.util.concurrent.atomic=ALL-UNNAMED -Xmx2048m -Dfile.encoding=UTF-8 -Duser.country=CO -Duser.language=es -Duser.variant 
java_command: org.gradle.launcher.daemon.bootstrap.GradleDaemon 7.0.2
java_class_path (initial): C:\Users\camil\.gradle\wrapper\dists\gradle-7.0.2-bin\857tjihv64xamwrf0h14cai3r\gradle-7.0.2\lib\gradle-launcher-7.0.2.jar
Launcher Type: SUN_STANDARD

[Global flags]
     intx CICompilerCount                          = 2                                         {product} {ergonomic}
     uint ConcGCThreads                            = 1                                         {product} {ergonomic}
     uint G1ConcRefinementThreads                  = 2                                         {product} {ergonomic}
   size_t G1HeapRegionSize                         = 1048576                                   {product} {ergonomic}
    uintx GCDrainStackTargetSize                   = 64                                        {product} {ergonomic}
   size_t InitialHeapSize                          = 58720256                                  {product} {ergonomic}
   size_t MarkStackSize                            = 4194304                                   {product} {ergonomic}
   size_t MaxHeapSize                              = 2147483648                                {product} {command line}
   size_t MaxNewSize                               = 1287651328                                {product} {ergonomic}
   size_t MinHeapDeltaBytes                        = 1048576                                   {product} {ergonomic}
    uintx NonNMethodCodeHeapSize                   = 5825164                                {pd product} {ergonomic}
    uintx NonProfiledCodeHeapSize                  = 122916538                              {pd product} {ergonomic}
    uintx ProfiledCodeHeapSize                     = 122916538                              {pd product} {ergonomic}
    uintx ReservedCodeCacheSize                    = 251658240                              {pd product} {ergonomic}
     bool SegmentedCodeCache                       = true                                      {product} {ergonomic}
     bool UseCompressedClassPointers               = true                                 {lp64_product} {ergonomic}
     bool UseCompressedOops                        = true                                 {lp64_product} {ergonomic}
     bool UseG1GC                                  = true                                      {product} {ergonomic}
     bool UseLargePagesIndividualAllocation        = false                                  {pd product} {ergonomic}

Logging:
Log output configuration:
 #0: stdout all=warning uptime,level,tags
 #1: stderr all=off uptime,level,tags

Environment Variables:
PATH=C:\Program Files (x86)\Common Files\Oracle\Java\javapath;C:\windows\system32;C:\windows;C:\windows\System32\Wbem;C:\windows\System32\WindowsPowerShell\v1.0\;C:\windows\System32\OpenSSH\;C:\Program Files\Git\cmd;C:\Program Files\Java\jdk1.8.0_301\bin;C:\Program Files\MATLAB\R2021b\bin;C:\Users\camil\AppData\Local\Microsoft\WindowsApps;;C:\altera_lite\16.0\modelsim_ase\win32aloem
USERNAME=camil
OS=Windows_NT
PROCESSOR_IDENTIFIER=AMD64 Family 23 Model 32 Stepping 1, AuthenticAMD



---------------  S Y S T E M  ---------------

OS: Windows 10 , 64 bit Build 19041 (10.0.19041.1202)
OS uptime: 11 days 23:34 hours

CPU:total 2 (initial active 2) (2 cores per cpu, 1 threads per core) family 23 model 32 stepping 1 microcode 0x0, cmov, cx8, fxsr, mmx, sse, sse2, sse3, ssse3, sse4.1, sse4.2, popcnt, avx, avx2, aes, clmul, mmxext, 3dnowpref, lzcnt, sse4a, tsc, tscinvbit, tscinv, bmi1, bmi2, adx, sha, 

Memory: 4k page, system-wide physical 3526M (229M free)
TotalPageFile size 14278M (AvailPageFile size 3M)
current process WorkingSet (physical memory assigned to process): 266M, peak: 302M
current process commit charge ("private bytes"): 392M, peak: 396M

vm_info: OpenJDK 64-Bit Server VM (11.0.10+0-b96-7249189) for windows-amd64 JRE (11.0.10+0-b96-7249189), built on Mar 31 2021 21:44:00 by "builder" with MS VC++ 14.0 (VS2015)

END.
