#
# There is insufficient memory for the Java Runtime Environment to continue.
# Native memory allocation (malloc) failed to allocate 967696 bytes for Chunk::new
# Possible reasons:
#   The system is out of physical RAM or swap space
#   The process is running with CompressedOops enabled, and the Java Heap may be blocking the growth of the native heap
# Possible solutions:
#   Reduce memory load on the system
#   Increase physical memory or swap space
#   Check if swap backing store is full
#   Decrease Java heap size (-Xmx/-Xms)
#   Decrease number of Java threads
#   Decrease Java thread stack sizes (-Xss)
#   Set larger code cache with -XX:ReservedCodeCacheSize=
#   JVM is running with Unscaled Compressed Oops mode in which the Java heap is
#     placed in the first 4GB address space. The Java Heap base address is the
#     maximum limit for the native heap growth. Please use -XX:HeapBaseMinAddress
#     to set the Java Heap base and to place the Java Heap above 4GB virtual address.
# This output file may be truncated or incomplete.
#
#  Out of Memory Error (./src/hotspot/share/memory/arena.cpp:197), pid=15960, tid=5636
#
# JRE version: OpenJDK Runtime Environment (11.0.10) (build 11.0.10+0-b96-7249189)
# Java VM: OpenJDK 64-Bit Server VM (11.0.10+0-b96-7249189, mixed mode, tiered, compressed oops, g1 gc, windows-amd64)
# No core dump will be written. Minidumps are not enabled by default on client versions of Windows
#

---------------  S U M M A R Y ------------

Command Line: --add-opens=java.base/java.util=ALL-UNNAMED --add-opens=java.base/java.lang=ALL-UNNAMED --add-opens=java.base/java.lang.invoke=ALL-UNNAMED --add-opens=java.base/java.util=ALL-UNNAMED --add-opens=java.prefs/java.util.prefs=ALL-UNNAMED --add-opens=java.prefs/java.util.prefs=ALL-UNNAMED --add-opens=java.base/java.nio.charset=ALL-UNNAMED --add-opens=java.base/java.net=ALL-UNNAMED --add-opens=java.base/java.util.concurrent.atomic=ALL-UNNAMED -Xmx2048m -Dfile.encoding=UTF-8 -Duser.country=CO -Duser.language=es -Duser.variant org.gradle.launcher.daemon.bootstrap.GradleDaemon 7.0.2

Host: AMD 3020e with Radeon Graphics                 , 2 cores, 3G,  Windows 10 , 64 bit Build 19041 (10.0.19041.1202)
Time: Tue Oct 26 23:05:00 2021 Hora est. Pacífico, Sudamérica elapsed time: 47.232203 seconds (0d 0h 0m 47s)

---------------  T H R E A D  ---------------

Current thread (0x00000185b88b0000):  JavaThread "C2 CompilerThread0" daemon [_thread_in_native, id=5636, stack(0x00000070e5b00000,0x00000070e5c00000)]


Current CompileTask:
C2:  47232 6509       4       sun.reflect.generics.parser.SignatureParser::parsePackageNameAndSimpleClassTypeSignature (119 bytes)

Stack: [0x00000070e5b00000,0x00000070e5c00000]
Native frames: (J=compiled Java code, j=interpreted, Vv=VM code, C=native code)
V  [jvm.dll+0x5ecfaa]
V  [jvm.dll+0x722bd5]
V  [jvm.dll+0x72412d]
V  [jvm.dll+0x7247e3]
V  [jvm.dll+0x242928]
V  [jvm.dll+0xbc4fc]
V  [jvm.dll+0xbca0c]
V  [jvm.dll+0x2b4fd4]
V  [jvm.dll+0x506028]
V  [jvm.dll+0x203253]
V  [jvm.dll+0x1fd07c]
V  [jvm.dll+0x1fa77f]
V  [jvm.dll+0x18354c]
V  [jvm.dll+0x208ee7]
V  [jvm.dll+0x207731]
V  [jvm.dll+0x6eb1cf]
V  [jvm.dll+0x6e3d45]
V  [jvm.dll+0x5ebe96]
C  [ucrtbase.dll+0x21bb2]
C  [KERNEL32.DLL+0x17034]
C  [ntdll.dll+0x52651]


---------------  P R O C E S S  ---------------

Threads class SMR info:
_java_thread_list=0x00000185bc475930, length=38, elements={
0x000001859e9c9800, 0x00000185b884d800, 0x00000185b8850800, 0x00000185b88aa000,
0x00000185b88ac000, 0x00000185b88ad000, 0x00000185b88b0000, 0x00000185b88b1800,
0x00000185b88dd800, 0x00000185b8b35800, 0x00000185b920b000, 0x00000185b8f27000,
0x00000185b8f24000, 0x00000185b9b49000, 0x00000185b8f23800, 0x00000185b8cc5000,
0x00000185b9961800, 0x00000185b9a1d800, 0x00000185b9a1e800, 0x00000185b8eab800,
0x00000185b8ea9800, 0x00000185b8ead000, 0x00000185b8ead800, 0x00000185b8eaa800,
0x00000185b8eac000, 0x00000185b8ea9000, 0x00000185b8eae800, 0x00000185b8eaf800,
0x00000185bba09800, 0x00000185bba0a800, 0x00000185bba09000, 0x00000185bba06800,
0x00000185bba0d800, 0x00000185bba0d000, 0x00000185bba0e800, 0x00000185bba0f800,
0x00000185bba0c000, 0x00000185bba10000
}

Java Threads: ( => current thread )
  0x000001859e9c9800 JavaThread "main" [_thread_blocked, id=12656, stack(0x00000070e4e00000,0x00000070e4f00000)]
  0x00000185b884d800 JavaThread "Reference Handler" daemon [_thread_blocked, id=12044, stack(0x00000070e5600000,0x00000070e5700000)]
  0x00000185b8850800 JavaThread "Finalizer" daemon [_thread_blocked, id=17100, stack(0x00000070e5700000,0x00000070e5800000)]
  0x00000185b88aa000 JavaThread "Signal Dispatcher" daemon [_thread_blocked, id=1740, stack(0x00000070e5800000,0x00000070e5900000)]
  0x00000185b88ac000 JavaThread "Attach Listener" daemon [_thread_blocked, id=11624, stack(0x00000070e5900000,0x00000070e5a00000)]
  0x00000185b88ad000 JavaThread "Service Thread" daemon [_thread_blocked, id=2004, stack(0x00000070e5a00000,0x00000070e5b00000)]
=>0x00000185b88b0000 JavaThread "C2 CompilerThread0" daemon [_thread_in_native, id=5636, stack(0x00000070e5b00000,0x00000070e5c00000)]
  0x00000185b88b1800 JavaThread "C1 CompilerThread0" daemon [_thread_blocked, id=10744, stack(0x00000070e5c00000,0x00000070e5d00000)]
  0x00000185b88dd800 JavaThread "Sweeper thread" daemon [_thread_blocked, id=10304, stack(0x00000070e5d00000,0x00000070e5e00000)]
  0x00000185b8b35800 JavaThread "Common-Cleaner" daemon [_thread_blocked, id=17908, stack(0x00000070e5e00000,0x00000070e5f00000)]
  0x00000185b920b000 JavaThread "Daemon health stats" [_thread_blocked, id=12072, stack(0x00000070e6100000,0x00000070e6200000)]
  0x00000185b8f27000 JavaThread "Incoming local TCP Connector on port 52790" [_thread_in_native, id=8524, stack(0x00000070e6200000,0x00000070e6300000)]
  0x00000185b8f24000 JavaThread "Daemon" [_thread_blocked, id=2876, stack(0x00000070e6300000,0x00000070e6400000)]
  0x00000185b9b49000 JavaThread "Handler for socket connection from /127.0.0.1:52790 to /127.0.0.1:52791" [_thread_in_native, id=10076, stack(0x00000070e6400000,0x00000070e6500000)]
  0x00000185b8f23800 JavaThread "Daemon periodic checks" [_thread_blocked, id=6812, stack(0x00000070e6500000,0x00000070e6600000)]
  0x00000185b8cc5000 JavaThread "Cancel handler" [_thread_blocked, id=1664, stack(0x00000070e6600000,0x00000070e6700000)]
  0x00000185b9961800 JavaThread "Daemon worker" [_thread_in_vm, id=15336, stack(0x00000070e6700000,0x00000070e6800000)]
  0x00000185b9a1d800 JavaThread "Asynchronous log dispatcher for DefaultDaemonConnection: socket connection from /127.0.0.1:52790 to /127.0.0.1:52791" [_thread_blocked, id=5724, stack(0x00000070e6800000,0x00000070e6900000)]
  0x00000185b9a1e800 JavaThread "Stdin handler" [_thread_blocked, id=17604, stack(0x00000070e6900000,0x00000070e6a00000)]
  0x00000185b8eab800 JavaThread "Daemon client event forwarder" [_thread_blocked, id=16864, stack(0x00000070e6a00000,0x00000070e6b00000)]
  0x00000185b8ea9800 JavaThread "Cache worker for file hash cache (C:\Users\camil\.gradle\caches\7.0.2\fileHashes)" [_thread_blocked, id=17204, stack(0x00000070e6b00000,0x00000070e6c00000)]
  0x00000185b8ead000 JavaThread "File lock request listener" [_thread_in_native, id=15780, stack(0x00000070e6c00000,0x00000070e6d00000)]
  0x00000185b8ead800 JavaThread "Cache worker for journal cache (C:\Users\camil\.gradle\caches\journal-1)" [_thread_blocked, id=11908, stack(0x00000070e6d00000,0x00000070e6e00000)]
  0x00000185b8eaa800 JavaThread "Cache worker for file hash cache (C:\Users\camil\Documents\prograRed\Reto_1\.gradle\7.0.2\fileHashes)" [_thread_blocked, id=16016, stack(0x00000070e6e00000,0x00000070e6f00000)]
  0x00000185b8eac000 JavaThread "File watcher server" daemon [_thread_in_native, id=12940, stack(0x00000070e6f00000,0x00000070e7000000)]
  0x00000185b8ea9000 JavaThread "File watcher consumer" daemon [_thread_blocked, id=13604, stack(0x00000070e7000000,0x00000070e7100000)]
  0x00000185b8eae800 JavaThread "Cache worker for checksums cache (C:\Users\camil\Documents\prograRed\Reto_1\.gradle\checksums)" [_thread_blocked, id=9612, stack(0x00000070e7100000,0x00000070e7200000)]
  0x00000185b8eaf800 JavaThread "Cache worker for cache directory md-supplier (C:\Users\camil\.gradle\caches\7.0.2\md-supplier)" [_thread_blocked, id=16008, stack(0x00000070e7200000,0x00000070e7300000)]
  0x00000185bba09800 JavaThread "Cache worker for cache directory md-rule (C:\Users\camil\.gradle\caches\7.0.2\md-rule)" [_thread_blocked, id=10992, stack(0x00000070e7300000,0x00000070e7400000)]
  0x00000185bba0a800 JavaThread "Cache worker for execution history cache (C:\Users\camil\.gradle\caches\7.0.2\executionHistory)" [_thread_blocked, id=15740, stack(0x00000070e7400000,0x00000070e7500000)]
  0x00000185bba09000 JavaThread "jar transforms" [_thread_blocked, id=1372, stack(0x00000070e7500000,0x00000070e7600000)]
  0x00000185bba06800 JavaThread "jar transforms Thread 2" [_thread_blocked, id=11196, stack(0x00000070e7600000,0x00000070e7700000)]
  0x00000185bba0d800 JavaThread "Cache worker for file content cache (C:\Users\camil\.gradle\caches\7.0.2\fileContent)" [_thread_blocked, id=12600, stack(0x00000070e7700000,0x00000070e7800000)]
  0x00000185bba0d000 JavaThread "Cache worker for dependencies-accessors (C:\Users\camil\Documents\prograRed\Reto_1\.gradle\7.0.2\dependencies-accessors)" [_thread_blocked, id=18164, stack(0x00000070e7800000,0x00000070e7900000)]
  0x00000185bba0e800 JavaThread "Cache worker for Build Output Cleanup Cache (C:\Users\camil\Documents\prograRed\Reto_1\.gradle\buildOutputCleanup)" [_thread_blocked, id=15200, stack(0x00000070e7900000,0x00000070e7a00000)]
  0x00000185bba0f800 JavaThread "Build operations" [_thread_blocked, id=7700, stack(0x00000070e7a00000,0x00000070e7b00000)]
  0x00000185bba0c000 JavaThread "Build operations Thread 2" [_thread_blocked, id=6748, stack(0x00000070e7b00000,0x00000070e7c00000)]
  0x00000185bba10000 JavaThread "Memory manager" [_thread_blocked, id=9776, stack(0x00000070e7c00000,0x00000070e7d00000)]

Other Threads:
  0x00000185b8841000 VMThread "VM Thread" [stack: 0x00000070e5500000,0x00000070e5600000] [id=17120]
  0x00000185b8b65000 WatcherThread [stack: 0x00000070e5f00000,0x00000070e6000000] [id=7964]
  0x000001859e9e2800 GCTaskThread "GC Thread#0" [stack: 0x00000070e5000000,0x00000070e5100000] [id=5036]
  0x00000185b8c2e800 GCTaskThread "GC Thread#1" [stack: 0x00000070e6000000,0x00000070e6100000] [id=6716]
  0x000001859ea12000 ConcurrentGCThread "G1 Main Marker" [stack: 0x00000070e5100000,0x00000070e5200000] [id=13340]
  0x000001859ea14800 ConcurrentGCThread "G1 Conc#0" [stack: 0x00000070e5200000,0x00000070e5300000] [id=9516]
  0x000001859ea53000 ConcurrentGCThread "G1 Refine#0" [stack: 0x00000070e5300000,0x00000070e5400000] [id=10728]
  0x000001859ea54000 ConcurrentGCThread "G1 Young RemSet Sampling" [stack: 0x00000070e5400000,0x00000070e5500000] [id=12764]

Threads with active compile tasks:
C2 CompilerThread0  47350 6509       4       sun.reflect.generics.parser.SignatureParser::parsePackageNameAndSimpleClassTypeSignature (119 bytes)

VM state:not at safepoint (normal execution)

VM Mutex/Monitor currently owned by a thread:  ([mutex/lock_event])
[0x000001859e9c6630] SystemDictionary_lock - owner thread: 0x00000185b9961800

Heap address: 0x0000000080000000, size: 2048 MB, Compressed Oops mode: 32-bit
Narrow klass base: 0x0000000000000000, Narrow klass shift: 3
Compressed class space size: 1073741824 Address: 0x0000000100000000

Heap:
 garbage-first heap   total 83968K, used 59713K [0x0000000080000000, 0x0000000100000000)
  region size 1024K, 9 young (9216K), 2 survivors (2048K)
 Metaspace       used 68632K, capacity 70261K, committed 70400K, reserved 1110016K
  class space    used 8860K, capacity 9461K, committed 9472K, reserved 1048576K
Heap Regions: E=young(eden), S=young(survivor), O=old, HS=humongous(starts), HC=humongous(continues), CS=collection set, F=free, A=archive, TAMS=top-at-mark-start (previous, next)
|   0|0x0000000080000000, 0x0000000080100000, 0x0000000080100000|100%| O|  |TAMS 0x0000000080100000, 0x0000000080000000| Untracked 
|   1|0x0000000080100000, 0x0000000080200000, 0x0000000080200000|100%| O|  |TAMS 0x0000000080200000, 0x0000000080100000| Untracked 
|   2|0x0000000080200000, 0x0000000080300000, 0x0000000080300000|100%| O|  |TAMS 0x0000000080300000, 0x0000000080200000| Untracked 
|   3|0x0000000080300000, 0x0000000080400000, 0x0000000080400000|100%| O|  |TAMS 0x0000000080400000, 0x0000000080300000| Untracked 
|   4|0x0000000080400000, 0x0000000080500000, 0x0000000080500000|100%|HS|  |TAMS 0x0000000080500000, 0x0000000080400000| Complete 
|   5|0x0000000080500000, 0x0000000080600000, 0x0000000080600000|100%|HC|  |TAMS 0x0000000080600000, 0x0000000080500000| Complete 
|   6|0x0000000080600000, 0x0000000080700000, 0x0000000080700000|100%|HC|  |TAMS 0x0000000080700000, 0x0000000080600000| Complete 
|   7|0x0000000080700000, 0x0000000080800000, 0x0000000080800000|100%| O|  |TAMS 0x0000000080800000, 0x0000000080700000| Untracked 
|   8|0x0000000080800000, 0x0000000080900000, 0x0000000080900000|100%| O|  |TAMS 0x0000000080900000, 0x0000000080800000| Untracked 
|   9|0x0000000080900000, 0x0000000080a00000, 0x0000000080a00000|100%| O|  |TAMS 0x0000000080a00000, 0x0000000080900000| Untracked 
|  10|0x0000000080a00000, 0x0000000080b00000, 0x0000000080b00000|100%| O|  |TAMS 0x0000000080b00000, 0x0000000080a00000| Untracked 
|  11|0x0000000080b00000, 0x0000000080c00000, 0x0000000080c00000|100%| O|  |TAMS 0x0000000080c00000, 0x0000000080b00000| Untracked 
|  12|0x0000000080c00000, 0x0000000080d00000, 0x0000000080d00000|100%| O|  |TAMS 0x0000000080d00000, 0x0000000080c00000| Untracked 
|  13|0x0000000080d00000, 0x0000000080e00000, 0x0000000080e00000|100%| O|  |TAMS 0x0000000080e00000, 0x0000000080d00000| Untracked 
|  14|0x0000000080e00000, 0x0000000080f00000, 0x0000000080f00000|100%| O|  |TAMS 0x0000000080f00000, 0x0000000080e00000| Untracked 
|  15|0x0000000080f00000, 0x0000000081000000, 0x0000000081000000|100%| O|  |TAMS 0x0000000081000000, 0x0000000080f00000| Untracked 
|  16|0x0000000081000000, 0x0000000081100000, 0x0000000081100000|100%| O|  |TAMS 0x0000000081100000, 0x0000000081000000| Untracked 
|  17|0x0000000081100000, 0x0000000081200000, 0x0000000081200000|100%| O|  |TAMS 0x0000000081200000, 0x0000000081100000| Untracked 
|  18|0x0000000081200000, 0x0000000081300000, 0x0000000081300000|100%| O|  |TAMS 0x0000000081300000, 0x0000000081200000| Untracked 
|  19|0x0000000081300000, 0x0000000081400000, 0x0000000081400000|100%| O|  |TAMS 0x0000000081400000, 0x0000000081300000| Untracked 
|  20|0x0000000081400000, 0x0000000081500000, 0x0000000081500000|100%| O|  |TAMS 0x0000000081500000, 0x0000000081400000| Untracked 
|  21|0x0000000081500000, 0x0000000081600000, 0x0000000081600000|100%| O|  |TAMS 0x0000000081600000, 0x0000000081500000| Untracked 
|  22|0x0000000081600000, 0x0000000081700000, 0x0000000081700000|100%| O|  |TAMS 0x0000000081700000, 0x0000000081600000| Untracked 
|  23|0x0000000081700000, 0x0000000081800000, 0x0000000081800000|100%| O|  |TAMS 0x0000000081800000, 0x0000000081700000| Untracked 
|  24|0x0000000081800000, 0x0000000081900000, 0x0000000081900000|100%| O|  |TAMS 0x0000000081900000, 0x0000000081800000| Untracked 
|  25|0x0000000081900000, 0x0000000081a00000, 0x0000000081a00000|100%| O|  |TAMS 0x0000000081a00000, 0x0000000081900000| Untracked 
|  26|0x0000000081a00000, 0x0000000081b00000, 0x0000000081b00000|100%| O|  |TAMS 0x0000000081b00000, 0x0000000081a00000| Untracked 
|  27|0x0000000081b00000, 0x0000000081c00000, 0x0000000081c00000|100%| O|  |TAMS 0x0000000081c00000, 0x0000000081b00000| Untracked 
|  28|0x0000000081c00000, 0x0000000081d00000, 0x0000000081d00000|100%| O|  |TAMS 0x0000000081d00000, 0x0000000081c00000| Untracked 
|  29|0x0000000081d00000, 0x0000000081e00000, 0x0000000081e00000|100%|HS|  |TAMS 0x0000000081e00000, 0x0000000081d00000| Complete 
|  30|0x0000000081e00000, 0x0000000081f00000, 0x0000000081f00000|100%|HS|  |TAMS 0x0000000081f00000, 0x0000000081e00000| Complete 
|  31|0x0000000081f00000, 0x0000000082000000, 0x0000000082000000|100%|HS|  |TAMS 0x0000000082000000, 0x0000000081f00000| Complete 
|  32|0x0000000082000000, 0x0000000082100000, 0x0000000082100000|100%|HC|  |TAMS 0x0000000082100000, 0x0000000082000000| Complete 
|  33|0x0000000082100000, 0x0000000082200000, 0x0000000082200000|100%| O|  |TAMS 0x0000000082200000, 0x0000000082100000| Untracked 
|  34|0x0000000082200000, 0x0000000082300000, 0x0000000082300000|100%| O|  |TAMS 0x0000000082300000, 0x0000000082200000| Untracked 
|  35|0x0000000082300000, 0x0000000082400000, 0x0000000082400000|100%| O|  |TAMS 0x0000000082400000, 0x0000000082300000| Untracked 
|  36|0x0000000082400000, 0x0000000082500000, 0x0000000082500000|100%| O|  |TAMS 0x0000000082500000, 0x0000000082400000| Untracked 
|  37|0x0000000082500000, 0x0000000082600000, 0x0000000082600000|100%| O|  |TAMS 0x0000000082600000, 0x0000000082500000| Untracked 
|  38|0x0000000082600000, 0x0000000082700000, 0x0000000082700000|100%| O|  |TAMS 0x0000000082700000, 0x0000000082600000| Untracked 
|  39|0x0000000082700000, 0x0000000082800000, 0x0000000082800000|100%| O|  |TAMS 0x0000000082800000, 0x0000000082700000| Untracked 
|  40|0x0000000082800000, 0x0000000082900000, 0x0000000082900000|100%| O|  |TAMS 0x0000000082900000, 0x0000000082800000| Untracked 
|  41|0x0000000082900000, 0x0000000082a00000, 0x0000000082a00000|100%| O|  |TAMS 0x0000000082a00000, 0x0000000082900000| Untracked 
|  42|0x0000000082a00000, 0x0000000082b00000, 0x0000000082b00000|100%| O|  |TAMS 0x0000000082b00000, 0x0000000082a00000| Untracked 
|  43|0x0000000082b00000, 0x0000000082c00000, 0x0000000082c00000|100%| O|  |TAMS 0x0000000082c00000, 0x0000000082b00000| Untracked 
|  44|0x0000000082c00000, 0x0000000082d00000, 0x0000000082d00000|100%| O|  |TAMS 0x0000000082d00000, 0x0000000082c00000| Untracked 
|  45|0x0000000082d00000, 0x0000000082e00000, 0x0000000082e00000|100%| O|  |TAMS 0x0000000082e00000, 0x0000000082d00000| Untracked 
|  46|0x0000000082e00000, 0x0000000082f00000, 0x0000000082f00000|100%| O|  |TAMS 0x0000000082f00000, 0x0000000082e00000| Untracked 
|  47|0x0000000082f00000, 0x0000000083000000, 0x0000000083000000|100%| O|  |TAMS 0x0000000083000000, 0x0000000082f00000| Untracked 
|  48|0x0000000083000000, 0x0000000083100000, 0x0000000083100000|100%| O|  |TAMS 0x0000000083100000, 0x0000000083000000| Untracked 
|  49|0x0000000083100000, 0x0000000083200000, 0x0000000083200000|100%| O|  |TAMS 0x0000000083200000, 0x0000000083100000| Untracked 
|  50|0x0000000083200000, 0x000000008328aa00, 0x0000000083300000| 54%| O|  |TAMS 0x000000008328aa00, 0x0000000083200000| Untracked 
|  51|0x0000000083300000, 0x0000000083300000, 0x0000000083400000|  0%| F|  |TAMS 0x0000000083300000, 0x0000000083300000| Untracked 
|  52|0x0000000083400000, 0x0000000083400000, 0x0000000083500000|  0%| F|  |TAMS 0x0000000083400000, 0x0000000083400000| Untracked 
|  53|0x0000000083500000, 0x0000000083500000, 0x0000000083600000|  0%| F|  |TAMS 0x0000000083500000, 0x0000000083500000| Untracked 
|  54|0x0000000083600000, 0x0000000083600000, 0x0000000083700000|  0%| F|  |TAMS 0x0000000083600000, 0x0000000083600000| Untracked 
|  55|0x0000000083700000, 0x0000000083700000, 0x0000000083800000|  0%| F|  |TAMS 0x0000000083700000, 0x0000000083700000| Untracked 
|  56|0x0000000083800000, 0x0000000083800000, 0x0000000083900000|  0%| F|  |TAMS 0x0000000083800000, 0x0000000083800000| Untracked 
|  57|0x0000000083900000, 0x0000000083900000, 0x0000000083a00000|  0%| F|  |TAMS 0x0000000083900000, 0x0000000083900000| Untracked 
|  58|0x0000000083a00000, 0x0000000083a00000, 0x0000000083b00000|  0%| F|  |TAMS 0x0000000083a00000, 0x0000000083a00000| Untracked 
|  59|0x0000000083b00000, 0x0000000083b00000, 0x0000000083c00000|  0%| F|  |TAMS 0x0000000083b00000, 0x0000000083b00000| Untracked 
|  60|0x0000000083c00000, 0x0000000083c00000, 0x0000000083d00000|  0%| F|  |TAMS 0x0000000083c00000, 0x0000000083c00000| Untracked 
|  61|0x0000000083d00000, 0x0000000083d00000, 0x0000000083e00000|  0%| F|  |TAMS 0x0000000083d00000, 0x0000000083d00000| Untracked 
|  62|0x0000000083e00000, 0x0000000083e00000, 0x0000000083f00000|  0%| F|  |TAMS 0x0000000083e00000, 0x0000000083e00000| Untracked 
|  63|0x0000000083f00000, 0x0000000083f00000, 0x0000000084000000|  0%| F|  |TAMS 0x0000000083f00000, 0x0000000083f00000| Untracked 
|  64|0x0000000084000000, 0x0000000084000000, 0x0000000084100000|  0%| F|  |TAMS 0x0000000084000000, 0x0000000084000000| Untracked 
|  65|0x0000000084100000, 0x00000000841c5c40, 0x0000000084200000| 77%| S|CS|TAMS 0x0000000084100000, 0x0000000084100000| Complete 
|  66|0x0000000084200000, 0x0000000084300000, 0x0000000084300000|100%| S|CS|TAMS 0x0000000084200000, 0x0000000084200000| Complete 
|  67|0x0000000084300000, 0x0000000084300000, 0x0000000084400000|  0%| F|  |TAMS 0x0000000084300000, 0x0000000084300000| Untracked 
|  68|0x0000000084400000, 0x0000000084400000, 0x0000000084500000|  0%| F|  |TAMS 0x0000000084400000, 0x0000000084400000| Untracked 
|  69|0x0000000084500000, 0x0000000084500000, 0x0000000084600000|  0%| F|  |TAMS 0x0000000084500000, 0x0000000084500000| Untracked 
|  70|0x0000000084600000, 0x0000000084600000, 0x0000000084700000|  0%| F|  |TAMS 0x0000000084600000, 0x0000000084600000| Untracked 
|  71|0x0000000084700000, 0x0000000084700000, 0x0000000084800000|  0%| F|  |TAMS 0x0000000084700000, 0x0000000084700000| Untracked 
|  72|0x0000000084800000, 0x0000000084800000, 0x0000000084900000|  0%| F|  |TAMS 0x0000000084800000, 0x0000000084800000| Untracked 
|  73|0x0000000084900000, 0x0000000084900000, 0x0000000084a00000|  0%| F|  |TAMS 0x0000000084900000, 0x0000000084900000| Untracked 
|  74|0x0000000084a00000, 0x0000000084a00000, 0x0000000084b00000|  0%| F|  |TAMS 0x0000000084a00000, 0x0000000084a00000| Untracked 
|  75|0x0000000084b00000, 0x0000000084b4ca30, 0x0000000084c00000| 29%| E|  |TAMS 0x0000000084b00000, 0x0000000084b00000| Complete 
|  76|0x0000000084c00000, 0x0000000084d00000, 0x0000000084d00000|100%| E|CS|TAMS 0x0000000084c00000, 0x0000000084c00000| Complete 
|  77|0x0000000084d00000, 0x0000000084e00000, 0x0000000084e00000|100%| E|CS|TAMS 0x0000000084d00000, 0x0000000084d00000| Complete 
|  78|0x0000000084e00000, 0x0000000084f00000, 0x0000000084f00000|100%| E|CS|TAMS 0x0000000084e00000, 0x0000000084e00000| Complete 
|  79|0x0000000084f00000, 0x0000000085000000, 0x0000000085000000|100%| E|CS|TAMS 0x0000000084f00000, 0x0000000084f00000| Complete 
|  80|0x0000000085000000, 0x0000000085100000, 0x0000000085100000|100%| E|CS|TAMS 0x0000000085000000, 0x0000000085000000| Complete 
|  81|0x0000000085100000, 0x0000000085200000, 0x0000000085200000|100%| E|CS|TAMS 0x0000000085100000, 0x0000000085100000| Complete 

Card table byte_map: [0x00000185b14c0000,0x00000185b18c0000] _byte_map_base: 0x00000185b10c0000

Marking Bits (Prev, Next): (CMBitMap*) 0x000001859ea091f0, (CMBitMap*) 0x000001859ea091b8
 Prev Bits: [0x00000185b3cc0000, 0x00000185b5cc0000)
 Next Bits: [0x00000185b1cc0000, 0x00000185b3cc0000)

Polling page: 0x000001859c830000

Metaspace:

Usage:
  Non-class:     59.38 MB capacity,    58.37 MB ( 98%) used,   860.25 KB (  1%) free+waste,   167.94 KB ( <1%) overhead. 
      Class:      9.24 MB capacity,     8.65 MB ( 94%) used,   522.32 KB (  6%) free+waste,    78.13 KB ( <1%) overhead. 
       Both:     68.61 MB capacity,    67.02 MB ( 98%) used,     1.35 MB (  2%) free+waste,   246.06 KB ( <1%) overhead. 

Virtual space:
  Non-class space:       60.00 MB reserved,      59.50 MB (>99%) committed 
      Class space:        1.00 GB reserved,       9.25 MB ( <1%) committed 
             Both:        1.06 GB reserved,      68.75 MB (  6%) committed 

Chunk freelists:
   Non-Class:  0 bytes
       Class:  11.00 KB
        Both:  11.00 KB

MaxMetaspaceSize: 17179869184.00 GB
CompressedClassSpaceSize: 1.00 GB

CodeHeap 'non-profiled nmethods': size=120064Kb used=4053Kb max_used=4053Kb free=116010Kb
 bounds [0x00000185a9f80000, 0x00000185aa380000, 0x00000185b14c0000]
CodeHeap 'profiled nmethods': size=120000Kb used=14138Kb max_used=14138Kb free=105861Kb
 bounds [0x00000185a2a50000, 0x00000185a3820000, 0x00000185a9f80000]
CodeHeap 'non-nmethods': size=5696Kb used=2267Kb max_used=2314Kb free=3428Kb
 bounds [0x00000185a24c0000, 0x00000185a2730000, 0x00000185a2a50000]
 total_blobs=7358 nmethods=6498 adapters=769
 compilation: enabled
              stopped_count=0, restarted_count=0
 full_count=0

Compilation events (20 events):
Event: 46.873 Thread 0x00000185b88b1800 6502       3       org.gradle.api.internal.collections.AbstractIterationOrderRetainingElementSource$RealizedElementCollectionIterator::updateNext (157 bytes)
Event: 46.874 Thread 0x00000185b88b1800 nmethod 6502 0x00000185a3812610 code [0x00000185a38128c0, 0x00000185a3813798]
Event: 46.874 Thread 0x00000185b88b1800 6503       3       org.gradle.api.internal.collections.AbstractIterationOrderRetainingElementSource$RealizedElementCollectionIterator::hasNext (13 bytes)
Event: 46.874 Thread 0x00000185b88b1800 nmethod 6503 0x00000185a3813c10 code [0x00000185a3813dc0, 0x00000185a3813f18]
Event: 47.058 Thread 0x00000185b88b1800 6504       1       org.gradle.internal.reflect.annotations.impl.DefaultPropertyAnnotationMetadata::getAnnotations (5 bytes)
Event: 47.058 Thread 0x00000185b88b1800 nmethod 6504 0x00000185aa374210 code [0x00000185aa3743c0, 0x00000185aa374478]
Event: 47.059 Thread 0x00000185b88b1800 6505       3       com.google.common.collect.AbstractMapBasedMultimap$WrappedCollection$WrappedIterator::next (14 bytes)
Event: 47.059 Thread 0x00000185b88b1800 nmethod 6505 0x00000185a3813f90 code [0x00000185a3814180, 0x00000185a3814588]
Event: 47.069 Thread 0x00000185b88b1800 6506       3       java.util.Arrays::sort (37 bytes)
Event: 47.069 Thread 0x00000185b88b1800 nmethod 6506 0x00000185a3814710 code [0x00000185a38148e0, 0x00000185a3814b58]
Event: 47.071 Thread 0x00000185b88b1800 6507       1       org.gradle.internal.reflect.annotations.impl.DefaultPropertyAnnotationMetadata::getPropertyName (5 bytes)
Event: 47.071 Thread 0x00000185b88b1800 nmethod 6507 0x00000185aa374510 code [0x00000185aa3746c0, 0x00000185aa374778]
Event: 47.081 Thread 0x00000185b88b0000 6508       4       java.util.Collection::stream (11 bytes)
Event: 47.085 Thread 0x00000185b88b0000 nmethod 6508 0x00000185aa374810 code [0x00000185aa3749c0, 0x00000185aa374d18]
Event: 47.103 Thread 0x00000185b88b0000 6509       4       sun.reflect.generics.parser.SignatureParser::parsePackageNameAndSimpleClassTypeSignature (119 bytes)
Event: 47.106 Thread 0x00000185b88b1800 6512       3       org.gradle.internal.instantiation.generator.AbstractClassGenerator::isRoleType (49 bytes)
Event: 47.107 Thread 0x00000185b88b1800 nmethod 6512 0x00000185a3814c90 code [0x00000185a3814ea0, 0x00000185a3815458]
Event: 47.110 Thread 0x00000185b88b1800 6513       3       org.gradle.internal.instantiation.generator.AsmBackedClassGenerator$ClassBuilderImpl::addSetMethod (146 bytes)
Event: 47.111 Thread 0x00000185b88b1800 nmethod 6513 0x00000185a3815690 code [0x00000185a3815980, 0x00000185a3816948]
Event: 47.221 Thread 0x00000185b88b1800 6514   !   3       com.sun.beans.introspect.PropertyInfo::initialize (374 bytes)

GC Heap History (20 events):
Event: 26.087 GC heap before
{Heap before GC invocations=25 (full 0):
 garbage-first heap   total 83968K, used 63848K [0x0000000080000000, 0x0000000100000000)
  region size 1024K, 26 young (26624K), 4 survivors (4096K)
 Metaspace       used 50460K, capacity 51787K, committed 51968K, reserved 1093632K
  class space    used 6413K, capacity 6890K, committed 6912K, reserved 1048576K
}
Event: 26.097 GC heap after
{Heap after GC invocations=26 (full 0):
 garbage-first heap   total 83968K, used 42346K [0x0000000080000000, 0x0000000100000000)
  region size 1024K, 1 young (1024K), 1 survivors (1024K)
 Metaspace       used 50460K, capacity 51787K, committed 51968K, reserved 1093632K
  class space    used 6413K, capacity 6890K, committed 6912K, reserved 1048576K
}
Event: 27.492 GC heap before
{Heap before GC invocations=27 (full 0):
 garbage-first heap   total 83968K, used 64874K [0x0000000080000000, 0x0000000100000000)
  region size 1024K, 23 young (23552K), 1 survivors (1024K)
 Metaspace       used 53744K, capacity 55096K, committed 55296K, reserved 1097728K
  class space    used 6823K, capacity 7331K, committed 7424K, reserved 1048576K
}
Event: 27.510 GC heap after
{Heap after GC invocations=28 (full 0):
 garbage-first heap   total 83968K, used 43223K [0x0000000080000000, 0x0000000100000000)
  region size 1024K, 2 young (2048K), 2 survivors (2048K)
 Metaspace       used 53744K, capacity 55096K, committed 55296K, reserved 1097728K
  class space    used 6823K, capacity 7331K, committed 7424K, reserved 1048576K
}
Event: 29.088 GC heap before
{Heap before GC invocations=28 (full 0):
 garbage-first heap   total 83968K, used 65751K [0x0000000080000000, 0x0000000100000000)
  region size 1024K, 24 young (24576K), 2 survivors (2048K)
 Metaspace       used 57666K, capacity 59156K, committed 59392K, reserved 1101824K
  class space    used 7304K, capacity 7850K, committed 7936K, reserved 1048576K
}
Event: 29.101 GC heap after
{Heap after GC invocations=29 (full 0):
 garbage-first heap   total 83968K, used 44219K [0x0000000080000000, 0x0000000100000000)
  region size 1024K, 2 young (2048K), 2 survivors (2048K)
 Metaspace       used 57666K, capacity 59156K, committed 59392K, reserved 1101824K
  class space    used 7304K, capacity 7850K, committed 7936K, reserved 1048576K
}
Event: 31.237 GC heap before
{Heap before GC invocations=30 (full 0):
 garbage-first heap   total 83968K, used 65723K [0x0000000080000000, 0x0000000100000000)
  region size 1024K, 24 young (24576K), 2 survivors (2048K)
 Metaspace       used 59768K, capacity 61190K, committed 61312K, reserved 1101824K
  class space    used 7549K, capacity 8057K, committed 8064K, reserved 1048576K
}
Event: 31.251 GC heap after
{Heap after GC invocations=31 (full 0):
 garbage-first heap   total 83968K, used 46876K [0x0000000080000000, 0x0000000100000000)
  region size 1024K, 3 young (3072K), 3 survivors (3072K)
 Metaspace       used 59768K, capacity 61190K, committed 61312K, reserved 1101824K
  class space    used 7549K, capacity 8057K, committed 8064K, reserved 1048576K
}
Event: 36.791 GC heap before
{Heap before GC invocations=31 (full 0):
 garbage-first heap   total 83968K, used 68380K [0x0000000080000000, 0x0000000100000000)
  region size 1024K, 24 young (24576K), 3 survivors (3072K)
 Metaspace       used 62083K, capacity 63526K, committed 63744K, reserved 1103872K
  class space    used 7832K, capacity 8360K, committed 8448K, reserved 1048576K
}
Event: 36.807 GC heap after
{Heap after GC invocations=32 (full 0):
 garbage-first heap   total 83968K, used 48417K [0x0000000080000000, 0x0000000100000000)
  region size 1024K, 2 young (2048K), 2 survivors (2048K)
 Metaspace       used 62083K, capacity 63526K, committed 63744K, reserved 1103872K
  class space    used 7832K, capacity 8360K, committed 8448K, reserved 1048576K
}
Event: 37.978 GC heap before
{Heap before GC invocations=33 (full 0):
 garbage-first heap   total 83968K, used 53537K [0x0000000080000000, 0x0000000100000000)
  region size 1024K, 9 young (9216K), 2 survivors (2048K)
 Metaspace       used 62623K, capacity 64114K, committed 64256K, reserved 1105920K
  class space    used 7917K, capacity 8427K, committed 8448K, reserved 1048576K
}
Event: 37.993 GC heap after
{Heap after GC invocations=34 (full 0):
 garbage-first heap   total 83968K, used 48892K [0x0000000080000000, 0x0000000100000000)
  region size 1024K, 2 young (2048K), 2 survivors (2048K)
 Metaspace       used 62623K, capacity 64114K, committed 64256K, reserved 1105920K
  class space    used 7917K, capacity 8427K, committed 8448K, reserved 1048576K
}
Event: 40.846 GC heap before
{Heap before GC invocations=35 (full 0):
 garbage-first heap   total 83968K, used 68348K [0x0000000080000000, 0x0000000100000000)
  region size 1024K, 20 young (20480K), 2 survivors (2048K)
 Metaspace       used 63445K, capacity 64965K, committed 65280K, reserved 1105920K
  class space    used 8047K, capacity 8598K, committed 8704K, reserved 1048576K
}
Event: 40.857 GC heap after
{Heap after GC invocations=36 (full 0):
 garbage-first heap   total 83968K, used 50405K [0x0000000080000000, 0x0000000100000000)
  region size 1024K, 3 young (3072K), 3 survivors (3072K)
 Metaspace       used 63445K, capacity 64965K, committed 65280K, reserved 1105920K
  class space    used 8047K, capacity 8598K, committed 8704K, reserved 1048576K
}
Event: 42.199 GC heap before
{Heap before GC invocations=36 (full 0):
 garbage-first heap   total 83968K, used 65765K [0x0000000080000000, 0x0000000100000000)
  region size 1024K, 19 young (19456K), 3 survivors (3072K)
 Metaspace       used 64162K, capacity 65709K, committed 65792K, reserved 1105920K
  class space    used 8132K, capacity 8698K, committed 8704K, reserved 1048576K
}
Event: 42.210 GC heap after
{Heap after GC invocations=37 (full 0):
 garbage-first heap   total 83968K, used 51823K [0x0000000080000000, 0x0000000100000000)
  region size 1024K, 2 young (2048K), 2 survivors (2048K)
 Metaspace       used 64162K, capacity 65709K, committed 65792K, reserved 1105920K
  class space    used 8132K, capacity 8698K, committed 8704K, reserved 1048576K
}
Event: 44.719 GC heap before
{Heap before GC invocations=38 (full 0):
 garbage-first heap   total 83968K, used 68207K [0x0000000080000000, 0x0000000100000000)
  region size 1024K, 18 young (18432K), 2 survivors (2048K)
 Metaspace       used 66275K, capacity 67845K, committed 68096K, reserved 1107968K
  class space    used 8496K, capacity 9089K, committed 9216K, reserved 1048576K
}
Event: 44.727 GC heap after
{Heap after GC invocations=39 (full 0):
 garbage-first heap   total 83968K, used 52743K [0x0000000080000000, 0x0000000100000000)
  region size 1024K, 3 young (3072K), 3 survivors (3072K)
 Metaspace       used 66275K, capacity 67845K, committed 68096K, reserved 1107968K
  class space    used 8496K, capacity 9089K, committed 9216K, reserved 1048576K
}
Event: 46.882 GC heap before
{Heap before GC invocations=39 (full 0):
 garbage-first heap   total 83968K, used 68103K [0x0000000080000000, 0x0000000100000000)
  region size 1024K, 18 young (18432K), 3 survivors (3072K)
 Metaspace       used 68224K, capacity 69859K, committed 70144K, reserved 1110016K
  class space    used 8804K, capacity 9393K, committed 9472K, reserved 1048576K
}
Event: 46.892 GC heap after
{Heap after GC invocations=40 (full 0):
 garbage-first heap   total 83968K, used 53569K [0x0000000080000000, 0x0000000100000000)
  region size 1024K, 2 young (2048K), 2 survivors (2048K)
 Metaspace       used 68224K, capacity 69859K, committed 70144K, reserved 1110016K
  class space    used 8804K, capacity 9393K, committed 9472K, reserved 1048576K
}

Deoptimization events (20 events):
Event: 39.051 Thread 0x00000185b9961800 Uncommon trap: trap_request=0xffffff4d fr.pc=0x00000185a9fb5ccc relative=0x000000000000048c
Event: 39.051 Thread 0x00000185b9961800 Uncommon trap: reason=unstable_if action=reinterpret pc=0x00000185a9fb5ccc method=java.lang.AbstractStringBuilder.putStringAt(ILjava/lang/String;)V @ 8 c2
Event: 39.051 Thread 0x00000185b9961800 DEOPT PACKING pc=0x00000185a9fb5ccc sp=0x00000070e67f6980
Event: 39.051 Thread 0x00000185b9961800 DEOPT UNPACKING pc=0x00000185a24e78af sp=0x00000070e67f68e0 mode 2
Event: 40.250 Thread 0x00000185b9961800 Uncommon trap: trap_request=0xffffff4d fr.pc=0x00000185aa129098 relative=0x0000000000000358
Event: 40.250 Thread 0x00000185b9961800 Uncommon trap: reason=unstable_if action=reinterpret pc=0x00000185aa129098 method=java.util.StringJoiner.add(Ljava/lang/CharSequence;)Ljava/util/StringJoiner; @ 33 c2
Event: 40.250 Thread 0x00000185b9961800 DEOPT PACKING pc=0x00000185aa129098 sp=0x00000070e67f5be0
Event: 40.250 Thread 0x00000185b9961800 DEOPT UNPACKING pc=0x00000185a24e78af sp=0x00000070e67f5b90 mode 2
Event: 40.743 Thread 0x00000185b9961800 Uncommon trap: trap_request=0xfffffff4 fr.pc=0x00000185aa310ff4 relative=0x0000000000000834
Event: 40.743 Thread 0x00000185b9961800 Uncommon trap: reason=null_check action=make_not_entrant pc=0x00000185aa310ff4 method=com.sun.beans.introspect.MethodInfo$MethodOrder.compare(Ljava/lang/reflect/Method;Ljava/lang/reflect/Method;)I @ 133 c2
Event: 40.743 Thread 0x00000185b9961800 DEOPT PACKING pc=0x00000185aa310ff4 sp=0x00000070e67f3d40
Event: 40.743 Thread 0x00000185b9961800 DEOPT UNPACKING pc=0x00000185a24e78af sp=0x00000070e67f3c70 mode 2
Event: 40.743 Thread 0x00000185b9961800 Uncommon trap: trap_request=0xfffffff4 fr.pc=0x00000185aa30fe08 relative=0x0000000000000768
Event: 40.743 Thread 0x00000185b9961800 Uncommon trap: reason=null_check action=make_not_entrant pc=0x00000185aa30fe08 method=com.sun.beans.introspect.MethodInfo$MethodOrder.compare(Ljava/lang/reflect/Method;Ljava/lang/reflect/Method;)I @ 133 c2
Event: 40.743 Thread 0x00000185b9961800 DEOPT PACKING pc=0x00000185aa30fe08 sp=0x00000070e67f3cb0
Event: 40.743 Thread 0x00000185b9961800 DEOPT UNPACKING pc=0x00000185a24e78af sp=0x00000070e67f3c68 mode 2
Event: 41.216 Thread 0x00000185b9961800 Uncommon trap: trap_request=0xffffff4d fr.pc=0x00000185aa120e28 relative=0x0000000000005da8
Event: 41.216 Thread 0x00000185b9961800 Uncommon trap: reason=unstable_if action=reinterpret pc=0x00000185aa120e28 method=org.codehaus.groovy.runtime.metaclass.MetaMethodIndex.isOverridden(Lgroovy/lang/MetaMethod;Lgroovy/lang/MetaMethod;)Z @ 33 c2
Event: 41.216 Thread 0x00000185b9961800 DEOPT PACKING pc=0x00000185aa120e28 sp=0x00000070e67f4a20
Event: 41.216 Thread 0x00000185b9961800 DEOPT UNPACKING pc=0x00000185a24e78af sp=0x00000070e67f4a38 mode 2

Classes redefined (0 events):
No events

Internal exceptions (20 events):
Event: 41.222 Thread 0x00000185b9961800 Exception <a 'java/lang/ClassNotFoundException'{0x0000000084a6d220}: com/android/build/gradle/internal/dsl/BuildTypeBeanInfo> (0x0000000084a6d220) thrown at [./src/hotspot/share/classfile/systemDictionary.cpp, line 231]
Event: 41.222 Thread 0x00000185b9961800 Exception <a 'java/lang/ClassNotFoundException'{0x0000000084a84d80}: com/android/builder/core/AbstractBuildTypeBeanInfo> (0x0000000084a84d80) thrown at [./src/hotspot/share/classfile/systemDictionary.cpp, line 231]
Event: 41.222 Thread 0x00000185b9961800 Exception <a 'java/lang/ClassNotFoundException'{0x0000000084a9d030}: com/android/builder/core/AbstractBuildTypeCustomizer> (0x0000000084a9d030) thrown at [./src/hotspot/share/classfile/systemDictionary.cpp, line 231]
Event: 41.224 Thread 0x00000185b9961800 Exception <a 'java/lang/ClassNotFoundException'{0x0000000084ad1ed8}: com/android/build/gradle/internal/dsl/BuildTypeCustomizer> (0x0000000084ad1ed8) thrown at [./src/hotspot/share/classfile/systemDictionary.cpp, line 231]
Event: 41.227 Thread 0x00000185b9961800 Exception <a 'java/lang/ClassNotFoundException'{0x000000008495ec00}: com/android/build/gradle/internal/dsl/BuildType_DecoratedCustomizer> (0x000000008495ec00) thrown at [./src/hotspot/share/classfile/systemDictionary.cpp, line 231]
Event: 41.233 Thread 0x00000185b9961800 Exception <a 'java/lang/ClassNotFoundException'{0x00000000848211c8}: build_9lv15b8g8nnyzw1aekcg3bbjy$_run_closure1$_closure4BeanInfo> (0x00000000848211c8) thrown at [./src/hotspot/share/classfile/systemDictionary.cpp, line 231]
Event: 41.233 Thread 0x00000185b9961800 Exception <a 'java/lang/ClassNotFoundException'{0x0000000084831930}: build_9lv15b8g8nnyzw1aekcg3bbjy$_run_closure1$_closure4Customizer> (0x0000000084831930) thrown at [./src/hotspot/share/classfile/systemDictionary.cpp, line 231]
Event: 41.237 Thread 0x00000185b9961800 Exception <a 'java/lang/ClassNotFoundException'{0x000000008485a918}: build_9lv15b8g8nnyzw1aekcg3bbjy$_run_closure1BeanInfo> (0x000000008485a918) thrown at [./src/hotspot/share/classfile/systemDictionary.cpp, line 231]
Event: 41.237 Thread 0x00000185b9961800 Exception <a 'java/lang/ClassNotFoundException'{0x000000008486a728}: build_9lv15b8g8nnyzw1aekcg3bbjy$_run_closure1Customizer> (0x000000008486a728) thrown at [./src/hotspot/share/classfile/systemDictionary.cpp, line 231]
Event: 41.578 Thread 0x00000185b9961800 Exception <a 'java/lang/ClassNotFoundException'{0x00000000848c8388}: org/gradle/api/JavaVersionBeanInfo> (0x00000000848c8388) thrown at [./src/hotspot/share/classfile/systemDictionary.cpp, line 231]
Event: 41.579 Thread 0x00000185b9961800 Exception <a 'java/lang/ClassNotFoundException'{0x00000000848f2630}: org/gradle/api/JavaVersionCustomizer> (0x00000000848f2630) thrown at [./src/hotspot/share/classfile/systemDictionary.cpp, line 231]
Event: 41.595 Thread 0x00000185b9961800 Exception <a 'java/lang/ClassNotFoundException'{0x00000000847479c8}: com/android/build/gradle/internal/CompileOptions_DecoratedBeanInfo> (0x00000000847479c8) thrown at [./src/hotspot/share/classfile/systemDictionary.cpp, line 231]
Event: 41.596 Thread 0x00000185b9961800 Exception <a 'java/lang/ClassNotFoundException'{0x000000008475f098}: com/android/build/gradle/internal/CompileOptionsBeanInfo> (0x000000008475f098) thrown at [./src/hotspot/share/classfile/systemDictionary.cpp, line 231]
Event: 41.598 Thread 0x00000185b9961800 Exception <a 'java/lang/ClassNotFoundException'{0x0000000084776c80}: com/android/build/gradle/internal/CompileOptionsCustomizer> (0x0000000084776c80) thrown at [./src/hotspot/share/classfile/systemDictionary.cpp, line 231]
Event: 41.604 Thread 0x00000185b9961800 Exception <a 'java/lang/ClassNotFoundException'{0x000000008479b250}: com/android/build/gradle/internal/CompileOptions_DecoratedCustomizer> (0x000000008479b250) thrown at [./src/hotspot/share/classfile/systemDictionary.cpp, line 231]
Event: 47.218 Thread 0x00000185b9961800 Exception <a 'java/lang/ClassNotFoundException'{0x0000000084d236d8}: com/android/build/gradle/internal/api/ApkVariantOutputImpl_DecoratedBeanInfo> (0x0000000084d236d8) thrown at [./src/hotspot/share/classfile/systemDictionary.cpp, line 231]
Event: 47.219 Thread 0x00000185b9961800 Exception <a 'java/lang/ClassNotFoundException'{0x0000000084d3d0f8}: com/android/build/gradle/internal/api/ApkVariantOutputImplBeanInfo> (0x0000000084d3d0f8) thrown at [./src/hotspot/share/classfile/systemDictionary.cpp, line 231]
Event: 47.219 Thread 0x00000185b9961800 Exception <a 'java/lang/ClassNotFoundException'{0x0000000084d57530}: com/android/build/gradle/internal/api/BaseVariantOutputImplBeanInfo> (0x0000000084d57530) thrown at [./src/hotspot/share/classfile/systemDictionary.cpp, line 231]
Event: 47.220 Thread 0x00000185b9961800 Exception <a 'java/lang/ClassNotFoundException'{0x0000000084d71768}: com/android/build/gradle/internal/api/BaseVariantOutputImplCustomizer> (0x0000000084d71768) thrown at [./src/hotspot/share/classfile/systemDictionary.cpp, line 231]
Event: 47.221 Thread 0x00000185b9961800 Exception <a 'java/lang/ClassNotFoundException'{0x0000000084d9e2b8}: com/android/build/gradle/internal/api/ApkVariantOutputImplCustomizer> (0x0000000084d9e2b8) thrown at [./src/hotspot/share/classfile/systemDictionary.cpp, line 231]

Events (20 events):
Event: 47.219 loading class com/android/build/gradle/internal/api/ApkVariantOutputImplBeanInfo
Event: 47.219 loading class com/android/build/gradle/internal/api/ApkVariantOutputImplBeanInfo done
Event: 47.219 loading class com/android/build/gradle/internal/api/BaseVariantOutputImplBeanInfo
Event: 47.219 loading class com/android/build/gradle/internal/api/BaseVariantOutputImplBeanInfo done
Event: 47.219 loading class com/android/build/gradle/internal/api/BaseVariantOutputImplBeanInfo
Event: 47.219 loading class com/android/build/gradle/internal/api/BaseVariantOutputImplBeanInfo done
Event: 47.219 loading class com/android/build/gradle/internal/api/BaseVariantOutputImplBeanInfo
Event: 47.219 loading class com/android/build/gradle/internal/api/BaseVariantOutputImplBeanInfo done
Event: 47.219 loading class com/android/build/gradle/internal/api/BaseVariantOutputImplCustomizer
Event: 47.219 loading class com/android/build/gradle/internal/api/BaseVariantOutputImplCustomizer done
Event: 47.220 loading class com/android/build/gradle/internal/api/BaseVariantOutputImplCustomizer
Event: 47.220 loading class com/android/build/gradle/internal/api/BaseVariantOutputImplCustomizer done
Event: 47.220 loading class com/android/build/gradle/internal/api/BaseVariantOutputImplCustomizer
Event: 47.220 loading class com/android/build/gradle/internal/api/BaseVariantOutputImplCustomizer done
Event: 47.220 loading class com/android/build/gradle/internal/api/ApkVariantOutputImplCustomizer
Event: 47.220 loading class com/android/build/gradle/internal/api/ApkVariantOutputImplCustomizer done
Event: 47.221 loading class com/android/build/gradle/internal/api/ApkVariantOutputImplCustomizer
Event: 47.221 loading class com/android/build/gradle/internal/api/ApkVariantOutputImplCustomizer done
Event: 47.221 loading class com/android/build/gradle/internal/api/ApkVariantOutputImplCustomizer
Event: 47.221 loading class com/android/build/gradle/internal/api/ApkVariantOutputImplCustomizer done


Dynamic libraries:
0x00007ff60cb30000 - 0x00007ff60cb3a000 	C:\Program Files\Android\Android Studio\jre\bin\java.exe
0x00007ffaafe30000 - 0x00007ffab0025000 	C:\windows\SYSTEM32\ntdll.dll
0x00007ffaade80000 - 0x00007ffaadf3e000 	C:\windows\System32\KERNEL32.DLL
0x00007ffaad6f0000 - 0x00007ffaad9b9000 	C:\windows\System32\KERNELBASE.dll
0x00007ffaada50000 - 0x00007ffaadb50000 	C:\windows\System32\ucrtbase.dll
0x00007ffaa5360000 - 0x00007ffaa5379000 	C:\Program Files\Android\Android Studio\jre\bin\jli.dll
0x00007ffaaf240000 - 0x00007ffaaf3e1000 	C:\windows\System32\USER32.dll
0x00007ffaadd40000 - 0x00007ffaadd62000 	C:\windows\System32\win32u.dll
0x00007ffaafa60000 - 0x00007ffaafa8b000 	C:\windows\System32\GDI32.dll
0x00007ffaadd70000 - 0x00007ffaade7b000 	C:\windows\System32\gdi32full.dll
0x00007ffaad550000 - 0x00007ffaad5ed000 	C:\windows\System32\msvcp_win.dll
0x00007ffa9bc10000 - 0x00007ffa9bc27000 	C:\Program Files\Android\Android Studio\jre\bin\VCRUNTIME140.dll
0x00007ffa956d0000 - 0x00007ffa9596a000 	C:\windows\WinSxS\amd64_microsoft.windows.common-controls_6595b64144ccf1df_6.0.19041.1110_none_60b5254171f9507e\COMCTL32.dll
0x00007ffaaf540000 - 0x00007ffaaf5de000 	C:\windows\System32\msvcrt.dll
0x00007ffaaf9c0000 - 0x00007ffaaf9f0000 	C:\windows\System32\IMM32.DLL
0x00007ffa89d70000 - 0x00007ffa89e0d000 	C:\Program Files\Android\Android Studio\jre\bin\msvcp140.dll
0x00007ffa73f10000 - 0x00007ffa749df000 	C:\Program Files\Android\Android Studio\jre\bin\server\jvm.dll
0x00007ffaaf190000 - 0x00007ffaaf23c000 	C:\windows\System32\ADVAPI32.dll
0x00007ffaaf3f0000 - 0x00007ffaaf48b000 	C:\windows\System32\sechost.dll
0x00007ffaaf710000 - 0x00007ffaaf83a000 	C:\windows\System32\RPCRT4.dll
0x00007ffaaf000000 - 0x00007ffaaf008000 	C:\windows\System32\PSAPI.DLL
0x00007ffaaabd0000 - 0x00007ffaaabd9000 	C:\windows\SYSTEM32\WSOCK32.dll
0x00007ffaaf9f0000 - 0x00007ffaafa5b000 	C:\windows\System32\WS2_32.dll
0x00007ffaa5500000 - 0x00007ffaa5527000 	C:\windows\SYSTEM32\WINMM.dll
0x00007ffaa5530000 - 0x00007ffaa553a000 	C:\windows\SYSTEM32\VERSION.dll
0x00007ffaab450000 - 0x00007ffaab462000 	C:\windows\SYSTEM32\kernel.appcore.dll
0x00007ffaa6b90000 - 0x00007ffaa6ba1000 	C:\Program Files\Android\Android Studio\jre\bin\verify.dll
0x00007ffa9be00000 - 0x00007ffa9bfe4000 	C:\windows\SYSTEM32\DBGHELP.DLL
0x00007ffa95e90000 - 0x00007ffa95ebc000 	C:\windows\SYSTEM32\dbgcore.DLL
0x00007ffaadcb0000 - 0x00007ffaadd33000 	C:\windows\System32\bcryptPrimitives.dll
0x00007ffa9bbe0000 - 0x00007ffa9bc09000 	C:\Program Files\Android\Android Studio\jre\bin\java.dll
0x00007ffaaabb0000 - 0x00007ffaaabbb000 	C:\Program Files\Android\Android Studio\jre\bin\jimage.dll
0x00007ffaa6ad0000 - 0x00007ffaa6ae8000 	C:\Program Files\Android\Android Studio\jre\bin\zip.dll
0x00007ffaae680000 - 0x00007ffaaedbf000 	C:\windows\System32\SHELL32.dll
0x00007ffaab650000 - 0x00007ffaabde0000 	C:\windows\SYSTEM32\windows.storage.dll
0x00007ffaafa90000 - 0x00007ffaafde5000 	C:\windows\System32\combase.dll
0x00007ffaaced0000 - 0x00007ffaacefc000 	C:\windows\SYSTEM32\Wldp.dll
0x00007ffaaf010000 - 0x00007ffaaf0bd000 	C:\windows\System32\SHCORE.dll
0x00007ffaae620000 - 0x00007ffaae675000 	C:\windows\System32\shlwapi.dll
0x00007ffaad490000 - 0x00007ffaad4af000 	C:\windows\SYSTEM32\profapi.dll
0x00007ffaa5320000 - 0x00007ffaa533a000 	C:\Program Files\Android\Android Studio\jre\bin\net.dll
0x00007ffa98830000 - 0x00007ffa98938000 	C:\windows\SYSTEM32\WINHTTP.dll
0x00007ffaacc30000 - 0x00007ffaacc9a000 	C:\windows\system32\mswsock.dll
0x00007ffa9bbc0000 - 0x00007ffa9bbd4000 	C:\Program Files\Android\Android Studio\jre\bin\nio.dll
0x00007ffa97150000 - 0x00007ffa97177000 	C:\Users\camil\.gradle\native\8bec1ad78214c89d9ad589b4d07fe93259594b29d510b10fafb7a158f7737e5d\windows-amd64\native-platform.dll
0x00007ffa7d840000 - 0x00007ffa7d97d000 	C:\Users\camil\.gradle\native\53dbd7edfb1c66fb8903c78663c9afc45aea4f116125fa6feffd364cf09443e8\windows-amd64\native-platform-file-events.dll
0x00007ffaa6f20000 - 0x00007ffaa6f2a000 	C:\Program Files\Android\Android Studio\jre\bin\management.dll
0x00007ffaa6db0000 - 0x00007ffaa6dbc000 	C:\Program Files\Android\Android Studio\jre\bin\management_ext.dll
0x00007ffaace20000 - 0x00007ffaace38000 	C:\windows\SYSTEM32\CRYPTSP.dll
0x00007ffaac5b0000 - 0x00007ffaac5e4000 	C:\windows\system32\rsaenh.dll
0x00007ffaad9c0000 - 0x00007ffaad9e7000 	C:\windows\System32\bcrypt.dll
0x00007ffaad410000 - 0x00007ffaad43e000 	C:\windows\SYSTEM32\USERENV.dll
0x00007ffaace40000 - 0x00007ffaace4c000 	C:\windows\SYSTEM32\CRYPTBASE.dll
0x00007ffaac920000 - 0x00007ffaac95b000 	C:\windows\SYSTEM32\IPHLPAPI.DLL
0x00007ffaaeea0000 - 0x00007ffaaeea8000 	C:\windows\System32\NSI.dll
0x00007ffaa23e0000 - 0x00007ffaa23f7000 	C:\windows\SYSTEM32\dhcpcsvc6.DLL
0x00007ffaa5070000 - 0x00007ffaa508d000 	C:\windows\SYSTEM32\dhcpcsvc.DLL
0x00007ffaac960000 - 0x00007ffaaca2c000 	C:\windows\SYSTEM32\DNSAPI.dll

dbghelp: loaded successfully - version: 4.0.5 - missing functions: none
symbol engine: initialized successfully - sym options: 0x614 - pdb path: .;C:\Program Files\Android\Android Studio\jre\bin;C:\windows\SYSTEM32;C:\windows\WinSxS\amd64_microsoft.windows.common-controls_6595b64144ccf1df_6.0.19041.1110_none_60b5254171f9507e;C:\Program Files\Android\Android Studio\jre\bin\server;C:\Users\camil\.gradle\native\8bec1ad78214c89d9ad589b4d07fe93259594b29d510b10fafb7a158f7737e5d\windows-amd64;C:\Users\camil\.gradle\native\53dbd7edfb1c66fb8903c78663c9afc45aea4f116125fa6feffd364cf09443e8\windows-amd64

VM Arguments:
jvm_args: --add-opens=java.base/java.util=ALL-UNNAMED --add-opens=java.base/java.lang=ALL-UNNAMED --add-opens=java.base/java.lang.invoke=ALL-UNNAMED --add-opens=java.base/java.util=ALL-UNNAMED --add-opens=java.prefs/java.util.prefs=ALL-UNNAMED --add-opens=java.prefs/java.util.prefs=ALL-UNNAMED --add-opens=java.base/java.nio.charset=ALL-UNNAMED --add-opens=java.base/java.net=ALL-UNNAMED --add-opens=java.base/java.util.concurrent.atomic=ALL-UNNAMED -Xmx2048m -Dfile.encoding=UTF-8 -Duser.country=CO -Duser.language=es -Duser.variant 
java_command: org.gradle.launcher.daemon.bootstrap.GradleDaemon 7.0.2
java_class_path (initial): C:\Users\camil\.gradle\wrapper\dists\gradle-7.0.2-bin\857tjihv64xamwrf0h14cai3r\gradle-7.0.2\lib\gradle-launcher-7.0.2.jar
Launcher Type: SUN_STANDARD

[Global flags]
     intx CICompilerCount                          = 2                                         {product} {ergonomic}
     uint ConcGCThreads                            = 1                                         {product} {ergonomic}
     uint G1ConcRefinementThreads                  = 2                                         {product} {ergonomic}
   size_t G1HeapRegionSize                         = 1048576                                   {product} {ergonomic}
    uintx GCDrainStackTargetSize                   = 64                                        {product} {ergonomic}
   size_t InitialHeapSize                          = 58720256                                  {product} {ergonomic}
   size_t MarkStackSize                            = 4194304                                   {product} {ergonomic}
   size_t MaxHeapSize                              = 2147483648                                {product} {command line}
   size_t MaxNewSize                               = 1287651328                                {product} {ergonomic}
   size_t MinHeapDeltaBytes                        = 1048576                                   {product} {ergonomic}
    uintx NonNMethodCodeHeapSize                   = 5825164                                {pd product} {ergonomic}
    uintx NonProfiledCodeHeapSize                  = 122916538                              {pd product} {ergonomic}
    uintx ProfiledCodeHeapSize                     = 122916538                              {pd product} {ergonomic}
    uintx ReservedCodeCacheSize                    = 251658240                              {pd product} {ergonomic}
     bool SegmentedCodeCache                       = true                                      {product} {ergonomic}
     bool UseCompressedClassPointers               = true                                 {lp64_product} {ergonomic}
     bool UseCompressedOops                        = true                                 {lp64_product} {ergonomic}
     bool UseG1GC                                  = true                                      {product} {ergonomic}
     bool UseLargePagesIndividualAllocation        = false                                  {pd product} {ergonomic}

Logging:
Log output configuration:
 #0: stdout all=warning uptime,level,tags
 #1: stderr all=off uptime,level,tags

Environment Variables:
PATH=C:\Program Files (x86)\Common Files\Oracle\Java\javapath;C:\windows\system32;C:\windows;C:\windows\System32\Wbem;C:\windows\System32\WindowsPowerShell\v1.0\;C:\windows\System32\OpenSSH\;C:\Program Files\Git\cmd;C:\Program Files\Java\jdk1.8.0_301\bin;C:\Program Files\MATLAB\R2021b\bin;C:\Users\camil\AppData\Local\Microsoft\WindowsApps;;C:\altera_lite\16.0\modelsim_ase\win32aloem
USERNAME=camil
OS=Windows_NT
PROCESSOR_IDENTIFIER=AMD64 Family 23 Model 32 Stepping 1, AuthenticAMD



---------------  S Y S T E M  ---------------

OS: Windows 10 , 64 bit Build 19041 (10.0.19041.1202)
OS uptime: 11 days 23:47 hours

CPU:total 2 (initial active 2) (2 cores per cpu, 1 threads per core) family 23 model 32 stepping 1 microcode 0x0, cmov, cx8, fxsr, mmx, sse, sse2, sse3, ssse3, sse4.1, sse4.2, popcnt, avx, avx2, aes, clmul, mmxext, 3dnowpref, lzcnt, sse4a, tsc, tscinvbit, tscinv, bmi1, bmi2, adx, sha, 

Memory: 4k page, system-wide physical 3526M (210M free)
TotalPageFile size 14278M (AvailPageFile size 2M)
current process WorkingSet (physical memory assigned to process): 201M, peak: 236M
current process commit charge ("private bytes"): 290M, peak: 300M

vm_info: OpenJDK 64-Bit Server VM (11.0.10+0-b96-7249189) for windows-amd64 JRE (11.0.10+0-b96-7249189), built on Mar 31 2021 21:44:00 by "builder" with MS VC++ 14.0 (VS2015)

END.
