#
# There is insufficient memory for the Java Runtime Environment to continue.
# Native memory allocation (malloc) failed to allocate 1924656 bytes for Chunk::new
# Possible reasons:
#   The system is out of physical RAM or swap space
#   The process is running with CompressedOops enabled, and the Java Heap may be blocking the growth of the native heap
# Possible solutions:
#   Reduce memory load on the system
#   Increase physical memory or swap space
#   Check if swap backing store is full
#   Decrease Java heap size (-Xmx/-Xms)
#   Decrease number of Java threads
#   Decrease Java thread stack sizes (-Xss)
#   Set larger code cache with -XX:ReservedCodeCacheSize=
#   JVM is running with Unscaled Compressed Oops mode in which the Java heap is
#     placed in the first 4GB address space. The Java Heap base address is the
#     maximum limit for the native heap growth. Please use -XX:HeapBaseMinAddress
#     to set the Java Heap base and to place the Java Heap above 4GB virtual address.
# This output file may be truncated or incomplete.
#
#  Out of Memory Error (./src/hotspot/share/memory/arena.cpp:197), pid=15084, tid=7304
#
# JRE version: OpenJDK Runtime Environment (11.0.10) (build 11.0.10+0-b96-7249189)
# Java VM: OpenJDK 64-Bit Server VM (11.0.10+0-b96-7249189, mixed mode, tiered, compressed oops, g1 gc, windows-amd64)
# No core dump will be written. Minidumps are not enabled by default on client versions of Windows
#

---------------  S U M M A R Y ------------

Command Line: --add-opens=java.base/java.util=ALL-UNNAMED --add-opens=java.base/java.lang=ALL-UNNAMED --add-opens=java.base/java.lang.invoke=ALL-UNNAMED --add-opens=java.base/java.util=ALL-UNNAMED --add-opens=java.prefs/java.util.prefs=ALL-UNNAMED --add-opens=java.prefs/java.util.prefs=ALL-UNNAMED --add-opens=java.base/java.nio.charset=ALL-UNNAMED --add-opens=java.base/java.net=ALL-UNNAMED --add-opens=java.base/java.util.concurrent.atomic=ALL-UNNAMED -Xmx2048m -Dfile.encoding=UTF-8 -Duser.country=CO -Duser.language=es -Duser.variant org.gradle.launcher.daemon.bootstrap.GradleDaemon 7.0.2

Host: AMD 3020e with Radeon Graphics                 , 2 cores, 3G,  Windows 10 , 64 bit Build 19041 (10.0.19041.1202)
Time: Tue Oct 26 22:54:14 2021 Hora est. Pacífico, Sudamérica elapsed time: 45.246595 seconds (0d 0h 0m 45s)

---------------  T H R E A D  ---------------

Current thread (0x000001ed2d3bf000):  JavaThread "C2 CompilerThread0" daemon [_thread_in_native, id=7304, stack(0x000000c721100000,0x000000c721200000)]


Current CompileTask:
C2:  45246 9267       4       org.apache.xerces.impl.XMLNSDocumentScannerImpl::scanStartElement (873 bytes)

Stack: [0x000000c721100000,0x000000c721200000]
Native frames: (J=compiled Java code, j=interpreted, Vv=VM code, C=native code)
V  [jvm.dll+0x5ecfaa]
V  [jvm.dll+0x722bd5]
V  [jvm.dll+0x72412d]
V  [jvm.dll+0x7247e3]
V  [jvm.dll+0x242928]
V  [jvm.dll+0xbc4fc]
V  [jvm.dll+0xbca0c]
V  [jvm.dll+0x352d7d]
V  [jvm.dll+0x320ad3]
V  [jvm.dll+0x31ffca]
V  [jvm.dll+0x1fb602]
V  [jvm.dll+0x1fa7f4]
V  [jvm.dll+0x18354c]
V  [jvm.dll+0x208ee7]
V  [jvm.dll+0x207731]
V  [jvm.dll+0x6eb1cf]
V  [jvm.dll+0x6e3d45]
V  [jvm.dll+0x5ebe96]
C  [ucrtbase.dll+0x21bb2]
C  [KERNEL32.DLL+0x17034]
C  [ntdll.dll+0x52651]


---------------  P R O C E S S  ---------------

Threads class SMR info:
_java_thread_list=0x000001ed302617d0, length=41, elements={
0x000001ed114a9800, 0x000001ed2d35c000, 0x000001ed2d35f000, 0x000001ed2d3b8800,
0x000001ed2d3ba800, 0x000001ed2d3bc000, 0x000001ed2d3bf000, 0x000001ed2d3c0000,
0x000001ed2d558800, 0x000001ed2d654800, 0x000001ed2ee35800, 0x000001ed2ede0800,
0x000001ed2e81d800, 0x000001ed2db3c800, 0x000001ed2e8b5000, 0x000001ed2e660000,
0x000001ed2e4c4000, 0x000001ed2e443000, 0x000001ed2e293000, 0x000001ed2d8f2800,
0x000001ed2d8f0800, 0x000001ed2d8f3000, 0x000001ed2d8f4000, 0x000001ed2d8f5800,
0x000001ed2d8f4800, 0x000001ed2d8f6800, 0x000001ed2d8f7000, 0x000001ed2d8f1800,
0x000001ed3131e000, 0x000001ed3131f000, 0x000001ed3131d000, 0x000001ed3131a800,
0x000001ed31321000, 0x000001ed3131c800, 0x000001ed31328800, 0x000001ed31327000,
0x000001ed31328000, 0x000001ed31326000, 0x000001ed31323800, 0x000001ed31324800,
0x000001ed31325800
}

Java Threads: ( => current thread )
  0x000001ed114a9800 JavaThread "main" [_thread_blocked, id=17436, stack(0x000000c720400000,0x000000c720500000)]
  0x000001ed2d35c000 JavaThread "Reference Handler" daemon [_thread_blocked, id=11220, stack(0x000000c720c00000,0x000000c720d00000)]
  0x000001ed2d35f000 JavaThread "Finalizer" daemon [_thread_blocked, id=17716, stack(0x000000c720d00000,0x000000c720e00000)]
  0x000001ed2d3b8800 JavaThread "Signal Dispatcher" daemon [_thread_blocked, id=15664, stack(0x000000c720e00000,0x000000c720f00000)]
  0x000001ed2d3ba800 JavaThread "Attach Listener" daemon [_thread_blocked, id=12780, stack(0x000000c720f00000,0x000000c721000000)]
  0x000001ed2d3bc000 JavaThread "Service Thread" daemon [_thread_blocked, id=10472, stack(0x000000c721000000,0x000000c721100000)]
=>0x000001ed2d3bf000 JavaThread "C2 CompilerThread0" daemon [_thread_in_native, id=7304, stack(0x000000c721100000,0x000000c721200000)]
  0x000001ed2d3c0000 JavaThread "C1 CompilerThread0" daemon [_thread_blocked, id=5096, stack(0x000000c721200000,0x000000c721300000)]
  0x000001ed2d558800 JavaThread "Sweeper thread" daemon [_thread_blocked, id=17020, stack(0x000000c721300000,0x000000c721400000)]
  0x000001ed2d654800 JavaThread "Common-Cleaner" daemon [_thread_blocked, id=1724, stack(0x000000c721400000,0x000000c721500000)]
  0x000001ed2ee35800 JavaThread "Daemon health stats" [_thread_blocked, id=17196, stack(0x000000c721700000,0x000000c721800000)]
  0x000001ed2ede0800 JavaThread "Incoming local TCP Connector on port 59068" [_thread_in_native, id=17064, stack(0x000000c721800000,0x000000c721900000)]
  0x000001ed2e81d800 JavaThread "Daemon" [_thread_blocked, id=17496, stack(0x000000c721900000,0x000000c721a00000)]
  0x000001ed2db3c800 JavaThread "Daemon periodic checks" [_thread_blocked, id=2448, stack(0x000000c721a00000,0x000000c721b00000)]
  0x000001ed2e8b5000 JavaThread "Handler for socket connection from /127.0.0.1:59068 to /127.0.0.1:59069" [_thread_in_native, id=6688, stack(0x000000c721b00000,0x000000c721c00000)]
  0x000001ed2e660000 JavaThread "Cancel handler" [_thread_blocked, id=4076, stack(0x000000c721c00000,0x000000c721d00000)]
  0x000001ed2e4c4000 JavaThread "Daemon worker" [_thread_blocked, id=17588, stack(0x000000c721d00000,0x000000c721e00000)]
  0x000001ed2e443000 JavaThread "Asynchronous log dispatcher for DefaultDaemonConnection: socket connection from /127.0.0.1:59068 to /127.0.0.1:59069" [_thread_blocked, id=17056, stack(0x000000c721e00000,0x000000c721f00000)]
  0x000001ed2e293000 JavaThread "Stdin handler" [_thread_blocked, id=11436, stack(0x000000c721f00000,0x000000c722000000)]
  0x000001ed2d8f2800 JavaThread "Daemon client event forwarder" [_thread_blocked, id=18004, stack(0x000000c722000000,0x000000c722100000)]
  0x000001ed2d8f0800 JavaThread "Cache worker for file hash cache (C:\Users\camil\.gradle\caches\7.0.2\fileHashes)" [_thread_blocked, id=13760, stack(0x000000c722100000,0x000000c722200000)]
  0x000001ed2d8f3000 JavaThread "File lock request listener" [_thread_in_native, id=12124, stack(0x000000c722200000,0x000000c722300000)]
  0x000001ed2d8f4000 JavaThread "Cache worker for journal cache (C:\Users\camil\.gradle\caches\journal-1)" [_thread_blocked, id=16256, stack(0x000000c722300000,0x000000c722400000)]
  0x000001ed2d8f5800 JavaThread "Cache worker for file hash cache (C:\Users\camil\Documents\prograRed\Reto_1\.gradle\7.0.2\fileHashes)" [_thread_blocked, id=16764, stack(0x000000c722400000,0x000000c722500000)]
  0x000001ed2d8f4800 JavaThread "File watcher server" daemon [_thread_in_native, id=13728, stack(0x000000c722500000,0x000000c722600000)]
  0x000001ed2d8f6800 JavaThread "File watcher consumer" daemon [_thread_blocked, id=9328, stack(0x000000c722600000,0x000000c722700000)]
  0x000001ed2d8f7000 JavaThread "Cache worker for checksums cache (C:\Users\camil\Documents\prograRed\Reto_1\.gradle\checksums)" [_thread_blocked, id=18208, stack(0x000000c722700000,0x000000c722800000)]
  0x000001ed2d8f1800 JavaThread "Cache worker for cache directory md-supplier (C:\Users\camil\.gradle\caches\7.0.2\md-supplier)" [_thread_blocked, id=11892, stack(0x000000c722800000,0x000000c722900000)]
  0x000001ed3131e000 JavaThread "Cache worker for cache directory md-rule (C:\Users\camil\.gradle\caches\7.0.2\md-rule)" [_thread_blocked, id=3916, stack(0x000000c722900000,0x000000c722a00000)]
  0x000001ed3131f000 JavaThread "Cache worker for execution history cache (C:\Users\camil\.gradle\caches\7.0.2\executionHistory)" [_thread_blocked, id=5628, stack(0x000000c722a00000,0x000000c722b00000)]
  0x000001ed3131d000 JavaThread "jar transforms" [_thread_blocked, id=14556, stack(0x000000c722b00000,0x000000c722c00000)]
  0x000001ed3131a800 JavaThread "jar transforms Thread 2" [_thread_blocked, id=17840, stack(0x000000c722c00000,0x000000c722d00000)]
  0x000001ed31321000 JavaThread "Cache worker for file content cache (C:\Users\camil\.gradle\caches\7.0.2\fileContent)" [_thread_blocked, id=13748, stack(0x000000c722d00000,0x000000c722e00000)]
  0x000001ed3131c800 JavaThread "Cache worker for dependencies-accessors (C:\Users\camil\Documents\prograRed\Reto_1\.gradle\7.0.2\dependencies-accessors)" [_thread_blocked, id=14824, stack(0x000000c722e00000,0x000000c722f00000)]
  0x000001ed31328800 JavaThread "Cache worker for Build Output Cleanup Cache (C:\Users\camil\Documents\prograRed\Reto_1\.gradle\buildOutputCleanup)" [_thread_blocked, id=13224, stack(0x000000c722f00000,0x000000c723000000)]
  0x000001ed31327000 JavaThread "Build operations" [_thread_blocked, id=17424, stack(0x000000c723000000,0x000000c723100000)]
  0x000001ed31328000 JavaThread "Build operations Thread 2" [_thread_blocked, id=11192, stack(0x000000c723100000,0x000000c723200000)]
  0x000001ed31326000 JavaThread "Memory manager" [_thread_blocked, id=18244, stack(0x000000c723200000,0x000000c723300000)]
  0x000001ed31323800 JavaThread "build event listener" [_thread_blocked, id=324, stack(0x000000c723300000,0x000000c723400000)]
  0x000001ed31324800 JavaThread "Execution worker for ':'" [_thread_in_vm, id=6776, stack(0x000000c723400000,0x000000c723500000)]
  0x000001ed31325800 JavaThread "Cache worker for execution history cache (C:\Users\camil\Documents\prograRed\Reto_1\.gradle\7.0.2\executionHistory)" [_thread_blocked, id=792, stack(0x000000c723500000,0x000000c723600000)]

Other Threads:
  0x000001ed2d356000 VMThread "VM Thread" [stack: 0x000000c720b00000,0x000000c720c00000] [id=6320]
  0x000001ed2d6ad000 WatcherThread [stack: 0x000000c721500000,0x000000c721600000] [id=4628]
  0x000001ed114c2800 GCTaskThread "GC Thread#0" [stack: 0x000000c720600000,0x000000c720700000] [id=5216]
  0x000001ed2d839000 GCTaskThread "GC Thread#1" [stack: 0x000000c721600000,0x000000c721700000] [id=18096]
  0x000001ed114f2000 ConcurrentGCThread "G1 Main Marker" [stack: 0x000000c720700000,0x000000c720800000] [id=16244]
  0x000001ed114f4800 ConcurrentGCThread "G1 Conc#0" [stack: 0x000000c720800000,0x000000c720900000] [id=14580]
  0x000001ed11533000 ConcurrentGCThread "G1 Refine#0" [stack: 0x000000c720900000,0x000000c720a00000] [id=11532]
  0x000001ed11534000 ConcurrentGCThread "G1 Young RemSet Sampling" [stack: 0x000000c720a00000,0x000000c720b00000] [id=15912]

Threads with active compile tasks:
C2 CompilerThread0  45307 9267       4       org.apache.xerces.impl.XMLNSDocumentScannerImpl::scanStartElement (873 bytes)

VM state:not at safepoint (normal execution)

VM Mutex/Monitor currently owned by a thread: None

Heap address: 0x0000000080000000, size: 2048 MB, Compressed Oops mode: 32-bit
Narrow klass base: 0x0000000000000000, Narrow klass shift: 3
Compressed class space size: 1073741824 Address: 0x0000000100000000

Heap:
 garbage-first heap   total 146432K, used 109401K [0x0000000080000000, 0x0000000100000000)
  region size 1024K, 47 young (48128K), 5 survivors (5120K)
 Metaspace       used 80962K, capacity 82980K, committed 83200K, reserved 1122304K
  class space    used 10425K, capacity 11159K, committed 11264K, reserved 1048576K
Heap Regions: E=young(eden), S=young(survivor), O=old, HS=humongous(starts), HC=humongous(continues), CS=collection set, F=free, A=archive, TAMS=top-at-mark-start (previous, next)
|   0|0x0000000080000000, 0x0000000080100000, 0x0000000080100000|100%| O|  |TAMS 0x0000000080100000, 0x0000000080000000| Untracked 
|   1|0x0000000080100000, 0x0000000080200000, 0x0000000080200000|100%| O|  |TAMS 0x0000000080200000, 0x0000000080100000| Untracked 
|   2|0x0000000080200000, 0x0000000080300000, 0x0000000080300000|100%| O|  |TAMS 0x0000000080300000, 0x0000000080200000| Untracked 
|   3|0x0000000080300000, 0x0000000080400000, 0x0000000080400000|100%| O|  |TAMS 0x0000000080400000, 0x0000000080300000| Untracked 
|   4|0x0000000080400000, 0x0000000080500000, 0x0000000080500000|100%|HS|  |TAMS 0x0000000080500000, 0x0000000080400000| Complete 
|   5|0x0000000080500000, 0x0000000080600000, 0x0000000080600000|100%|HC|  |TAMS 0x0000000080600000, 0x0000000080500000| Complete 
|   6|0x0000000080600000, 0x0000000080700000, 0x0000000080700000|100%|HC|  |TAMS 0x0000000080700000, 0x0000000080600000| Complete 
|   7|0x0000000080700000, 0x0000000080800000, 0x0000000080800000|100%| O|  |TAMS 0x0000000080800000, 0x0000000080700000| Untracked 
|   8|0x0000000080800000, 0x0000000080900000, 0x0000000080900000|100%| O|  |TAMS 0x0000000080900000, 0x0000000080800000| Untracked 
|   9|0x0000000080900000, 0x0000000080a00000, 0x0000000080a00000|100%| O|  |TAMS 0x0000000080a00000, 0x0000000080900000| Untracked 
|  10|0x0000000080a00000, 0x0000000080b00000, 0x0000000080b00000|100%| O|  |TAMS 0x0000000080b00000, 0x0000000080a00000| Untracked 
|  11|0x0000000080b00000, 0x0000000080c00000, 0x0000000080c00000|100%| O|  |TAMS 0x0000000080c00000, 0x0000000080b00000| Untracked 
|  12|0x0000000080c00000, 0x0000000080d00000, 0x0000000080d00000|100%| O|  |TAMS 0x0000000080d00000, 0x0000000080c00000| Untracked 
|  13|0x0000000080d00000, 0x0000000080e00000, 0x0000000080e00000|100%| O|  |TAMS 0x0000000080e00000, 0x0000000080d00000| Untracked 
|  14|0x0000000080e00000, 0x0000000080f00000, 0x0000000080f00000|100%| O|  |TAMS 0x0000000080f00000, 0x0000000080e00000| Untracked 
|  15|0x0000000080f00000, 0x0000000081000000, 0x0000000081000000|100%| O|  |TAMS 0x0000000081000000, 0x0000000080f00000| Untracked 
|  16|0x0000000081000000, 0x0000000081100000, 0x0000000081100000|100%| O|  |TAMS 0x0000000081100000, 0x0000000081000000| Untracked 
|  17|0x0000000081100000, 0x0000000081200000, 0x0000000081200000|100%| O|  |TAMS 0x0000000081200000, 0x0000000081100000| Untracked 
|  18|0x0000000081200000, 0x0000000081300000, 0x0000000081300000|100%| O|  |TAMS 0x0000000081300000, 0x0000000081200000| Untracked 
|  19|0x0000000081300000, 0x0000000081400000, 0x0000000081400000|100%| O|  |TAMS 0x0000000081400000, 0x0000000081300000| Untracked 
|  20|0x0000000081400000, 0x0000000081500000, 0x0000000081500000|100%| O|  |TAMS 0x0000000081500000, 0x0000000081400000| Untracked 
|  21|0x0000000081500000, 0x0000000081600000, 0x0000000081600000|100%| O|  |TAMS 0x0000000081600000, 0x0000000081500000| Untracked 
|  22|0x0000000081600000, 0x0000000081700000, 0x0000000081700000|100%| O|  |TAMS 0x0000000081700000, 0x0000000081600000| Untracked 
|  23|0x0000000081700000, 0x0000000081800000, 0x0000000081800000|100%| O|  |TAMS 0x0000000081800000, 0x0000000081700000| Untracked 
|  24|0x0000000081800000, 0x0000000081900000, 0x0000000081900000|100%| O|  |TAMS 0x0000000081900000, 0x0000000081800000| Untracked 
|  25|0x0000000081900000, 0x0000000081a00000, 0x0000000081a00000|100%| O|  |TAMS 0x0000000081a00000, 0x0000000081900000| Untracked 
|  26|0x0000000081a00000, 0x0000000081b00000, 0x0000000081b00000|100%| O|  |TAMS 0x0000000081b00000, 0x0000000081a00000| Untracked 
|  27|0x0000000081b00000, 0x0000000081c00000, 0x0000000081c00000|100%| O|  |TAMS 0x0000000081c00000, 0x0000000081b00000| Untracked 
|  28|0x0000000081c00000, 0x0000000081d00000, 0x0000000081d00000|100%| O|  |TAMS 0x0000000081d00000, 0x0000000081c00000| Untracked 
|  29|0x0000000081d00000, 0x0000000081e00000, 0x0000000081e00000|100%|HS|  |TAMS 0x0000000081e00000, 0x0000000081d00000| Complete 
|  30|0x0000000081e00000, 0x0000000081f00000, 0x0000000081f00000|100%| O|  |TAMS 0x0000000081f00000, 0x0000000081e00000| Untracked 
|  31|0x0000000081f00000, 0x0000000082000000, 0x0000000082000000|100%| O|  |TAMS 0x0000000082000000, 0x0000000081f00000| Untracked 
|  32|0x0000000082000000, 0x0000000082100000, 0x0000000082100000|100%|HS|  |TAMS 0x0000000082100000, 0x0000000082000000| Complete 
|  33|0x0000000082100000, 0x0000000082200000, 0x0000000082200000|100%| O|  |TAMS 0x0000000082200000, 0x0000000082100000| Untracked 
|  34|0x0000000082200000, 0x0000000082300000, 0x0000000082300000|100%| O|  |TAMS 0x0000000082300000, 0x0000000082200000| Untracked 
|  35|0x0000000082300000, 0x0000000082400000, 0x0000000082400000|100%|HS|  |TAMS 0x0000000082400000, 0x0000000082300000| Complete 
|  36|0x0000000082400000, 0x0000000082500000, 0x0000000082500000|100%|HC|  |TAMS 0x0000000082500000, 0x0000000082400000| Complete 
|  37|0x0000000082500000, 0x0000000082600000, 0x0000000082600000|100%| O|  |TAMS 0x0000000082600000, 0x0000000082500000| Untracked 
|  38|0x0000000082600000, 0x0000000082700000, 0x0000000082700000|100%| O|  |TAMS 0x0000000082700000, 0x0000000082600000| Untracked 
|  39|0x0000000082700000, 0x0000000082800000, 0x0000000082800000|100%| O|  |TAMS 0x0000000082800000, 0x0000000082700000| Untracked 
|  40|0x0000000082800000, 0x0000000082900000, 0x0000000082900000|100%| O|  |TAMS 0x0000000082900000, 0x0000000082800000| Untracked 
|  41|0x0000000082900000, 0x0000000082a00000, 0x0000000082a00000|100%| O|  |TAMS 0x0000000082a00000, 0x0000000082900000| Untracked 
|  42|0x0000000082a00000, 0x0000000082b00000, 0x0000000082b00000|100%| O|  |TAMS 0x0000000082b00000, 0x0000000082a00000| Untracked 
|  43|0x0000000082b00000, 0x0000000082c00000, 0x0000000082c00000|100%| O|  |TAMS 0x0000000082c00000, 0x0000000082b00000| Untracked 
|  44|0x0000000082c00000, 0x0000000082d00000, 0x0000000082d00000|100%| O|  |TAMS 0x0000000082d00000, 0x0000000082c00000| Untracked 
|  45|0x0000000082d00000, 0x0000000082e00000, 0x0000000082e00000|100%| O|  |TAMS 0x0000000082e00000, 0x0000000082d00000| Untracked 
|  46|0x0000000082e00000, 0x0000000082f00000, 0x0000000082f00000|100%| O|  |TAMS 0x0000000082f00000, 0x0000000082e00000| Untracked 
|  47|0x0000000082f00000, 0x0000000083000000, 0x0000000083000000|100%| O|  |TAMS 0x0000000083000000, 0x0000000082f00000| Untracked 
|  48|0x0000000083000000, 0x0000000083100000, 0x0000000083100000|100%| O|  |TAMS 0x0000000083100000, 0x0000000083000000| Untracked 
|  49|0x0000000083100000, 0x0000000083200000, 0x0000000083200000|100%| O|  |TAMS 0x0000000083200000, 0x0000000083100000| Untracked 
|  50|0x0000000083200000, 0x0000000083300000, 0x0000000083300000|100%| O|  |TAMS 0x0000000083300000, 0x0000000083200000| Untracked 
|  51|0x0000000083300000, 0x0000000083400000, 0x0000000083400000|100%| O|  |TAMS 0x0000000083400000, 0x0000000083300000| Untracked 
|  52|0x0000000083400000, 0x0000000083500000, 0x0000000083500000|100%| O|  |TAMS 0x0000000083500000, 0x0000000083400000| Untracked 
|  53|0x0000000083500000, 0x0000000083600000, 0x0000000083600000|100%| O|  |TAMS 0x0000000083600000, 0x0000000083500000| Untracked 
|  54|0x0000000083600000, 0x0000000083700000, 0x0000000083700000|100%| O|  |TAMS 0x0000000083700000, 0x0000000083600000| Untracked 
|  55|0x0000000083700000, 0x0000000083800000, 0x0000000083800000|100%| O|  |TAMS 0x0000000083800000, 0x0000000083700000| Untracked 
|  56|0x0000000083800000, 0x0000000083900000, 0x0000000083900000|100%| O|  |TAMS 0x000000008388bc00, 0x0000000083800000| Untracked 
|  57|0x0000000083900000, 0x0000000083a00000, 0x0000000083a00000|100%| O|  |TAMS 0x0000000083900000, 0x0000000083900000| Untracked 
|  58|0x0000000083a00000, 0x0000000083b00000, 0x0000000083b00000|100%| O|  |TAMS 0x0000000083a00000, 0x0000000083a00000| Untracked 
|  59|0x0000000083b00000, 0x0000000083c00000, 0x0000000083c00000|100%|HS|  |TAMS 0x0000000083b00000, 0x0000000083b00000| Complete 
|  60|0x0000000083c00000, 0x0000000083d00000, 0x0000000083d00000|100%|HS|  |TAMS 0x0000000083c00000, 0x0000000083c00000| Complete 
|  61|0x0000000083d00000, 0x0000000083e00000, 0x0000000083e00000|100%|HS|  |TAMS 0x0000000083d00000, 0x0000000083d00000| Complete 
|  62|0x0000000083e00000, 0x0000000083e00000, 0x0000000083f00000|  0%| F|  |TAMS 0x0000000083e00000, 0x0000000083e00000| Untracked 
|  63|0x0000000083f00000, 0x0000000083f00000, 0x0000000084000000|  0%| F|  |TAMS 0x0000000083f00000, 0x0000000083f00000| Untracked 
|  64|0x0000000084000000, 0x0000000084000000, 0x0000000084100000|  0%| F|  |TAMS 0x0000000084000000, 0x0000000084000000| Untracked 
|  65|0x0000000084100000, 0x0000000084100000, 0x0000000084200000|  0%| F|  |TAMS 0x0000000084100000, 0x0000000084100000| Untracked 
|  66|0x0000000084200000, 0x0000000084200000, 0x0000000084300000|  0%| F|  |TAMS 0x0000000084200000, 0x0000000084200000| Untracked 
|  67|0x0000000084300000, 0x0000000084300000, 0x0000000084400000|  0%| F|  |TAMS 0x0000000084300000, 0x0000000084300000| Untracked 
|  68|0x0000000084400000, 0x0000000084400000, 0x0000000084500000|  0%| F|  |TAMS 0x0000000084400000, 0x0000000084400000| Untracked 
|  69|0x0000000084500000, 0x0000000084500000, 0x0000000084600000|  0%| F|  |TAMS 0x0000000084500000, 0x0000000084500000| Untracked 
|  70|0x0000000084600000, 0x0000000084600000, 0x0000000084700000|  0%| F|  |TAMS 0x0000000084600000, 0x0000000084600000| Untracked 
|  71|0x0000000084700000, 0x0000000084700000, 0x0000000084800000|  0%| F|  |TAMS 0x0000000084700000, 0x0000000084700000| Untracked 
|  72|0x0000000084800000, 0x0000000084800000, 0x0000000084900000|  0%| F|  |TAMS 0x0000000084800000, 0x0000000084800000| Untracked 
|  73|0x0000000084900000, 0x0000000084900000, 0x0000000084a00000|  0%| F|  |TAMS 0x0000000084900000, 0x0000000084900000| Untracked 
|  74|0x0000000084a00000, 0x0000000084a00000, 0x0000000084b00000|  0%| F|  |TAMS 0x0000000084a00000, 0x0000000084a00000| Untracked 
|  75|0x0000000084b00000, 0x0000000084b00000, 0x0000000084c00000|  0%| F|  |TAMS 0x0000000084b00000, 0x0000000084b00000| Untracked 
|  76|0x0000000084c00000, 0x0000000084c00000, 0x0000000084d00000|  0%| F|  |TAMS 0x0000000084c00000, 0x0000000084c00000| Untracked 
|  77|0x0000000084d00000, 0x0000000084d00000, 0x0000000084e00000|  0%| F|  |TAMS 0x0000000084d00000, 0x0000000084d00000| Untracked 
|  78|0x0000000084e00000, 0x0000000084e00000, 0x0000000084f00000|  0%| F|  |TAMS 0x0000000084e00000, 0x0000000084e00000| Untracked 
|  79|0x0000000084f00000, 0x0000000084f00000, 0x0000000085000000|  0%| F|  |TAMS 0x0000000084f00000, 0x0000000084f00000| Untracked 
|  80|0x0000000085000000, 0x0000000085000000, 0x0000000085100000|  0%| F|  |TAMS 0x0000000085000000, 0x0000000085000000| Untracked 
|  81|0x0000000085100000, 0x0000000085100000, 0x0000000085200000|  0%| F|  |TAMS 0x0000000085100000, 0x0000000085100000| Untracked 
|  82|0x0000000085200000, 0x0000000085200000, 0x0000000085300000|  0%| F|  |TAMS 0x0000000085200000, 0x0000000085200000| Untracked 
|  83|0x0000000085300000, 0x0000000085300000, 0x0000000085400000|  0%| F|  |TAMS 0x0000000085300000, 0x0000000085300000| Untracked 
|  84|0x0000000085400000, 0x0000000085400000, 0x0000000085500000|  0%| F|  |TAMS 0x0000000085400000, 0x0000000085400000| Untracked 
|  85|0x0000000085500000, 0x0000000085500000, 0x0000000085600000|  0%| F|  |TAMS 0x0000000085500000, 0x0000000085500000| Untracked 
|  86|0x0000000085600000, 0x0000000085600000, 0x0000000085700000|  0%| F|  |TAMS 0x0000000085600000, 0x0000000085600000| Untracked 
|  87|0x0000000085700000, 0x0000000085700000, 0x0000000085800000|  0%| F|  |TAMS 0x0000000085700000, 0x0000000085700000| Untracked 
|  88|0x0000000085800000, 0x0000000085800000, 0x0000000085900000|  0%| F|  |TAMS 0x0000000085800000, 0x0000000085800000| Untracked 
|  89|0x0000000085900000, 0x0000000085900000, 0x0000000085a00000|  0%| F|  |TAMS 0x0000000085900000, 0x0000000085900000| Untracked 
|  90|0x0000000085a00000, 0x0000000085a00000, 0x0000000085b00000|  0%| F|  |TAMS 0x0000000085a00000, 0x0000000085a00000| Untracked 
|  91|0x0000000085b00000, 0x0000000085b00000, 0x0000000085c00000|  0%| F|  |TAMS 0x0000000085b00000, 0x0000000085b00000| Untracked 
|  92|0x0000000085c00000, 0x0000000085c00000, 0x0000000085d00000|  0%| F|  |TAMS 0x0000000085c00000, 0x0000000085c00000| Untracked 
|  93|0x0000000085d00000, 0x0000000085d00000, 0x0000000085e00000|  0%| F|  |TAMS 0x0000000085d00000, 0x0000000085d00000| Untracked 
|  94|0x0000000085e00000, 0x0000000085e00000, 0x0000000085f00000|  0%| F|  |TAMS 0x0000000085e00000, 0x0000000085e00000| Untracked 
|  95|0x0000000085f00000, 0x0000000085f46c28, 0x0000000086000000| 27%| E|  |TAMS 0x0000000085f00000, 0x0000000085f00000| Complete 
|  96|0x0000000086000000, 0x00000000860d64a0, 0x0000000086100000| 83%| S|CS|TAMS 0x0000000086000000, 0x0000000086000000| Complete 
|  97|0x0000000086100000, 0x0000000086200000, 0x0000000086200000|100%| S|CS|TAMS 0x0000000086100000, 0x0000000086100000| Complete 
|  98|0x0000000086200000, 0x0000000086300000, 0x0000000086300000|100%| S|CS|TAMS 0x0000000086200000, 0x0000000086200000| Complete 
|  99|0x0000000086300000, 0x0000000086400000, 0x0000000086400000|100%| S|CS|TAMS 0x0000000086300000, 0x0000000086300000| Complete 
| 100|0x0000000086400000, 0x0000000086500000, 0x0000000086500000|100%| S|CS|TAMS 0x0000000086400000, 0x0000000086400000| Complete 
| 101|0x0000000086500000, 0x0000000086600000, 0x0000000086600000|100%| E|CS|TAMS 0x0000000086500000, 0x0000000086500000| Complete 
| 102|0x0000000086600000, 0x0000000086700000, 0x0000000086700000|100%| E|CS|TAMS 0x0000000086600000, 0x0000000086600000| Complete 
| 103|0x0000000086700000, 0x0000000086800000, 0x0000000086800000|100%| E|CS|TAMS 0x0000000086700000, 0x0000000086700000| Complete 
| 104|0x0000000086800000, 0x0000000086900000, 0x0000000086900000|100%| E|CS|TAMS 0x0000000086800000, 0x0000000086800000| Complete 
| 105|0x0000000086900000, 0x0000000086a00000, 0x0000000086a00000|100%| E|CS|TAMS 0x0000000086900000, 0x0000000086900000| Complete 
| 106|0x0000000086a00000, 0x0000000086b00000, 0x0000000086b00000|100%| E|CS|TAMS 0x0000000086a00000, 0x0000000086a00000| Complete 
| 107|0x0000000086b00000, 0x0000000086c00000, 0x0000000086c00000|100%| E|CS|TAMS 0x0000000086b00000, 0x0000000086b00000| Complete 
| 108|0x0000000086c00000, 0x0000000086d00000, 0x0000000086d00000|100%| E|CS|TAMS 0x0000000086c00000, 0x0000000086c00000| Complete 
| 109|0x0000000086d00000, 0x0000000086e00000, 0x0000000086e00000|100%| E|CS|TAMS 0x0000000086d00000, 0x0000000086d00000| Complete 
| 110|0x0000000086e00000, 0x0000000086f00000, 0x0000000086f00000|100%| E|CS|TAMS 0x0000000086e00000, 0x0000000086e00000| Complete 
| 111|0x0000000086f00000, 0x0000000087000000, 0x0000000087000000|100%| E|CS|TAMS 0x0000000086f00000, 0x0000000086f00000| Complete 
| 112|0x0000000087000000, 0x0000000087100000, 0x0000000087100000|100%| E|CS|TAMS 0x0000000087000000, 0x0000000087000000| Complete 
| 113|0x0000000087100000, 0x0000000087200000, 0x0000000087200000|100%| E|CS|TAMS 0x0000000087100000, 0x0000000087100000| Complete 
| 114|0x0000000087200000, 0x0000000087300000, 0x0000000087300000|100%| E|CS|TAMS 0x0000000087200000, 0x0000000087200000| Complete 
| 115|0x0000000087300000, 0x0000000087400000, 0x0000000087400000|100%| E|CS|TAMS 0x0000000087300000, 0x0000000087300000| Complete 
| 116|0x0000000087400000, 0x0000000087500000, 0x0000000087500000|100%| E|CS|TAMS 0x0000000087400000, 0x0000000087400000| Complete 
| 117|0x0000000087500000, 0x0000000087600000, 0x0000000087600000|100%| E|CS|TAMS 0x0000000087500000, 0x0000000087500000| Complete 
| 118|0x0000000087600000, 0x0000000087700000, 0x0000000087700000|100%| E|CS|TAMS 0x0000000087600000, 0x0000000087600000| Complete 
| 119|0x0000000087700000, 0x0000000087800000, 0x0000000087800000|100%| E|CS|TAMS 0x0000000087700000, 0x0000000087700000| Complete 
| 120|0x0000000087800000, 0x0000000087900000, 0x0000000087900000|100%| E|CS|TAMS 0x0000000087800000, 0x0000000087800000| Complete 
| 121|0x0000000087900000, 0x0000000087a00000, 0x0000000087a00000|100%| E|CS|TAMS 0x0000000087900000, 0x0000000087900000| Complete 
| 122|0x0000000087a00000, 0x0000000087b00000, 0x0000000087b00000|100%| E|CS|TAMS 0x0000000087a00000, 0x0000000087a00000| Complete 
| 123|0x0000000087b00000, 0x0000000087c00000, 0x0000000087c00000|100%| E|CS|TAMS 0x0000000087b00000, 0x0000000087b00000| Complete 
| 124|0x0000000087c00000, 0x0000000087d00000, 0x0000000087d00000|100%| E|CS|TAMS 0x0000000087c00000, 0x0000000087c00000| Complete 
| 125|0x0000000087d00000, 0x0000000087e00000, 0x0000000087e00000|100%| E|CS|TAMS 0x0000000087d00000, 0x0000000087d00000| Complete 
| 126|0x0000000087e00000, 0x0000000087f00000, 0x0000000087f00000|100%| E|CS|TAMS 0x0000000087e00000, 0x0000000087e00000| Complete 
| 127|0x0000000087f00000, 0x0000000088000000, 0x0000000088000000|100%| E|CS|TAMS 0x0000000087f00000, 0x0000000087f00000| Complete 
| 128|0x0000000088000000, 0x0000000088100000, 0x0000000088100000|100%| E|CS|TAMS 0x0000000088000000, 0x0000000088000000| Complete 
| 129|0x0000000088100000, 0x0000000088200000, 0x0000000088200000|100%| E|CS|TAMS 0x0000000088100000, 0x0000000088100000| Complete 
| 130|0x0000000088200000, 0x0000000088300000, 0x0000000088300000|100%| E|CS|TAMS 0x0000000088200000, 0x0000000088200000| Complete 
| 131|0x0000000088300000, 0x0000000088400000, 0x0000000088400000|100%| E|CS|TAMS 0x0000000088300000, 0x0000000088300000| Complete 
| 132|0x0000000088400000, 0x0000000088500000, 0x0000000088500000|100%| E|CS|TAMS 0x0000000088400000, 0x0000000088400000| Complete 
| 133|0x0000000088500000, 0x0000000088600000, 0x0000000088600000|100%| E|CS|TAMS 0x0000000088500000, 0x0000000088500000| Complete 
| 134|0x0000000088600000, 0x0000000088700000, 0x0000000088700000|100%| E|CS|TAMS 0x0000000088600000, 0x0000000088600000| Complete 
| 135|0x0000000088700000, 0x0000000088800000, 0x0000000088800000|100%| E|CS|TAMS 0x0000000088700000, 0x0000000088700000| Complete 
| 136|0x0000000088800000, 0x0000000088900000, 0x0000000088900000|100%| E|CS|TAMS 0x0000000088800000, 0x0000000088800000| Complete 
| 137|0x0000000088900000, 0x0000000088a00000, 0x0000000088a00000|100%| E|CS|TAMS 0x0000000088900000, 0x0000000088900000| Complete 
| 138|0x0000000088a00000, 0x0000000088affde8, 0x0000000088b00000| 99%| E|  |TAMS 0x0000000088a00000, 0x0000000088a00000| Complete 
| 139|0x0000000088b00000, 0x0000000088c00000, 0x0000000088c00000|100%| E|CS|TAMS 0x0000000088b00000, 0x0000000088b00000| Complete 
| 140|0x0000000088c00000, 0x0000000088d00000, 0x0000000088d00000|100%| E|CS|TAMS 0x0000000088c00000, 0x0000000088c00000| Complete 
| 141|0x0000000088d00000, 0x0000000088e00000, 0x0000000088e00000|100%| E|CS|TAMS 0x0000000088d00000, 0x0000000088d00000| Complete 
| 142|0x0000000088e00000, 0x0000000088f00000, 0x0000000088f00000|100%| E|CS|TAMS 0x0000000088e00000, 0x0000000088e00000| Complete 

Card table byte_map: [0x000001ed25f90000,0x000001ed26390000] _byte_map_base: 0x000001ed25b90000

Marking Bits (Prev, Next): (CMBitMap*) 0x000001ed114e91b8, (CMBitMap*) 0x000001ed114e91f0
 Prev Bits: [0x000001ed26790000, 0x000001ed28790000)
 Next Bits: [0x000001ed28790000, 0x000001ed2a790000)

Polling page: 0x000001ed11590000

Metaspace:

Usage:
  Non-class:     70.14 MB capacity,    68.88 MB ( 98%) used,     1.04 MB (  1%) free+waste,   222.06 KB ( <1%) overhead. 
      Class:     10.90 MB capacity,    10.18 MB ( 93%) used,   632.14 KB (  6%) free+waste,   100.94 KB ( <1%) overhead. 
       Both:     81.04 MB capacity,    79.06 MB ( 98%) used,     1.66 MB (  2%) free+waste,   323.00 KB ( <1%) overhead. 

Virtual space:
  Non-class space:       72.00 MB reserved,      70.25 MB ( 98%) committed 
      Class space:        1.00 GB reserved,      11.00 MB (  1%) committed 
             Both:        1.07 GB reserved,      81.25 MB (  7%) committed 

Chunk freelists:
   Non-Class:  51.00 KB
       Class:  9.00 KB
        Both:  60.00 KB

MaxMetaspaceSize: 17179869184.00 GB
CompressedClassSpaceSize: 1.00 GB

CodeHeap 'non-profiled nmethods': size=120064Kb used=5284Kb max_used=5284Kb free=114780Kb
 bounds [0x000001ed1e230000, 0x000001ed1e760000, 0x000001ed25770000]
CodeHeap 'profiled nmethods': size=120000Kb used=20606Kb max_used=20606Kb free=99394Kb
 bounds [0x000001ed16d00000, 0x000001ed18120000, 0x000001ed1e230000]
CodeHeap 'non-nmethods': size=5696Kb used=2271Kb max_used=2326Kb free=3424Kb
 bounds [0x000001ed16770000, 0x000001ed169e0000, 0x000001ed16d00000]
 total_blobs=10209 nmethods=9339 adapters=781
 compilation: enabled
              stopped_count=0, restarted_count=0
 full_count=0

Compilation events (20 events):
Event: 45.041 Thread 0x000001ed2d3c0000 9332       2       org.apache.xerces.impl.XMLDocumentScannerImpl::endEntity (34 bytes)
Event: 45.042 Thread 0x000001ed2d3c0000 nmethod 9332 0x000001ed18112d10 code [0x000001ed18112ee0, 0x000001ed18113088]
Event: 45.042 Thread 0x000001ed2d3c0000 9333       2       org.apache.xerces.impl.XMLScanner::endEntity (11 bytes)
Event: 45.042 Thread 0x000001ed2d3c0000 nmethod 9333 0x000001ed18113190 code [0x000001ed18113340, 0x000001ed18113438]
Event: 45.042 Thread 0x000001ed2d3c0000 9334       2       org.xml.sax.helpers.DefaultHandler::endDocument (1 bytes)
Event: 45.042 Thread 0x000001ed2d3c0000 nmethod 9334 0x000001ed18113510 code [0x000001ed181136c0, 0x000001ed181137b8]
Event: 45.043 Thread 0x000001ed2d3c0000 9335       2       com.android.ide.common.resources.ResourceSet::getFolderData (150 bytes)
Event: 45.044 Thread 0x000001ed2d3c0000 nmethod 9335 0x000001ed18113890 code [0x000001ed18113ba0, 0x000001ed181147a8]
Event: 45.044 Thread 0x000001ed2d3c0000 9336       2       com.android.ide.common.resources.configuration.ResourceQualifier::<init> (5 bytes)
Event: 45.044 Thread 0x000001ed2d3c0000 nmethod 9336 0x000001ed18114d90 code [0x000001ed18114f40, 0x000001ed18115038]
Event: 45.044 Thread 0x000001ed2d3c0000 9337       2       com.android.ide.common.resources.ResourceSet::parseFolder (88 bytes)
Event: 45.045 Thread 0x000001ed2d3c0000 nmethod 9337 0x000001ed18115110 code [0x000001ed18115300, 0x000001ed18115588]
Event: 45.047 Thread 0x000001ed2d3c0000 9338       2       com.android.ide.common.resources.FileResourceNameValidator::validate (30 bytes)
Event: 45.048 Thread 0x000001ed2d3c0000 nmethod 9338 0x000001ed18115810 code [0x000001ed18115a20, 0x000001ed18115cf8]
Event: 45.048 Thread 0x000001ed2d3c0000 9339       2       com.android.utils.SdkUtils::endsWithIgnoreCase (21 bytes)
Event: 45.048 Thread 0x000001ed2d3c0000 nmethod 9339 0x000001ed18115f10 code [0x000001ed181160c0, 0x000001ed18116208]
Event: 45.048 Thread 0x000001ed2d3c0000 9340       2       com.android.ide.common.resources.FileResourceNameValidator::getErrorTextForNameWithoutExtension (113 bytes)
Event: 45.050 Thread 0x000001ed2d3c0000 nmethod 9340 0x000001ed18116390 code [0x000001ed181166a0, 0x000001ed18117348]
Event: 45.052 Thread 0x000001ed2d3c0000 9341       2       com.android.ide.common.resources.ValueResourceParser2::<init> (30 bytes)
Event: 45.052 Thread 0x000001ed2d3c0000 nmethod 9341 0x000001ed18117990 code [0x000001ed18117b40, 0x000001ed18117d58]

GC Heap History (20 events):
Event: 23.873 GC heap before
{Heap before GC invocations=37 (full 0):
 garbage-first heap   total 83968K, used 60627K [0x0000000080000000, 0x0000000100000000)
  region size 1024K, 19 young (19456K), 2 survivors (2048K)
 Metaspace       used 57795K, capacity 59216K, committed 59392K, reserved 1101824K
  class space    used 7317K, capacity 7848K, committed 7936K, reserved 1048576K
}
Event: 23.895 GC heap after
{Heap after GC invocations=38 (full 0):
 garbage-first heap   total 101376K, used 45097K [0x0000000080000000, 0x0000000100000000)
  region size 1024K, 3 young (3072K), 3 survivors (3072K)
 Metaspace       used 57795K, capacity 59216K, committed 59392K, reserved 1101824K
  class space    used 7317K, capacity 7848K, committed 7936K, reserved 1048576K
}
Event: 25.397 GC heap before
{Heap before GC invocations=38 (full 0):
 garbage-first heap   total 101376K, used 69673K [0x0000000080000000, 0x0000000100000000)
  region size 1024K, 28 young (28672K), 3 survivors (3072K)
 Metaspace       used 60322K, capacity 61658K, committed 61952K, reserved 1103872K
  class space    used 7617K, capacity 8124K, committed 8192K, reserved 1048576K
}
Event: 25.411 GC heap after
{Heap after GC invocations=39 (full 0):
 garbage-first heap   total 101376K, used 47834K [0x0000000080000000, 0x0000000100000000)
  region size 1024K, 4 young (4096K), 4 survivors (4096K)
 Metaspace       used 60322K, capacity 61658K, committed 61952K, reserved 1103872K
  class space    used 7617K, capacity 8124K, committed 8192K, reserved 1048576K
}
Event: 26.250 GC heap before
{Heap before GC invocations=39 (full 0):
 garbage-first heap   total 101376K, used 73434K [0x0000000080000000, 0x0000000100000000)
  region size 1024K, 29 young (29696K), 4 survivors (4096K)
 Metaspace       used 62938K, capacity 64459K, committed 64640K, reserved 1105920K
  class space    used 7938K, capacity 8494K, committed 8576K, reserved 1048576K
}
Event: 26.266 GC heap after
{Heap after GC invocations=40 (full 0):
 garbage-first heap   total 101376K, used 50674K [0x0000000080000000, 0x0000000100000000)
  region size 1024K, 3 young (3072K), 3 survivors (3072K)
 Metaspace       used 62938K, capacity 64459K, committed 64640K, reserved 1105920K
  class space    used 7938K, capacity 8494K, committed 8576K, reserved 1048576K
}
Event: 26.786 GC heap before
{Heap before GC invocations=40 (full 0):
 garbage-first heap   total 101376K, used 75250K [0x0000000080000000, 0x0000000100000000)
  region size 1024K, 27 young (27648K), 3 survivors (3072K)
 Metaspace       used 63569K, capacity 65131K, committed 65280K, reserved 1105920K
  class space    used 8048K, capacity 8631K, committed 8704K, reserved 1048576K
}
Event: 26.801 GC heap after
{Heap after GC invocations=41 (full 0):
 garbage-first heap   total 101376K, used 52585K [0x0000000080000000, 0x0000000100000000)
  region size 1024K, 3 young (3072K), 3 survivors (3072K)
 Metaspace       used 63569K, capacity 65131K, committed 65280K, reserved 1105920K
  class space    used 8048K, capacity 8631K, committed 8704K, reserved 1048576K
}
Event: 28.202 GC heap before
{Heap before GC invocations=42 (full 0):
 garbage-first heap   total 101376K, used 77161K [0x0000000080000000, 0x0000000100000000)
  region size 1024K, 27 young (27648K), 3 survivors (3072K)
 Metaspace       used 66469K, capacity 68034K, committed 68224K, reserved 1107968K
  class space    used 8520K, capacity 9088K, committed 9088K, reserved 1048576K
}
Event: 28.216 GC heap after
{Heap after GC invocations=43 (full 0):
 garbage-first heap   total 121856K, used 53933K [0x0000000080000000, 0x0000000100000000)
  region size 1024K, 2 young (2048K), 2 survivors (2048K)
 Metaspace       used 66469K, capacity 68034K, committed 68224K, reserved 1107968K
  class space    used 8520K, capacity 9088K, committed 9088K, reserved 1048576K
}
Event: 30.384 GC heap before
{Heap before GC invocations=43 (full 0):
 garbage-first heap   total 121856K, used 86701K [0x0000000080000000, 0x0000000100000000)
  region size 1024K, 34 young (34816K), 2 survivors (2048K)
 Metaspace       used 69784K, capacity 71371K, committed 71552K, reserved 1112064K
  class space    used 9017K, capacity 9592K, committed 9600K, reserved 1048576K
}
Event: 30.399 GC heap after
{Heap after GC invocations=44 (full 0):
 garbage-first heap   total 121856K, used 55982K [0x0000000080000000, 0x0000000100000000)
  region size 1024K, 4 young (4096K), 4 survivors (4096K)
 Metaspace       used 69784K, capacity 71371K, committed 71552K, reserved 1112064K
  class space    used 9017K, capacity 9592K, committed 9600K, reserved 1048576K
}
Event: 32.578 GC heap before
{Heap before GC invocations=44 (full 0):
 garbage-first heap   total 121856K, used 89774K [0x0000000080000000, 0x0000000100000000)
  region size 1024K, 37 young (37888K), 4 survivors (4096K)
 Metaspace       used 74276K, capacity 75934K, committed 76160K, reserved 1116160K
  class space    used 9651K, capacity 10289K, committed 10368K, reserved 1048576K
}
Event: 32.597 GC heap after
{Heap after GC invocations=45 (full 0):
 garbage-first heap   total 121856K, used 57918K [0x0000000080000000, 0x0000000100000000)
  region size 1024K, 4 young (4096K), 4 survivors (4096K)
 Metaspace       used 74276K, capacity 75934K, committed 76160K, reserved 1116160K
  class space    used 9651K, capacity 10289K, committed 10368K, reserved 1048576K
}
Event: 34.720 GC heap before
{Heap before GC invocations=45 (full 0):
 garbage-first heap   total 121856K, used 91710K [0x0000000080000000, 0x0000000100000000)
  region size 1024K, 37 young (37888K), 4 survivors (4096K)
 Metaspace       used 76916K, capacity 78639K, committed 78848K, reserved 1118208K
  class space    used 10012K, capacity 10643K, committed 10752K, reserved 1048576K
}
Event: 34.770 GC heap after
{Heap after GC invocations=46 (full 0):
 garbage-first heap   total 121856K, used 60577K [0x0000000080000000, 0x0000000100000000)
  region size 1024K, 5 young (5120K), 5 survivors (5120K)
 Metaspace       used 76916K, capacity 78639K, committed 78848K, reserved 1118208K
  class space    used 10012K, capacity 10643K, committed 10752K, reserved 1048576K
}
Event: 37.847 GC heap before
{Heap before GC invocations=46 (full 0):
 garbage-first heap   total 121856K, used 92321K [0x0000000080000000, 0x0000000100000000)
  region size 1024K, 37 young (37888K), 5 survivors (5120K)
 Metaspace       used 78694K, capacity 80564K, committed 80640K, reserved 1118208K
  class space    used 10261K, capacity 10984K, committed 11008K, reserved 1048576K
}
Event: 37.876 GC heap after
{Heap after GC invocations=47 (full 0):
 garbage-first heap   total 146432K, used 62808K [0x0000000080000000, 0x0000000100000000)
  region size 1024K, 5 young (5120K), 5 survivors (5120K)
 Metaspace       used 78694K, capacity 80564K, committed 80640K, reserved 1118208K
  class space    used 10261K, capacity 10984K, committed 11008K, reserved 1048576K
}
Event: 43.252 GC heap before
{Heap before GC invocations=48 (full 0):
 garbage-first heap   total 146432K, used 104792K [0x0000000080000000, 0x0000000100000000)
  region size 1024K, 47 young (48128K), 5 survivors (5120K)
 Metaspace       used 80593K, capacity 82532K, committed 82688K, reserved 1120256K
  class space    used 10425K, capacity 11159K, committed 11264K, reserved 1048576K
}
Event: 43.297 GC heap after
{Heap after GC invocations=49 (full 0):
 garbage-first heap   total 146432K, used 65369K [0x0000000080000000, 0x0000000100000000)
  region size 1024K, 5 young (5120K), 5 survivors (5120K)
 Metaspace       used 80593K, capacity 82532K, committed 82688K, reserved 1120256K
  class space    used 10425K, capacity 11159K, committed 11264K, reserved 1048576K
}

Deoptimization events (20 events):
Event: 44.657 Thread 0x000001ed31324800 Uncommon trap: trap_request=0xffffffc6 fr.pc=0x000001ed1e733164 relative=0x0000000000000504
Event: 44.657 Thread 0x000001ed31324800 Uncommon trap: reason=bimorphic_or_optimized_type_check action=maybe_recompile pc=0x000001ed1e733164 method=org.apache.xerces.dom.NamedNodeMapImpl.findNamePoint(Ljava/lang/String;I)I @ 50 c2
Event: 44.657 Thread 0x000001ed31324800 DEOPT PACKING pc=0x000001ed1e733164 sp=0x000000c7234f9600
Event: 44.657 Thread 0x000001ed31324800 DEOPT UNPACKING pc=0x000001ed167978af sp=0x000000c7234f9598 mode 2
Event: 44.665 Thread 0x000001ed31324800 Uncommon trap: trap_request=0xffffff4d fr.pc=0x000001ed1e719960 relative=0x00000000000006c0
Event: 44.665 Thread 0x000001ed31324800 Uncommon trap: reason=unstable_if action=reinterpret pc=0x000001ed1e719960 method=org.apache.xerces.impl.XMLEntityScanner.scanLiteral(ILorg/apache/xerces/xni/XMLString;)I @ 606 c2
Event: 44.665 Thread 0x000001ed31324800 DEOPT PACKING pc=0x000001ed1e719960 sp=0x000000c7234f9770
Event: 44.665 Thread 0x000001ed31324800 DEOPT UNPACKING pc=0x000001ed167978af sp=0x000000c7234f96f8 mode 2
Event: 44.665 Thread 0x000001ed31324800 Uncommon trap: trap_request=0xffffff4d fr.pc=0x000001ed1e735974 relative=0x00000000000012b4
Event: 44.665 Thread 0x000001ed31324800 Uncommon trap: reason=unstable_if action=reinterpret pc=0x000001ed1e735974 method=org.apache.xerces.impl.XMLScanner.scanAttributeValue(Lorg/apache/xerces/xni/XMLString;Lorg/apache/xerces/xni/XMLString;Ljava/lang/String;ZLjava/lang/String;)Z @ 642 c2
Event: 44.665 Thread 0x000001ed31324800 DEOPT PACKING pc=0x000001ed1e735974 sp=0x000000c7234f97d0
Event: 44.665 Thread 0x000001ed31324800 DEOPT UNPACKING pc=0x000001ed167978af sp=0x000000c7234f9770 mode 2
Event: 44.970 Thread 0x000001ed31324800 Uncommon trap: trap_request=0xffffff4d fr.pc=0x000001ed1e72b8b4 relative=0x0000000000000d14
Event: 44.970 Thread 0x000001ed31324800 Uncommon trap: reason=unstable_if action=reinterpret pc=0x000001ed1e72b8b4 method=java.lang.Character.isSurrogate(C)Z @ 3 c2
Event: 44.970 Thread 0x000001ed31324800 DEOPT PACKING pc=0x000001ed1e72b8b4 sp=0x000000c7234f9df0
Event: 44.970 Thread 0x000001ed31324800 DEOPT UNPACKING pc=0x000001ed167978af sp=0x000000c7234f9d30 mode 2
Event: 44.970 Thread 0x000001ed31324800 Uncommon trap: trap_request=0xffffff4d fr.pc=0x000001ed1e704c54 relative=0x0000000000000034
Event: 44.970 Thread 0x000001ed31324800 Uncommon trap: reason=unstable_if action=reinterpret pc=0x000001ed1e704c54 method=java.lang.Character.isSurrogate(C)Z @ 3 c2
Event: 44.970 Thread 0x000001ed31324800 DEOPT PACKING pc=0x000001ed1e704c54 sp=0x000000c7234f9d90
Event: 44.970 Thread 0x000001ed31324800 DEOPT UNPACKING pc=0x000001ed167978af sp=0x000000c7234f9d28 mode 2

Classes redefined (0 events):
No events

Internal exceptions (20 events):
Event: 31.950 Thread 0x000001ed2e4c4000 Exception <a 'sun/nio/fs/WindowsException'{0x0000000085dae3a0}> (0x0000000085dae3a0) thrown at [./src/hotspot/share/prims/jni.cpp, line 615]
Event: 31.950 Thread 0x000001ed2e4c4000 Exception <a 'sun/nio/fs/WindowsException'{0x0000000085daf4c0}> (0x0000000085daf4c0) thrown at [./src/hotspot/share/prims/jni.cpp, line 615]
Event: 33.362 Thread 0x000001ed2e4c4000 Implicit null exception at 0x000001ed1e615fdb to 0x000001ed1e61d9fc
Event: 33.409 Thread 0x000001ed2e4c4000 Exception <a 'java/lang/NoSuchMethodError'{0x0000000086705c28}: 'java.lang.Object java.lang.invoke.Invokers$Holder.linkToTargetMethod(java.lang.Object, int, int, java.lang.Object)'> (0x0000000086705c28) thrown at [./src/hotspot/share/interpreter/linkResolver.cpp, line 773]
Event: 34.562 Thread 0x000001ed2d8f2800 Exception <a 'java/lang/NoSuchMethodError'{0x0000000085788e18}: <clinit>> (0x0000000085788e18) thrown at [./src/hotspot/share/prims/jni.cpp, line 1362]
Event: 34.564 Thread 0x000001ed2d8f2800 Exception <a 'java/lang/NoSuchMethodError'{0x00000000857947f8}: <clinit>> (0x00000000857947f8) thrown at [./src/hotspot/share/prims/jni.cpp, line 1362]
Event: 34.620 Thread 0x000001ed2d8f2800 Exception <a 'java/lang/NoSuchMethodError'{0x00000000857a10e0}: <clinit>> (0x00000000857a10e0) thrown at [./src/hotspot/share/prims/jni.cpp, line 1362]
Event: 34.623 Thread 0x000001ed2d8f2800 Exception <a 'java/lang/NoSuchMethodError'{0x00000000857b51d8}: <clinit>> (0x00000000857b51d8) thrown at [./src/hotspot/share/prims/jni.cpp, line 1362]
Event: 34.623 Thread 0x000001ed2d8f2800 Exception <a 'java/lang/NoSuchMethodError'{0x00000000857b6958}: <clinit>> (0x00000000857b6958) thrown at [./src/hotspot/share/prims/jni.cpp, line 1362]
Event: 34.812 Thread 0x000001ed31323800 Exception <a 'java/lang/NoSuchMethodError'{0x00000000875ca388}: <clinit>> (0x00000000875ca388) thrown at [./src/hotspot/share/prims/jni.cpp, line 1362]
Event: 34.816 Thread 0x000001ed31323800 Exception <a 'java/lang/NoSuchMethodError'{0x00000000875de9e0}: <clinit>> (0x00000000875de9e0) thrown at [./src/hotspot/share/prims/jni.cpp, line 1362]
Event: 34.844 Thread 0x000001ed31323800 Exception <a 'java/lang/NoSuchMethodError'{0x00000000875f7eb8}: <clinit>> (0x00000000875f7eb8) thrown at [./src/hotspot/share/prims/jni.cpp, line 1362]
Event: 35.080 Thread 0x000001ed2d8f2800 Exception <a 'java/lang/NoSuchMethodError'{0x00000000873f5540}: <clinit>> (0x00000000873f5540) thrown at [./src/hotspot/share/prims/jni.cpp, line 1362]
Event: 35.330 Thread 0x000001ed31324800 Exception <a 'java/lang/NoSuchMethodError'{0x00000000872ee548}: 'java.lang.Object java.lang.invoke.Invokers$Holder.linkToTargetMethod(java.lang.Object, java.lang.Object, java.lang.Object, int, java.lang.Object, java.lang.Object)'> (0x00000000872ee548) thrown at [./src/hotspot/share/interpreter/linkResolver.cpp, line 773]
Event: 35.354 Thread 0x000001ed31324800 Exception <a 'java/lang/IncompatibleClassChangeError'{0x000000008714ed90}: Found class java.lang.Object, but interface was expected> (0x000000008714ed90) thrown at [./src/hotspot/share/interpreter/linkResolver.cpp, line 839]
Event: 35.441 Thread 0x000001ed31324800 Exception <a 'java/lang/NoSuchMethodError'{0x0000000086f0ec00}: 'int java.lang.invoke.DirectMethodHandle$Holder.invokeStaticInit(java.lang.Object, java.lang.Object, java.lang.Object, java.lang.Object, java.lang.Object)'> (0x0000000086f0ec00) thrown at [./src/hotspot/share/interpreter/linkResolver.cpp, line 773]
Event: 36.626 Thread 0x000001ed31327000 Exception <a 'java/lang/NoSuchMethodError'{0x00000000864425d0}: 'java.lang.Object java.lang.invoke.DirectMethodHandle$Holder.invokeSpecialIFC(java.lang.Object, java.lang.Object, java.lang.Object)'> (0x00000000864425d0) thrown at [./src/hotspot/share/interpreter/linkResolver.cpp, line 773]
Event: 41.802 Thread 0x000001ed31324800 Exception <a 'java/lang/NoSuchMethodError'{0x0000000087173838}: 'void java.lang.invoke.DirectMethodHandle$Holder.invokeVirtual(java.lang.Object, java.lang.Object)'> (0x0000000087173838) thrown at [./src/hotspot/share/interpreter/linkResolver.cpp, line 773]
Event: 44.631 Thread 0x000001ed31324800 Implicit null exception at 0x000001ed1e7434f5 to 0x000001ed1e7438fc
Event: 44.631 Thread 0x000001ed31324800 Implicit null exception at 0x000001ed1e72def4 to 0x000001ed1e72e14c

Events (20 events):
Event: 42.849 loading class com/google/common/collect/Multimaps$AsMap$EntrySet
Event: 42.849 loading class com/google/common/collect/Multimaps$AsMap$EntrySet done
Event: 42.850 loading class com/google/common/collect/Maps$EntrySet
Event: 42.850 loading class com/google/common/collect/Maps$EntrySet done
Event: 42.852 loading class com/google/common/collect/LinkedListMultimap$1KeySetImpl
Event: 42.852 loading class com/google/common/collect/LinkedListMultimap$1KeySetImpl done
Event: 42.853 loading class com/google/common/collect/Multimaps$AsMap$EntrySet$1
Event: 42.853 loading class com/google/common/collect/Multimaps$AsMap$EntrySet$1 done
Event: 42.854 loading class com/google/common/collect/Maps$3
Event: 42.854 loading class com/google/common/collect/Maps$3 done
Event: 42.855 loading class com/google/common/collect/TransformedIterator
Event: 42.855 loading class com/google/common/collect/TransformedIterator done
Event: 42.856 loading class com/google/common/collect/LinkedListMultimap$DistinctKeyIterator
Event: 42.856 loading class com/google/common/collect/LinkedListMultimap$DistinctKeyIterator done
Event: 42.861 loading class com/google/common/collect/LinkedListMultimap$1
Event: 42.861 loading class com/google/common/collect/LinkedListMultimap$1 done
Event: 42.863 loading class com/google/common/collect/LinkedListMultimap$ValueForKeyIterator
Event: 42.863 loading class com/google/common/collect/LinkedListMultimap$ValueForKeyIterator done
Event: 43.252 Executing VM operation: G1CollectForAllocation
Event: 43.297 Executing VM operation: G1CollectForAllocation done


Dynamic libraries:
0x00007ff6907d0000 - 0x00007ff6907da000 	C:\Program Files\Android\Android Studio\jre\bin\java.exe
0x00007ffaafe30000 - 0x00007ffab0025000 	C:\windows\SYSTEM32\ntdll.dll
0x00007ffaade80000 - 0x00007ffaadf3e000 	C:\windows\System32\KERNEL32.DLL
0x00007ffaad6f0000 - 0x00007ffaad9b9000 	C:\windows\System32\KERNELBASE.dll
0x00007ffaada50000 - 0x00007ffaadb50000 	C:\windows\System32\ucrtbase.dll
0x00007ffa971a0000 - 0x00007ffa971b9000 	C:\Program Files\Android\Android Studio\jre\bin\jli.dll
0x00007ffaaf240000 - 0x00007ffaaf3e1000 	C:\windows\System32\USER32.dll
0x00007ffaadd40000 - 0x00007ffaadd62000 	C:\windows\System32\win32u.dll
0x00007ffaafa60000 - 0x00007ffaafa8b000 	C:\windows\System32\GDI32.dll
0x00007ffaadd70000 - 0x00007ffaade7b000 	C:\windows\System32\gdi32full.dll
0x00007ffaad550000 - 0x00007ffaad5ed000 	C:\windows\System32\msvcp_win.dll
0x00007ffa97130000 - 0x00007ffa97147000 	C:\Program Files\Android\Android Studio\jre\bin\VCRUNTIME140.dll
0x00007ffa956d0000 - 0x00007ffa9596a000 	C:\windows\WinSxS\amd64_microsoft.windows.common-controls_6595b64144ccf1df_6.0.19041.1110_none_60b5254171f9507e\COMCTL32.dll
0x00007ffaaf540000 - 0x00007ffaaf5de000 	C:\windows\System32\msvcrt.dll
0x00007ffaaf9c0000 - 0x00007ffaaf9f0000 	C:\windows\System32\IMM32.DLL
0x00007ffa821d0000 - 0x00007ffa8226d000 	C:\Program Files\Android\Android Studio\jre\bin\msvcp140.dll
0x00007ffa73f10000 - 0x00007ffa749df000 	C:\Program Files\Android\Android Studio\jre\bin\server\jvm.dll
0x00007ffaaf190000 - 0x00007ffaaf23c000 	C:\windows\System32\ADVAPI32.dll
0x00007ffaaf3f0000 - 0x00007ffaaf48b000 	C:\windows\System32\sechost.dll
0x00007ffaaf710000 - 0x00007ffaaf83a000 	C:\windows\System32\RPCRT4.dll
0x00007ffaaf000000 - 0x00007ffaaf008000 	C:\windows\System32\PSAPI.DLL
0x00007ffaaabd0000 - 0x00007ffaaabd9000 	C:\windows\SYSTEM32\WSOCK32.dll
0x00007ffaaf9f0000 - 0x00007ffaafa5b000 	C:\windows\System32\WS2_32.dll
0x00007ffaa5500000 - 0x00007ffaa5527000 	C:\windows\SYSTEM32\WINMM.dll
0x00007ffaa5530000 - 0x00007ffaa553a000 	C:\windows\SYSTEM32\VERSION.dll
0x00007ffaab450000 - 0x00007ffaab462000 	C:\windows\SYSTEM32\kernel.appcore.dll
0x00007ffaa6b90000 - 0x00007ffaa6ba1000 	C:\Program Files\Android\Android Studio\jre\bin\verify.dll
0x00007ffa9be00000 - 0x00007ffa9bfe4000 	C:\windows\SYSTEM32\DBGHELP.DLL
0x00007ffa95e90000 - 0x00007ffa95ebc000 	C:\windows\SYSTEM32\dbgcore.DLL
0x00007ffaadcb0000 - 0x00007ffaadd33000 	C:\windows\System32\bcryptPrimitives.dll
0x00007ffa9bbe0000 - 0x00007ffa9bc09000 	C:\Program Files\Android\Android Studio\jre\bin\java.dll
0x00007ffaaabb0000 - 0x00007ffaaabbb000 	C:\Program Files\Android\Android Studio\jre\bin\jimage.dll
0x00007ffaa6ad0000 - 0x00007ffaa6ae8000 	C:\Program Files\Android\Android Studio\jre\bin\zip.dll
0x00007ffaae680000 - 0x00007ffaaedbf000 	C:\windows\System32\SHELL32.dll
0x00007ffaab650000 - 0x00007ffaabde0000 	C:\windows\SYSTEM32\windows.storage.dll
0x00007ffaafa90000 - 0x00007ffaafde5000 	C:\windows\System32\combase.dll
0x00007ffaaced0000 - 0x00007ffaacefc000 	C:\windows\SYSTEM32\Wldp.dll
0x00007ffaaf010000 - 0x00007ffaaf0bd000 	C:\windows\System32\SHCORE.dll
0x00007ffaae620000 - 0x00007ffaae675000 	C:\windows\System32\shlwapi.dll
0x00007ffaad490000 - 0x00007ffaad4af000 	C:\windows\SYSTEM32\profapi.dll
0x00007ffaa5320000 - 0x00007ffaa533a000 	C:\Program Files\Android\Android Studio\jre\bin\net.dll
0x00007ffa98830000 - 0x00007ffa98938000 	C:\windows\SYSTEM32\WINHTTP.dll
0x00007ffaacc30000 - 0x00007ffaacc9a000 	C:\windows\system32\mswsock.dll
0x00007ffa9bbc0000 - 0x00007ffa9bbd4000 	C:\Program Files\Android\Android Studio\jre\bin\nio.dll
0x00007ffa97150000 - 0x00007ffa97177000 	C:\Users\camil\.gradle\native\8bec1ad78214c89d9ad589b4d07fe93259594b29d510b10fafb7a158f7737e5d\windows-amd64\native-platform.dll
0x00007ffa7d840000 - 0x00007ffa7d97d000 	C:\Users\camil\.gradle\native\53dbd7edfb1c66fb8903c78663c9afc45aea4f116125fa6feffd364cf09443e8\windows-amd64\native-platform-file-events.dll
0x00007ffaa6f20000 - 0x00007ffaa6f2a000 	C:\Program Files\Android\Android Studio\jre\bin\management.dll
0x00007ffaa6db0000 - 0x00007ffaa6dbc000 	C:\Program Files\Android\Android Studio\jre\bin\management_ext.dll
0x00007ffaace20000 - 0x00007ffaace38000 	C:\windows\SYSTEM32\CRYPTSP.dll
0x00007ffaac5b0000 - 0x00007ffaac5e4000 	C:\windows\system32\rsaenh.dll
0x00007ffaad9c0000 - 0x00007ffaad9e7000 	C:\windows\System32\bcrypt.dll
0x00007ffaad410000 - 0x00007ffaad43e000 	C:\windows\SYSTEM32\USERENV.dll
0x00007ffaace40000 - 0x00007ffaace4c000 	C:\windows\SYSTEM32\CRYPTBASE.dll
0x00007ffaac920000 - 0x00007ffaac95b000 	C:\windows\SYSTEM32\IPHLPAPI.DLL
0x00007ffaaeea0000 - 0x00007ffaaeea8000 	C:\windows\System32\NSI.dll
0x00007ffaa23e0000 - 0x00007ffaa23f7000 	C:\windows\SYSTEM32\dhcpcsvc6.DLL
0x00007ffaa5070000 - 0x00007ffaa508d000 	C:\windows\SYSTEM32\dhcpcsvc.DLL
0x00007ffaac960000 - 0x00007ffaaca2c000 	C:\windows\SYSTEM32\DNSAPI.dll

dbghelp: loaded successfully - version: 4.0.5 - missing functions: none
symbol engine: initialized successfully - sym options: 0x614 - pdb path: .;C:\Program Files\Android\Android Studio\jre\bin;C:\windows\SYSTEM32;C:\windows\WinSxS\amd64_microsoft.windows.common-controls_6595b64144ccf1df_6.0.19041.1110_none_60b5254171f9507e;C:\Program Files\Android\Android Studio\jre\bin\server;C:\Users\camil\.gradle\native\8bec1ad78214c89d9ad589b4d07fe93259594b29d510b10fafb7a158f7737e5d\windows-amd64;C:\Users\camil\.gradle\native\53dbd7edfb1c66fb8903c78663c9afc45aea4f116125fa6feffd364cf09443e8\windows-amd64

VM Arguments:
jvm_args: --add-opens=java.base/java.util=ALL-UNNAMED --add-opens=java.base/java.lang=ALL-UNNAMED --add-opens=java.base/java.lang.invoke=ALL-UNNAMED --add-opens=java.base/java.util=ALL-UNNAMED --add-opens=java.prefs/java.util.prefs=ALL-UNNAMED --add-opens=java.prefs/java.util.prefs=ALL-UNNAMED --add-opens=java.base/java.nio.charset=ALL-UNNAMED --add-opens=java.base/java.net=ALL-UNNAMED --add-opens=java.base/java.util.concurrent.atomic=ALL-UNNAMED -Xmx2048m -Dfile.encoding=UTF-8 -Duser.country=CO -Duser.language=es -Duser.variant 
java_command: org.gradle.launcher.daemon.bootstrap.GradleDaemon 7.0.2
java_class_path (initial): C:\Users\camil\.gradle\wrapper\dists\gradle-7.0.2-bin\857tjihv64xamwrf0h14cai3r\gradle-7.0.2\lib\gradle-launcher-7.0.2.jar
Launcher Type: SUN_STANDARD

[Global flags]
     intx CICompilerCount                          = 2                                         {product} {ergonomic}
     uint ConcGCThreads                            = 1                                         {product} {ergonomic}
     uint G1ConcRefinementThreads                  = 2                                         {product} {ergonomic}
   size_t G1HeapRegionSize                         = 1048576                                   {product} {ergonomic}
    uintx GCDrainStackTargetSize                   = 64                                        {product} {ergonomic}
   size_t InitialHeapSize                          = 58720256                                  {product} {ergonomic}
   size_t MarkStackSize                            = 4194304                                   {product} {ergonomic}
   size_t MaxHeapSize                              = 2147483648                                {product} {command line}
   size_t MaxNewSize                               = 1287651328                                {product} {ergonomic}
   size_t MinHeapDeltaBytes                        = 1048576                                   {product} {ergonomic}
    uintx NonNMethodCodeHeapSize                   = 5825164                                {pd product} {ergonomic}
    uintx NonProfiledCodeHeapSize                  = 122916538                              {pd product} {ergonomic}
    uintx ProfiledCodeHeapSize                     = 122916538                              {pd product} {ergonomic}
    uintx ReservedCodeCacheSize                    = 251658240                              {pd product} {ergonomic}
     bool SegmentedCodeCache                       = true                                      {product} {ergonomic}
     bool UseCompressedClassPointers               = true                                 {lp64_product} {ergonomic}
     bool UseCompressedOops                        = true                                 {lp64_product} {ergonomic}
     bool UseG1GC                                  = true                                      {product} {ergonomic}
     bool UseLargePagesIndividualAllocation        = false                                  {pd product} {ergonomic}

Logging:
Log output configuration:
 #0: stdout all=warning uptime,level,tags
 #1: stderr all=off uptime,level,tags

Environment Variables:
PATH=C:\Program Files (x86)\Common Files\Oracle\Java\javapath;C:\windows\system32;C:\windows;C:\windows\System32\Wbem;C:\windows\System32\WindowsPowerShell\v1.0\;C:\windows\System32\OpenSSH\;C:\Program Files\Git\cmd;C:\Program Files\Java\jdk1.8.0_301\bin;C:\Program Files\MATLAB\R2021b\bin;C:\Users\camil\AppData\Local\Microsoft\WindowsApps;;C:\altera_lite\16.0\modelsim_ase\win32aloem
USERNAME=camil
OS=Windows_NT
PROCESSOR_IDENTIFIER=AMD64 Family 23 Model 32 Stepping 1, AuthenticAMD



---------------  S Y S T E M  ---------------

OS: Windows 10 , 64 bit Build 19041 (10.0.19041.1202)
OS uptime: 11 days 23:36 hours

CPU:total 2 (initial active 2) (2 cores per cpu, 1 threads per core) family 23 model 32 stepping 1 microcode 0x0, cmov, cx8, fxsr, mmx, sse, sse2, sse3, ssse3, sse4.1, sse4.2, popcnt, avx, avx2, aes, clmul, mmxext, 3dnowpref, lzcnt, sse4a, tsc, tscinvbit, tscinv, bmi1, bmi2, adx, sha, 

Memory: 4k page, system-wide physical 3526M (206M free)
TotalPageFile size 14278M (AvailPageFile size 5M)
current process WorkingSet (physical memory assigned to process): 254M, peak: 260M
current process commit charge ("private bytes"): 388M, peak: 390M

vm_info: OpenJDK 64-Bit Server VM (11.0.10+0-b96-7249189) for windows-amd64 JRE (11.0.10+0-b96-7249189), built on Mar 31 2021 21:44:00 by "builder" with MS VC++ 14.0 (VS2015)

END.
